24-11-20.19:20:44.136 [main            ] INFO  RaffleOrderTest        - Starting RaffleOrderTest using Java 1.8.0_281 on catlap with PID 19732 (started by Cat in D:\IdeaWorkSpace\GagaPlus\big-market\big-market-app)
24-11-20.19:20:44.137 [main            ] INFO  RaffleOrderTest        - The following 1 profile is active: "dev"
24-11-20.19:20:46.177 [main            ] INFO  RepositoryConfigurationDelegate - Multiple Spring Data modules found, entering strict repository configuration mode
24-11-20.19:20:46.183 [main            ] INFO  RepositoryConfigurationDelegate - Bootstrapping Spring Data Redis repositories in DEFAULT mode.
24-11-20.19:20:46.254 [main            ] INFO  RepositoryConfigurationDelegate - Finished Spring Data repository scanning in 38 ms. Found 0 Redis repository interfaces.
24-11-20.19:20:49.817 [main            ] INFO  Version                - Redisson 3.23.4
24-11-20.19:20:50.438 [redisson-netty-2-5] INFO  MasterPubSubConnectionPool - 1 connections initialized for 192.168.136.129/192.168.136.129:6379
24-11-20.19:20:50.462 [redisson-netty-2-13] INFO  MasterConnectionPool   - 5 connections initialized for 192.168.136.129/192.168.136.129:6379
24-11-20.19:20:52.476 [main            ] WARN  GenericWebApplicationContext - Exception encountered during context initialization - cancelling refresh attempt: org.springframework.beans.factory.BeanCreationException: Error creating bean with name 'updateActivitySkuStockJob': Injection of resource dependencies failed; nested exception is org.springframework.beans.factory.UnsatisfiedDependencyException: Error creating bean with name 'raffleActivityService' defined in file [D:\IdeaWorkSpace\GagaPlus\big-market\big-market-domain\target\classes\cn\cat\domain\activity\service\RaffleActivityService.class]: Unsatisfied dependency expressed through constructor parameter 0; nested exception is org.springframework.beans.factory.BeanCreationException: Error creating bean with name 'activityRepository': Injection of resource dependencies failed; nested exception is org.springframework.beans.factory.BeanCreationException: Error creating bean with name 'activitySkuStockZeroMessageEvent': Injection of autowired dependencies failed; nested exception is java.lang.IllegalArgumentException: Could not resolve placeholder 'spring.rabbitmq.topic.activity_sku_stock_zero' in value "${spring.rabbitmq.topic.activity_sku_stock_zero}"
24-11-20.19:20:52.542 [main            ] INFO  ConditionEvaluationReportLoggingListener - 

Error starting ApplicationContext. To display the conditions report re-run your application with 'debug' enabled.
24-11-20.19:20:52.588 [main            ] ERROR SpringApplication      - Application run failed
org.springframework.beans.factory.BeanCreationException: Error creating bean with name 'updateActivitySkuStockJob': Injection of resource dependencies failed; nested exception is org.springframework.beans.factory.UnsatisfiedDependencyException: Error creating bean with name 'raffleActivityService' defined in file [D:\IdeaWorkSpace\GagaPlus\big-market\big-market-domain\target\classes\cn\cat\domain\activity\service\RaffleActivityService.class]: Unsatisfied dependency expressed through constructor parameter 0; nested exception is org.springframework.beans.factory.BeanCreationException: Error creating bean with name 'activityRepository': Injection of resource dependencies failed; nested exception is org.springframework.beans.factory.BeanCreationException: Error creating bean with name 'activitySkuStockZeroMessageEvent': Injection of autowired dependencies failed; nested exception is java.lang.IllegalArgumentException: Could not resolve placeholder 'spring.rabbitmq.topic.activity_sku_stock_zero' in value "${spring.rabbitmq.topic.activity_sku_stock_zero}"
	at org.springframework.context.annotation.CommonAnnotationBeanPostProcessor.postProcessProperties(CommonAnnotationBeanPostProcessor.java:332)
	at org.springframework.beans.factory.support.AbstractAutowireCapableBeanFactory.populateBean(AbstractAutowireCapableBeanFactory.java:1431)
	at org.springframework.beans.factory.support.AbstractAutowireCapableBeanFactory.doCreateBean(AbstractAutowireCapableBeanFactory.java:619)
	at org.springframework.beans.factory.support.AbstractAutowireCapableBeanFactory.createBean(AbstractAutowireCapableBeanFactory.java:542)
	at org.springframework.beans.factory.support.AbstractBeanFactory.lambda$doGetBean$0(AbstractBeanFactory.java:335)
	at org.springframework.beans.factory.support.DefaultSingletonBeanRegistry.getSingleton(DefaultSingletonBeanRegistry.java:234)
	at org.springframework.beans.factory.support.AbstractBeanFactory.doGetBean(AbstractBeanFactory.java:333)
	at org.springframework.beans.factory.support.AbstractBeanFactory.getBean(AbstractBeanFactory.java:208)
	at org.springframework.beans.factory.support.DefaultListableBeanFactory.preInstantiateSingletons(DefaultListableBeanFactory.java:955)
	at org.springframework.context.support.AbstractApplicationContext.finishBeanFactoryInitialization(AbstractApplicationContext.java:920)
	at org.springframework.context.support.AbstractApplicationContext.refresh(AbstractApplicationContext.java:583)
	at org.springframework.boot.SpringApplication.refresh(SpringApplication.java:731)
	at org.springframework.boot.SpringApplication.refreshContext(SpringApplication.java:408)
	at org.springframework.boot.SpringApplication.run(SpringApplication.java:307)
	at org.springframework.boot.test.context.SpringBootContextLoader.loadContext(SpringBootContextLoader.java:136)
	at org.springframework.test.context.cache.DefaultCacheAwareContextLoaderDelegate.loadContextInternal(DefaultCacheAwareContextLoaderDelegate.java:141)
	at org.springframework.test.context.cache.DefaultCacheAwareContextLoaderDelegate.loadContext(DefaultCacheAwareContextLoaderDelegate.java:90)
	at org.springframework.test.context.support.DefaultTestContext.getApplicationContext(DefaultTestContext.java:124)
	at org.springframework.test.context.web.ServletTestExecutionListener.setUpRequestContextIfNecessary(ServletTestExecutionListener.java:190)
	at org.springframework.test.context.web.ServletTestExecutionListener.prepareTestInstance(ServletTestExecutionListener.java:132)
	at org.springframework.test.context.TestContextManager.prepareTestInstance(TestContextManager.java:248)
	at org.springframework.test.context.junit4.SpringJUnit4ClassRunner.createTest(SpringJUnit4ClassRunner.java:227)
	at org.springframework.test.context.junit4.SpringJUnit4ClassRunner$1.runReflectiveCall(SpringJUnit4ClassRunner.java:289)
	at org.junit.internal.runners.model.ReflectiveCallable.run(ReflectiveCallable.java:12)
	at org.springframework.test.context.junit4.SpringJUnit4ClassRunner.methodBlock(SpringJUnit4ClassRunner.java:291)
	at org.springframework.test.context.junit4.SpringJUnit4ClassRunner.runChild(SpringJUnit4ClassRunner.java:246)
	at org.springframework.test.context.junit4.SpringJUnit4ClassRunner.runChild(SpringJUnit4ClassRunner.java:97)
	at org.junit.runners.ParentRunner$4.run(ParentRunner.java:331)
	at org.junit.runners.ParentRunner$1.schedule(ParentRunner.java:79)
	at org.junit.runners.ParentRunner.runChildren(ParentRunner.java:329)
	at org.junit.runners.ParentRunner.access$100(ParentRunner.java:66)
	at org.junit.runners.ParentRunner$2.evaluate(ParentRunner.java:293)
	at org.springframework.test.context.junit4.statements.RunBeforeTestClassCallbacks.evaluate(RunBeforeTestClassCallbacks.java:61)
	at org.springframework.test.context.junit4.statements.RunAfterTestClassCallbacks.evaluate(RunAfterTestClassCallbacks.java:70)
	at org.junit.runners.ParentRunner$3.evaluate(ParentRunner.java:306)
	at org.junit.runners.ParentRunner.run(ParentRunner.java:413)
	at org.springframework.test.context.junit4.SpringJUnit4ClassRunner.run(SpringJUnit4ClassRunner.java:190)
	at org.junit.runner.JUnitCore.run(JUnitCore.java:137)
	at com.intellij.junit4.JUnit4IdeaTestRunner.startRunnerWithArgs(JUnit4IdeaTestRunner.java:69)
	at com.intellij.rt.junit.IdeaTestRunner$Repeater$1.execute(IdeaTestRunner.java:38)
	at com.intellij.rt.execution.junit.TestsRepeater.repeat(TestsRepeater.java:11)
	at com.intellij.rt.junit.IdeaTestRunner$Repeater.startRunnerWithArgs(IdeaTestRunner.java:35)
	at com.intellij.rt.junit.JUnitStarter.prepareStreamsAndStart(JUnitStarter.java:232)
	at com.intellij.rt.junit.JUnitStarter.main(JUnitStarter.java:55)
Caused by: org.springframework.beans.factory.UnsatisfiedDependencyException: Error creating bean with name 'raffleActivityService' defined in file [D:\IdeaWorkSpace\GagaPlus\big-market\big-market-domain\target\classes\cn\cat\domain\activity\service\RaffleActivityService.class]: Unsatisfied dependency expressed through constructor parameter 0; nested exception is org.springframework.beans.factory.BeanCreationException: Error creating bean with name 'activityRepository': Injection of resource dependencies failed; nested exception is org.springframework.beans.factory.BeanCreationException: Error creating bean with name 'activitySkuStockZeroMessageEvent': Injection of autowired dependencies failed; nested exception is java.lang.IllegalArgumentException: Could not resolve placeholder 'spring.rabbitmq.topic.activity_sku_stock_zero' in value "${spring.rabbitmq.topic.activity_sku_stock_zero}"
	at org.springframework.beans.factory.support.ConstructorResolver.createArgumentArray(ConstructorResolver.java:800)
	at org.springframework.beans.factory.support.ConstructorResolver.autowireConstructor(ConstructorResolver.java:229)
	at org.springframework.beans.factory.support.AbstractAutowireCapableBeanFactory.autowireConstructor(AbstractAutowireCapableBeanFactory.java:1372)
	at org.springframework.beans.factory.support.AbstractAutowireCapableBeanFactory.createBeanInstance(AbstractAutowireCapableBeanFactory.java:1222)
	at org.springframework.beans.factory.support.AbstractAutowireCapableBeanFactory.doCreateBean(AbstractAutowireCapableBeanFactory.java:582)
	at org.springframework.beans.factory.support.AbstractAutowireCapableBeanFactory.createBean(AbstractAutowireCapableBeanFactory.java:542)
	at org.springframework.beans.factory.support.AbstractBeanFactory.lambda$doGetBean$0(AbstractBeanFactory.java:335)
	at org.springframework.beans.factory.support.DefaultSingletonBeanRegistry.getSingleton(DefaultSingletonBeanRegistry.java:234)
	at org.springframework.beans.factory.support.AbstractBeanFactory.doGetBean(AbstractBeanFactory.java:333)
	at org.springframework.beans.factory.support.AbstractBeanFactory.getBean(AbstractBeanFactory.java:208)
	at org.springframework.beans.factory.config.DependencyDescriptor.resolveCandidate(DependencyDescriptor.java:276)
	at org.springframework.beans.factory.support.DefaultListableBeanFactory.doResolveDependency(DefaultListableBeanFactory.java:1391)
	at org.springframework.beans.factory.support.DefaultListableBeanFactory.resolveDependency(DefaultListableBeanFactory.java:1311)
	at org.springframework.context.annotation.CommonAnnotationBeanPostProcessor.autowireResource(CommonAnnotationBeanPostProcessor.java:544)
	at org.springframework.context.annotation.CommonAnnotationBeanPostProcessor.getResource(CommonAnnotationBeanPostProcessor.java:520)
	at org.springframework.context.annotation.CommonAnnotationBeanPostProcessor$ResourceElement.getResourceToInject(CommonAnnotationBeanPostProcessor.java:673)
	at org.springframework.beans.factory.annotation.InjectionMetadata$InjectedElement.inject(InjectionMetadata.java:228)
	at org.springframework.beans.factory.annotation.InjectionMetadata.inject(InjectionMetadata.java:119)
	at org.springframework.context.annotation.CommonAnnotationBeanPostProcessor.postProcessProperties(CommonAnnotationBeanPostProcessor.java:329)
	... 43 common frames omitted
Caused by: org.springframework.beans.factory.BeanCreationException: Error creating bean with name 'activityRepository': Injection of resource dependencies failed; nested exception is org.springframework.beans.factory.BeanCreationException: Error creating bean with name 'activitySkuStockZeroMessageEvent': Injection of autowired dependencies failed; nested exception is java.lang.IllegalArgumentException: Could not resolve placeholder 'spring.rabbitmq.topic.activity_sku_stock_zero' in value "${spring.rabbitmq.topic.activity_sku_stock_zero}"
	at org.springframework.context.annotation.CommonAnnotationBeanPostProcessor.postProcessProperties(CommonAnnotationBeanPostProcessor.java:332)
	at org.springframework.beans.factory.support.AbstractAutowireCapableBeanFactory.populateBean(AbstractAutowireCapableBeanFactory.java:1431)
	at org.springframework.beans.factory.support.AbstractAutowireCapableBeanFactory.doCreateBean(AbstractAutowireCapableBeanFactory.java:619)
	at org.springframework.beans.factory.support.AbstractAutowireCapableBeanFactory.createBean(AbstractAutowireCapableBeanFactory.java:542)
	at org.springframework.beans.factory.support.AbstractBeanFactory.lambda$doGetBean$0(AbstractBeanFactory.java:335)
	at org.springframework.beans.factory.support.DefaultSingletonBeanRegistry.getSingleton(DefaultSingletonBeanRegistry.java:234)
	at org.springframework.beans.factory.support.AbstractBeanFactory.doGetBean(AbstractBeanFactory.java:333)
	at org.springframework.beans.factory.support.AbstractBeanFactory.getBean(AbstractBeanFactory.java:208)
	at org.springframework.beans.factory.config.DependencyDescriptor.resolveCandidate(DependencyDescriptor.java:276)
	at org.springframework.beans.factory.support.DefaultListableBeanFactory.doResolveDependency(DefaultListableBeanFactory.java:1391)
	at org.springframework.beans.factory.support.DefaultListableBeanFactory.resolveDependency(DefaultListableBeanFactory.java:1311)
	at org.springframework.beans.factory.support.ConstructorResolver.resolveAutowiredArgument(ConstructorResolver.java:887)
	at org.springframework.beans.factory.support.ConstructorResolver.createArgumentArray(ConstructorResolver.java:791)
	... 61 common frames omitted
Caused by: org.springframework.beans.factory.BeanCreationException: Error creating bean with name 'activitySkuStockZeroMessageEvent': Injection of autowired dependencies failed; nested exception is java.lang.IllegalArgumentException: Could not resolve placeholder 'spring.rabbitmq.topic.activity_sku_stock_zero' in value "${spring.rabbitmq.topic.activity_sku_stock_zero}"
	at org.springframework.beans.factory.annotation.AutowiredAnnotationBeanPostProcessor.postProcessProperties(AutowiredAnnotationBeanPostProcessor.java:405)
	at org.springframework.beans.factory.support.AbstractAutowireCapableBeanFactory.populateBean(AbstractAutowireCapableBeanFactory.java:1431)
	at org.springframework.beans.factory.support.AbstractAutowireCapableBeanFactory.doCreateBean(AbstractAutowireCapableBeanFactory.java:619)
	at org.springframework.beans.factory.support.AbstractAutowireCapableBeanFactory.createBean(AbstractAutowireCapableBeanFactory.java:542)
	at org.springframework.beans.factory.support.AbstractBeanFactory.lambda$doGetBean$0(AbstractBeanFactory.java:335)
	at org.springframework.beans.factory.support.DefaultSingletonBeanRegistry.getSingleton(DefaultSingletonBeanRegistry.java:234)
	at org.springframework.beans.factory.support.AbstractBeanFactory.doGetBean(AbstractBeanFactory.java:333)
	at org.springframework.beans.factory.support.AbstractBeanFactory.getBean(AbstractBeanFactory.java:213)
	at org.springframework.beans.factory.support.AbstractAutowireCapableBeanFactory.resolveBeanByName(AbstractAutowireCapableBeanFactory.java:479)
	at org.springframework.context.annotation.CommonAnnotationBeanPostProcessor.autowireResource(CommonAnnotationBeanPostProcessor.java:550)
	at org.springframework.context.annotation.CommonAnnotationBeanPostProcessor.getResource(CommonAnnotationBeanPostProcessor.java:520)
	at org.springframework.context.annotation.CommonAnnotationBeanPostProcessor$ResourceElement.getResourceToInject(CommonAnnotationBeanPostProcessor.java:673)
	at org.springframework.beans.factory.annotation.InjectionMetadata$InjectedElement.inject(InjectionMetadata.java:228)
	at org.springframework.beans.factory.annotation.InjectionMetadata.inject(InjectionMetadata.java:119)
	at org.springframework.context.annotation.CommonAnnotationBeanPostProcessor.postProcessProperties(CommonAnnotationBeanPostProcessor.java:329)
	... 73 common frames omitted
Caused by: java.lang.IllegalArgumentException: Could not resolve placeholder 'spring.rabbitmq.topic.activity_sku_stock_zero' in value "${spring.rabbitmq.topic.activity_sku_stock_zero}"
	at org.springframework.util.PropertyPlaceholderHelper.parseStringValue(PropertyPlaceholderHelper.java:180)
	at org.springframework.util.PropertyPlaceholderHelper.replacePlaceholders(PropertyPlaceholderHelper.java:126)
	at org.springframework.core.env.AbstractPropertyResolver.doResolvePlaceholders(AbstractPropertyResolver.java:239)
	at org.springframework.core.env.AbstractPropertyResolver.resolveRequiredPlaceholders(AbstractPropertyResolver.java:210)
	at org.springframework.context.support.PropertySourcesPlaceholderConfigurer.lambda$processProperties$0(PropertySourcesPlaceholderConfigurer.java:191)
	at org.springframework.beans.factory.support.AbstractBeanFactory.resolveEmbeddedValue(AbstractBeanFactory.java:936)
	at org.springframework.beans.factory.support.DefaultListableBeanFactory.doResolveDependency(DefaultListableBeanFactory.java:1332)
	at org.springframework.beans.factory.support.DefaultListableBeanFactory.resolveDependency(DefaultListableBeanFactory.java:1311)
	at org.springframework.beans.factory.annotation.AutowiredAnnotationBeanPostProcessor$AutowiredFieldElement.resolveFieldValue(AutowiredAnnotationBeanPostProcessor.java:657)
	at org.springframework.beans.factory.annotation.AutowiredAnnotationBeanPostProcessor$AutowiredFieldElement.inject(AutowiredAnnotationBeanPostProcessor.java:640)
	at org.springframework.beans.factory.annotation.InjectionMetadata.inject(InjectionMetadata.java:119)
	at org.springframework.beans.factory.annotation.AutowiredAnnotationBeanPostProcessor.postProcessProperties(AutowiredAnnotationBeanPostProcessor.java:399)
	... 87 common frames omitted
24-11-20.19:20:52.593 [main            ] ERROR TestContextManager     - Caught exception while allowing TestExecutionListener [org.springframework.test.context.web.ServletTestExecutionListener@10d68fcd] to prepare test instance [cn.cat.test.domain.activity.RaffleOrderTest@38054d01]
java.lang.IllegalStateException: Failed to load ApplicationContext
	at org.springframework.test.context.cache.DefaultCacheAwareContextLoaderDelegate.loadContext(DefaultCacheAwareContextLoaderDelegate.java:98)
	at org.springframework.test.context.support.DefaultTestContext.getApplicationContext(DefaultTestContext.java:124)
	at org.springframework.test.context.web.ServletTestExecutionListener.setUpRequestContextIfNecessary(ServletTestExecutionListener.java:190)
	at org.springframework.test.context.web.ServletTestExecutionListener.prepareTestInstance(ServletTestExecutionListener.java:132)
	at org.springframework.test.context.TestContextManager.prepareTestInstance(TestContextManager.java:248)
	at org.springframework.test.context.junit4.SpringJUnit4ClassRunner.createTest(SpringJUnit4ClassRunner.java:227)
	at org.springframework.test.context.junit4.SpringJUnit4ClassRunner$1.runReflectiveCall(SpringJUnit4ClassRunner.java:289)
	at org.junit.internal.runners.model.ReflectiveCallable.run(ReflectiveCallable.java:12)
	at org.springframework.test.context.junit4.SpringJUnit4ClassRunner.methodBlock(SpringJUnit4ClassRunner.java:291)
	at org.springframework.test.context.junit4.SpringJUnit4ClassRunner.runChild(SpringJUnit4ClassRunner.java:246)
	at org.springframework.test.context.junit4.SpringJUnit4ClassRunner.runChild(SpringJUnit4ClassRunner.java:97)
	at org.junit.runners.ParentRunner$4.run(ParentRunner.java:331)
	at org.junit.runners.ParentRunner$1.schedule(ParentRunner.java:79)
	at org.junit.runners.ParentRunner.runChildren(ParentRunner.java:329)
	at org.junit.runners.ParentRunner.access$100(ParentRunner.java:66)
	at org.junit.runners.ParentRunner$2.evaluate(ParentRunner.java:293)
	at org.springframework.test.context.junit4.statements.RunBeforeTestClassCallbacks.evaluate(RunBeforeTestClassCallbacks.java:61)
	at org.springframework.test.context.junit4.statements.RunAfterTestClassCallbacks.evaluate(RunAfterTestClassCallbacks.java:70)
	at org.junit.runners.ParentRunner$3.evaluate(ParentRunner.java:306)
	at org.junit.runners.ParentRunner.run(ParentRunner.java:413)
	at org.springframework.test.context.junit4.SpringJUnit4ClassRunner.run(SpringJUnit4ClassRunner.java:190)
	at org.junit.runner.JUnitCore.run(JUnitCore.java:137)
	at com.intellij.junit4.JUnit4IdeaTestRunner.startRunnerWithArgs(JUnit4IdeaTestRunner.java:69)
	at com.intellij.rt.junit.IdeaTestRunner$Repeater$1.execute(IdeaTestRunner.java:38)
	at com.intellij.rt.execution.junit.TestsRepeater.repeat(TestsRepeater.java:11)
	at com.intellij.rt.junit.IdeaTestRunner$Repeater.startRunnerWithArgs(IdeaTestRunner.java:35)
	at com.intellij.rt.junit.JUnitStarter.prepareStreamsAndStart(JUnitStarter.java:232)
	at com.intellij.rt.junit.JUnitStarter.main(JUnitStarter.java:55)
Caused by: org.springframework.beans.factory.BeanCreationException: Error creating bean with name 'updateActivitySkuStockJob': Injection of resource dependencies failed; nested exception is org.springframework.beans.factory.UnsatisfiedDependencyException: Error creating bean with name 'raffleActivityService' defined in file [D:\IdeaWorkSpace\GagaPlus\big-market\big-market-domain\target\classes\cn\cat\domain\activity\service\RaffleActivityService.class]: Unsatisfied dependency expressed through constructor parameter 0; nested exception is org.springframework.beans.factory.BeanCreationException: Error creating bean with name 'activityRepository': Injection of resource dependencies failed; nested exception is org.springframework.beans.factory.BeanCreationException: Error creating bean with name 'activitySkuStockZeroMessageEvent': Injection of autowired dependencies failed; nested exception is java.lang.IllegalArgumentException: Could not resolve placeholder 'spring.rabbitmq.topic.activity_sku_stock_zero' in value "${spring.rabbitmq.topic.activity_sku_stock_zero}"
	at org.springframework.context.annotation.CommonAnnotationBeanPostProcessor.postProcessProperties(CommonAnnotationBeanPostProcessor.java:332)
	at org.springframework.beans.factory.support.AbstractAutowireCapableBeanFactory.populateBean(AbstractAutowireCapableBeanFactory.java:1431)
	at org.springframework.beans.factory.support.AbstractAutowireCapableBeanFactory.doCreateBean(AbstractAutowireCapableBeanFactory.java:619)
	at org.springframework.beans.factory.support.AbstractAutowireCapableBeanFactory.createBean(AbstractAutowireCapableBeanFactory.java:542)
	at org.springframework.beans.factory.support.AbstractBeanFactory.lambda$doGetBean$0(AbstractBeanFactory.java:335)
	at org.springframework.beans.factory.support.DefaultSingletonBeanRegistry.getSingleton(DefaultSingletonBeanRegistry.java:234)
	at org.springframework.beans.factory.support.AbstractBeanFactory.doGetBean(AbstractBeanFactory.java:333)
	at org.springframework.beans.factory.support.AbstractBeanFactory.getBean(AbstractBeanFactory.java:208)
	at org.springframework.beans.factory.support.DefaultListableBeanFactory.preInstantiateSingletons(DefaultListableBeanFactory.java:955)
	at org.springframework.context.support.AbstractApplicationContext.finishBeanFactoryInitialization(AbstractApplicationContext.java:920)
	at org.springframework.context.support.AbstractApplicationContext.refresh(AbstractApplicationContext.java:583)
	at org.springframework.boot.SpringApplication.refresh(SpringApplication.java:731)
	at org.springframework.boot.SpringApplication.refreshContext(SpringApplication.java:408)
	at org.springframework.boot.SpringApplication.run(SpringApplication.java:307)
	at org.springframework.boot.test.context.SpringBootContextLoader.loadContext(SpringBootContextLoader.java:136)
	at org.springframework.test.context.cache.DefaultCacheAwareContextLoaderDelegate.loadContextInternal(DefaultCacheAwareContextLoaderDelegate.java:141)
	at org.springframework.test.context.cache.DefaultCacheAwareContextLoaderDelegate.loadContext(DefaultCacheAwareContextLoaderDelegate.java:90)
	... 27 common frames omitted
Caused by: org.springframework.beans.factory.UnsatisfiedDependencyException: Error creating bean with name 'raffleActivityService' defined in file [D:\IdeaWorkSpace\GagaPlus\big-market\big-market-domain\target\classes\cn\cat\domain\activity\service\RaffleActivityService.class]: Unsatisfied dependency expressed through constructor parameter 0; nested exception is org.springframework.beans.factory.BeanCreationException: Error creating bean with name 'activityRepository': Injection of resource dependencies failed; nested exception is org.springframework.beans.factory.BeanCreationException: Error creating bean with name 'activitySkuStockZeroMessageEvent': Injection of autowired dependencies failed; nested exception is java.lang.IllegalArgumentException: Could not resolve placeholder 'spring.rabbitmq.topic.activity_sku_stock_zero' in value "${spring.rabbitmq.topic.activity_sku_stock_zero}"
	at org.springframework.beans.factory.support.ConstructorResolver.createArgumentArray(ConstructorResolver.java:800)
	at org.springframework.beans.factory.support.ConstructorResolver.autowireConstructor(ConstructorResolver.java:229)
	at org.springframework.beans.factory.support.AbstractAutowireCapableBeanFactory.autowireConstructor(AbstractAutowireCapableBeanFactory.java:1372)
	at org.springframework.beans.factory.support.AbstractAutowireCapableBeanFactory.createBeanInstance(AbstractAutowireCapableBeanFactory.java:1222)
	at org.springframework.beans.factory.support.AbstractAutowireCapableBeanFactory.doCreateBean(AbstractAutowireCapableBeanFactory.java:582)
	at org.springframework.beans.factory.support.AbstractAutowireCapableBeanFactory.createBean(AbstractAutowireCapableBeanFactory.java:542)
	at org.springframework.beans.factory.support.AbstractBeanFactory.lambda$doGetBean$0(AbstractBeanFactory.java:335)
	at org.springframework.beans.factory.support.DefaultSingletonBeanRegistry.getSingleton(DefaultSingletonBeanRegistry.java:234)
	at org.springframework.beans.factory.support.AbstractBeanFactory.doGetBean(AbstractBeanFactory.java:333)
	at org.springframework.beans.factory.support.AbstractBeanFactory.getBean(AbstractBeanFactory.java:208)
	at org.springframework.beans.factory.config.DependencyDescriptor.resolveCandidate(DependencyDescriptor.java:276)
	at org.springframework.beans.factory.support.DefaultListableBeanFactory.doResolveDependency(DefaultListableBeanFactory.java:1391)
	at org.springframework.beans.factory.support.DefaultListableBeanFactory.resolveDependency(DefaultListableBeanFactory.java:1311)
	at org.springframework.context.annotation.CommonAnnotationBeanPostProcessor.autowireResource(CommonAnnotationBeanPostProcessor.java:544)
	at org.springframework.context.annotation.CommonAnnotationBeanPostProcessor.getResource(CommonAnnotationBeanPostProcessor.java:520)
	at org.springframework.context.annotation.CommonAnnotationBeanPostProcessor$ResourceElement.getResourceToInject(CommonAnnotationBeanPostProcessor.java:673)
	at org.springframework.beans.factory.annotation.InjectionMetadata$InjectedElement.inject(InjectionMetadata.java:228)
	at org.springframework.beans.factory.annotation.InjectionMetadata.inject(InjectionMetadata.java:119)
	at org.springframework.context.annotation.CommonAnnotationBeanPostProcessor.postProcessProperties(CommonAnnotationBeanPostProcessor.java:329)
	... 43 common frames omitted
Caused by: org.springframework.beans.factory.BeanCreationException: Error creating bean with name 'activityRepository': Injection of resource dependencies failed; nested exception is org.springframework.beans.factory.BeanCreationException: Error creating bean with name 'activitySkuStockZeroMessageEvent': Injection of autowired dependencies failed; nested exception is java.lang.IllegalArgumentException: Could not resolve placeholder 'spring.rabbitmq.topic.activity_sku_stock_zero' in value "${spring.rabbitmq.topic.activity_sku_stock_zero}"
	at org.springframework.context.annotation.CommonAnnotationBeanPostProcessor.postProcessProperties(CommonAnnotationBeanPostProcessor.java:332)
	at org.springframework.beans.factory.support.AbstractAutowireCapableBeanFactory.populateBean(AbstractAutowireCapableBeanFactory.java:1431)
	at org.springframework.beans.factory.support.AbstractAutowireCapableBeanFactory.doCreateBean(AbstractAutowireCapableBeanFactory.java:619)
	at org.springframework.beans.factory.support.AbstractAutowireCapableBeanFactory.createBean(AbstractAutowireCapableBeanFactory.java:542)
	at org.springframework.beans.factory.support.AbstractBeanFactory.lambda$doGetBean$0(AbstractBeanFactory.java:335)
	at org.springframework.beans.factory.support.DefaultSingletonBeanRegistry.getSingleton(DefaultSingletonBeanRegistry.java:234)
	at org.springframework.beans.factory.support.AbstractBeanFactory.doGetBean(AbstractBeanFactory.java:333)
	at org.springframework.beans.factory.support.AbstractBeanFactory.getBean(AbstractBeanFactory.java:208)
	at org.springframework.beans.factory.config.DependencyDescriptor.resolveCandidate(DependencyDescriptor.java:276)
	at org.springframework.beans.factory.support.DefaultListableBeanFactory.doResolveDependency(DefaultListableBeanFactory.java:1391)
	at org.springframework.beans.factory.support.DefaultListableBeanFactory.resolveDependency(DefaultListableBeanFactory.java:1311)
	at org.springframework.beans.factory.support.ConstructorResolver.resolveAutowiredArgument(ConstructorResolver.java:887)
	at org.springframework.beans.factory.support.ConstructorResolver.createArgumentArray(ConstructorResolver.java:791)
	... 61 common frames omitted
Caused by: org.springframework.beans.factory.BeanCreationException: Error creating bean with name 'activitySkuStockZeroMessageEvent': Injection of autowired dependencies failed; nested exception is java.lang.IllegalArgumentException: Could not resolve placeholder 'spring.rabbitmq.topic.activity_sku_stock_zero' in value "${spring.rabbitmq.topic.activity_sku_stock_zero}"
	at org.springframework.beans.factory.annotation.AutowiredAnnotationBeanPostProcessor.postProcessProperties(AutowiredAnnotationBeanPostProcessor.java:405)
	at org.springframework.beans.factory.support.AbstractAutowireCapableBeanFactory.populateBean(AbstractAutowireCapableBeanFactory.java:1431)
	at org.springframework.beans.factory.support.AbstractAutowireCapableBeanFactory.doCreateBean(AbstractAutowireCapableBeanFactory.java:619)
	at org.springframework.beans.factory.support.AbstractAutowireCapableBeanFactory.createBean(AbstractAutowireCapableBeanFactory.java:542)
	at org.springframework.beans.factory.support.AbstractBeanFactory.lambda$doGetBean$0(AbstractBeanFactory.java:335)
	at org.springframework.beans.factory.support.DefaultSingletonBeanRegistry.getSingleton(DefaultSingletonBeanRegistry.java:234)
	at org.springframework.beans.factory.support.AbstractBeanFactory.doGetBean(AbstractBeanFactory.java:333)
	at org.springframework.beans.factory.support.AbstractBeanFactory.getBean(AbstractBeanFactory.java:213)
	at org.springframework.beans.factory.support.AbstractAutowireCapableBeanFactory.resolveBeanByName(AbstractAutowireCapableBeanFactory.java:479)
	at org.springframework.context.annotation.CommonAnnotationBeanPostProcessor.autowireResource(CommonAnnotationBeanPostProcessor.java:550)
	at org.springframework.context.annotation.CommonAnnotationBeanPostProcessor.getResource(CommonAnnotationBeanPostProcessor.java:520)
	at org.springframework.context.annotation.CommonAnnotationBeanPostProcessor$ResourceElement.getResourceToInject(CommonAnnotationBeanPostProcessor.java:673)
	at org.springframework.beans.factory.annotation.InjectionMetadata$InjectedElement.inject(InjectionMetadata.java:228)
	at org.springframework.beans.factory.annotation.InjectionMetadata.inject(InjectionMetadata.java:119)
	at org.springframework.context.annotation.CommonAnnotationBeanPostProcessor.postProcessProperties(CommonAnnotationBeanPostProcessor.java:329)
	... 73 common frames omitted
Caused by: java.lang.IllegalArgumentException: Could not resolve placeholder 'spring.rabbitmq.topic.activity_sku_stock_zero' in value "${spring.rabbitmq.topic.activity_sku_stock_zero}"
	at org.springframework.util.PropertyPlaceholderHelper.parseStringValue(PropertyPlaceholderHelper.java:180)
	at org.springframework.util.PropertyPlaceholderHelper.replacePlaceholders(PropertyPlaceholderHelper.java:126)
	at org.springframework.core.env.AbstractPropertyResolver.doResolvePlaceholders(AbstractPropertyResolver.java:239)
	at org.springframework.core.env.AbstractPropertyResolver.resolveRequiredPlaceholders(AbstractPropertyResolver.java:210)
	at org.springframework.context.support.PropertySourcesPlaceholderConfigurer.lambda$processProperties$0(PropertySourcesPlaceholderConfigurer.java:191)
	at org.springframework.beans.factory.support.AbstractBeanFactory.resolveEmbeddedValue(AbstractBeanFactory.java:936)
	at org.springframework.beans.factory.support.DefaultListableBeanFactory.doResolveDependency(DefaultListableBeanFactory.java:1332)
	at org.springframework.beans.factory.support.DefaultListableBeanFactory.resolveDependency(DefaultListableBeanFactory.java:1311)
	at org.springframework.beans.factory.annotation.AutowiredAnnotationBeanPostProcessor$AutowiredFieldElement.resolveFieldValue(AutowiredAnnotationBeanPostProcessor.java:657)
	at org.springframework.beans.factory.annotation.AutowiredAnnotationBeanPostProcessor$AutowiredFieldElement.inject(AutowiredAnnotationBeanPostProcessor.java:640)
	at org.springframework.beans.factory.annotation.InjectionMetadata.inject(InjectionMetadata.java:119)
	at org.springframework.beans.factory.annotation.AutowiredAnnotationBeanPostProcessor.postProcessProperties(AutowiredAnnotationBeanPostProcessor.java:399)
	... 87 common frames omitted
24-11-20.19:27:53.161 [main            ] INFO  RaffleOrderTest        - Starting RaffleOrderTest using Java 1.8.0_281 on catlap with PID 17116 (started by Cat in D:\IdeaWorkSpace\GagaPlus\big-market\big-market-app)
24-11-20.19:27:53.163 [main            ] INFO  RaffleOrderTest        - The following 1 profile is active: "dev"
24-11-20.19:27:54.730 [main            ] INFO  RepositoryConfigurationDelegate - Multiple Spring Data modules found, entering strict repository configuration mode
24-11-20.19:27:54.734 [main            ] INFO  RepositoryConfigurationDelegate - Bootstrapping Spring Data Redis repositories in DEFAULT mode.
24-11-20.19:27:54.791 [main            ] INFO  RepositoryConfigurationDelegate - Finished Spring Data repository scanning in 29 ms. Found 0 Redis repository interfaces.
24-11-20.19:27:57.772 [main            ] INFO  Version                - Redisson 3.23.4
24-11-20.19:27:58.551 [redisson-netty-2-4] INFO  MasterPubSubConnectionPool - 1 connections initialized for 192.168.136.129/192.168.136.129:6379
24-11-20.19:27:58.577 [redisson-netty-2-13] INFO  MasterConnectionPool   - 5 connections initialized for 192.168.136.129/192.168.136.129:6379
24-11-20.19:28:00.670 [main            ] INFO  XxlJobAutoConfig       - >>>>>>>>>>> xxl-job config init.
24-11-20.19:28:04.638 [main            ] INFO  EndpointLinksResolver  - Exposing 1 endpoint(s) beneath base path '/actuator'
24-11-20.19:28:04.714 [main            ] INFO  XxlJobExecutor         - >>>>>>>>>>> xxl-job register jobhandler success, name:updateSkuStockHandler, jobHandler:com.xxl.job.core.handler.impl.MethodJobHandler@6684589a[class cn.cat.trigger.job.UpdateActivitySkuStockJob#exec]
24-11-20.19:28:04.715 [main            ] INFO  XxlJobExecutor         - >>>>>>>>>>> xxl-job register jobhandler success, name:updateAwardStockHandler, jobHandler:com.xxl.job.core.handler.impl.MethodJobHandler@5621a671[class cn.cat.trigger.job.UpdateAwardStockJob#exec]
24-11-20.19:28:05.144 [main            ] INFO  CachingConnectionFactory - Attempting to connect to: [192.168.136.129:5672]
24-11-20.19:28:05.149 [Thread-8        ] INFO  EmbedServer            - >>>>>>>>>>> xxl-job remoting server start success, nettype = class com.xxl.job.core.server.EmbedServer, port = 9111
24-11-20.19:28:05.446 [main            ] INFO  CachingConnectionFactory - Created new connection: rabbitConnectionFactory#7254838:0/SimpleConnection@231d3ce [delegate=amqp://cat@192.168.136.129:5672/, localPort= 58732]
24-11-20.19:28:05.684 [main            ] INFO  RaffleOrderTest        - Started RaffleOrderTest in 13.398 seconds (JVM running for 14.676)
24-11-20.19:28:06.326 [main            ] INFO  HikariDataSource       - Retail_HikariCP - Starting...
24-11-20.19:28:06.795 [main            ] INFO  HikariDataSource       - Retail_HikariCP - Start completed.
24-11-20.19:28:06.931 [main            ] INFO  RaffleOrderTest        - 装配活动：true
24-11-20.19:28:06.997 [main            ] INFO  ActivityBaseActionChain - 活动责任链-基础信息【有效期、状态、库存(sku)】校验开始。sku:9011 activityId:100301
24-11-20.19:28:06.998 [main            ] WARN  RaffleOrderTest        - 活动未开启（非open状态）
24-11-20.19:28:07.008 [main            ] INFO  ActivityBaseActionChain - 活动责任链-基础信息【有效期、状态、库存(sku)】校验开始。sku:9011 activityId:100301
24-11-20.19:28:07.008 [main            ] WARN  RaffleOrderTest        - 活动未开启（非open状态）
24-11-20.19:28:07.015 [main            ] INFO  ActivityBaseActionChain - 活动责任链-基础信息【有效期、状态、库存(sku)】校验开始。sku:9011 activityId:100301
24-11-20.19:28:07.015 [main            ] WARN  RaffleOrderTest        - 活动未开启（非open状态）
24-11-20.19:28:07.027 [main            ] INFO  ActivityBaseActionChain - 活动责任链-基础信息【有效期、状态、库存(sku)】校验开始。sku:9011 activityId:100301
24-11-20.19:28:07.027 [main            ] WARN  RaffleOrderTest        - 活动未开启（非open状态）
24-11-20.19:28:07.034 [main            ] INFO  ActivityBaseActionChain - 活动责任链-基础信息【有效期、状态、库存(sku)】校验开始。sku:9011 activityId:100301
24-11-20.19:28:07.035 [main            ] WARN  RaffleOrderTest        - 活动未开启（非open状态）
24-11-20.19:28:07.059 [org.springframework.amqp.rabbit.RabbitListenerEndpointContainer#0-2] INFO  SimpleMessageListenerContainer - Waiting for workers to finish.
24-11-20.19:28:07.662 [org.springframework.amqp.rabbit.RabbitListenerEndpointContainer#0-2] INFO  SimpleMessageListenerContainer - Successfully waited for workers to finish.
24-11-20.19:28:07.686 [SpringApplicationShutdownHook] INFO  SimpleMessageListenerContainer - Shutdown ignored - container is already stopped
24-11-20.19:28:07.688 [Thread-8        ] INFO  EmbedServer            - >>>>>>>>>>> xxl-job remoting server stop.
24-11-20.19:28:07.700 [xxl-job, executor ExecutorRegistryThread] INFO  ExecutorRegistryThread - >>>>>>>>>>> xxl-job registry-remove success, registryParam:RegistryParam{registryGroup='EXECUTOR', registryKey='update-stock-service', registryValue='http://192.168.136.1:9111/'}, registryResult:ReturnT [code=200, msg=null, content=null]
24-11-20.19:28:07.700 [xxl-job, executor ExecutorRegistryThread] INFO  ExecutorRegistryThread - >>>>>>>>>>> xxl-job, executor registry thread destroy.
24-11-20.19:28:07.700 [SpringApplicationShutdownHook] INFO  EmbedServer            - >>>>>>>>>>> xxl-job remoting server destroy success.
24-11-20.19:28:07.700 [xxl-job, executor JobLogFileCleanThread] INFO  JobLogFileCleanThread  - >>>>>>>>>>> xxl-job, executor JobLogFileCleanThread thread destroy.
24-11-20.19:28:07.700 [xxl-job, executor TriggerCallbackThread] INFO  TriggerCallbackThread  - >>>>>>>>>>> xxl-job, executor callback thread destroy.
24-11-20.19:28:07.701 [Thread-7        ] INFO  TriggerCallbackThread  - >>>>>>>>>>> xxl-job, executor retry callback thread destroy.
24-11-20.19:34:35.847 [main            ] INFO  RaffleOrderTest        - Starting RaffleOrderTest using Java 1.8.0_281 on catlap with PID 18796 (started by Cat in D:\IdeaWorkSpace\GagaPlus\big-market\big-market-app)
24-11-20.19:34:35.848 [main            ] INFO  RaffleOrderTest        - The following 1 profile is active: "dev"
24-11-20.19:34:37.322 [main            ] INFO  RepositoryConfigurationDelegate - Multiple Spring Data modules found, entering strict repository configuration mode
24-11-20.19:34:37.327 [main            ] INFO  RepositoryConfigurationDelegate - Bootstrapping Spring Data Redis repositories in DEFAULT mode.
24-11-20.19:34:37.394 [main            ] INFO  RepositoryConfigurationDelegate - Finished Spring Data repository scanning in 40 ms. Found 0 Redis repository interfaces.
24-11-20.19:34:40.506 [main            ] INFO  Version                - Redisson 3.23.4
24-11-20.19:34:41.186 [redisson-netty-2-4] INFO  MasterPubSubConnectionPool - 1 connections initialized for 192.168.136.129/192.168.136.129:6379
24-11-20.19:34:41.207 [redisson-netty-2-13] INFO  MasterConnectionPool   - 5 connections initialized for 192.168.136.129/192.168.136.129:6379
24-11-20.19:34:43.190 [main            ] INFO  XxlJobAutoConfig       - >>>>>>>>>>> xxl-job config init.
24-11-20.19:34:47.088 [main            ] INFO  EndpointLinksResolver  - Exposing 1 endpoint(s) beneath base path '/actuator'
24-11-20.19:34:47.183 [main            ] INFO  XxlJobExecutor         - >>>>>>>>>>> xxl-job register jobhandler success, name:updateSkuStockHandler, jobHandler:com.xxl.job.core.handler.impl.MethodJobHandler@1f547af8[class cn.cat.trigger.job.UpdateActivitySkuStockJob#exec]
24-11-20.19:34:47.184 [main            ] INFO  XxlJobExecutor         - >>>>>>>>>>> xxl-job register jobhandler success, name:updateAwardStockHandler, jobHandler:com.xxl.job.core.handler.impl.MethodJobHandler@4caf875c[class cn.cat.trigger.job.UpdateAwardStockJob#exec]
24-11-20.19:34:47.574 [main            ] INFO  CachingConnectionFactory - Attempting to connect to: [192.168.136.129:5672]
24-11-20.19:34:47.633 [Thread-8        ] INFO  EmbedServer            - >>>>>>>>>>> xxl-job remoting server start success, nettype = class com.xxl.job.core.server.EmbedServer, port = 9111
24-11-20.19:34:47.859 [main            ] INFO  CachingConnectionFactory - Created new connection: rabbitConnectionFactory#315b5913:0/SimpleConnection@31531d0d [delegate=amqp://cat@192.168.136.129:5672/, localPort= 59305]
24-11-20.19:34:48.041 [main            ] INFO  RaffleOrderTest        - Started RaffleOrderTest in 12.918 seconds (JVM running for 14.433)
24-11-20.19:34:48.671 [main            ] INFO  HikariDataSource       - Retail_HikariCP - Starting...
24-11-20.19:34:49.225 [main            ] INFO  HikariDataSource       - Retail_HikariCP - Start completed.
24-11-20.19:34:49.349 [main            ] INFO  RaffleOrderTest        - 装配活动：true
24-11-20.19:34:49.364 [main            ] INFO  ActivityBaseActionChain - 活动责任链-基础信息【有效期、状态、库存(sku)】校验开始。sku:9011 activityId:100301
24-11-20.19:34:49.366 [main            ] WARN  RaffleOrderTest        - 活动未开启（非open状态）
24-11-20.19:34:49.374 [main            ] INFO  ActivityBaseActionChain - 活动责任链-基础信息【有效期、状态、库存(sku)】校验开始。sku:9011 activityId:100301
24-11-20.19:34:49.374 [main            ] WARN  RaffleOrderTest        - 活动未开启（非open状态）
24-11-20.19:34:49.381 [main            ] INFO  ActivityBaseActionChain - 活动责任链-基础信息【有效期、状态、库存(sku)】校验开始。sku:9011 activityId:100301
24-11-20.19:34:49.381 [main            ] WARN  RaffleOrderTest        - 活动未开启（非open状态）
24-11-20.19:34:49.390 [main            ] INFO  ActivityBaseActionChain - 活动责任链-基础信息【有效期、状态、库存(sku)】校验开始。sku:9011 activityId:100301
24-11-20.19:34:49.391 [main            ] WARN  RaffleOrderTest        - 活动未开启（非open状态）
24-11-20.19:34:49.399 [main            ] INFO  ActivityBaseActionChain - 活动责任链-基础信息【有效期、状态、库存(sku)】校验开始。sku:9011 activityId:100301
24-11-20.19:34:49.399 [main            ] WARN  RaffleOrderTest        - 活动未开启（非open状态）
24-11-20.19:34:49.416 [org.springframework.amqp.rabbit.RabbitListenerEndpointContainer#0-2] INFO  SimpleMessageListenerContainer - Waiting for workers to finish.
24-11-20.19:34:50.036 [org.springframework.amqp.rabbit.RabbitListenerEndpointContainer#0-2] INFO  SimpleMessageListenerContainer - Successfully waited for workers to finish.
24-11-20.19:34:50.080 [SpringApplicationShutdownHook] INFO  SimpleMessageListenerContainer - Shutdown ignored - container is already stopped
24-11-20.19:34:50.082 [Thread-8        ] INFO  EmbedServer            - >>>>>>>>>>> xxl-job remoting server stop.
24-11-20.19:34:50.099 [xxl-job, executor ExecutorRegistryThread] INFO  ExecutorRegistryThread - >>>>>>>>>>> xxl-job registry-remove success, registryParam:RegistryParam{registryGroup='EXECUTOR', registryKey='update-stock-service', registryValue='http://192.168.136.1:9111/'}, registryResult:ReturnT [code=200, msg=null, content=null]
24-11-20.19:34:50.099 [xxl-job, executor ExecutorRegistryThread] INFO  ExecutorRegistryThread - >>>>>>>>>>> xxl-job, executor registry thread destroy.
24-11-20.19:34:50.100 [SpringApplicationShutdownHook] INFO  EmbedServer            - >>>>>>>>>>> xxl-job remoting server destroy success.
24-11-20.19:34:50.100 [xxl-job, executor JobLogFileCleanThread] INFO  JobLogFileCleanThread  - >>>>>>>>>>> xxl-job, executor JobLogFileCleanThread thread destroy.
24-11-20.19:34:50.100 [xxl-job, executor TriggerCallbackThread] INFO  TriggerCallbackThread  - >>>>>>>>>>> xxl-job, executor callback thread destroy.
24-11-20.19:34:50.101 [Thread-7        ] INFO  TriggerCallbackThread  - >>>>>>>>>>> xxl-job, executor retry callback thread destroy.
24-11-20.19:38:48.242 [main            ] INFO  RaffleOrderTest        - Starting RaffleOrderTest using Java 1.8.0_281 on catlap with PID 21320 (started by Cat in D:\IdeaWorkSpace\GagaPlus\big-market\big-market-app)
24-11-20.19:38:48.244 [main            ] INFO  RaffleOrderTest        - The following 1 profile is active: "dev"
24-11-20.19:38:50.114 [main            ] INFO  RepositoryConfigurationDelegate - Multiple Spring Data modules found, entering strict repository configuration mode
24-11-20.19:38:50.120 [main            ] INFO  RepositoryConfigurationDelegate - Bootstrapping Spring Data Redis repositories in DEFAULT mode.
24-11-20.19:38:50.183 [main            ] INFO  RepositoryConfigurationDelegate - Finished Spring Data repository scanning in 33 ms. Found 0 Redis repository interfaces.
24-11-20.19:38:53.407 [main            ] INFO  Version                - Redisson 3.23.4
24-11-20.19:38:54.070 [redisson-netty-2-4] INFO  MasterPubSubConnectionPool - 1 connections initialized for 192.168.136.129/192.168.136.129:6379
24-11-20.19:38:54.098 [redisson-netty-2-13] INFO  MasterConnectionPool   - 5 connections initialized for 192.168.136.129/192.168.136.129:6379
24-11-20.19:38:56.774 [main            ] INFO  XxlJobAutoConfig       - >>>>>>>>>>> xxl-job config init.
24-11-20.19:39:00.551 [main            ] INFO  EndpointLinksResolver  - Exposing 1 endpoint(s) beneath base path '/actuator'
24-11-20.19:39:00.646 [main            ] INFO  XxlJobExecutor         - >>>>>>>>>>> xxl-job register jobhandler success, name:updateSkuStockHandler, jobHandler:com.xxl.job.core.handler.impl.MethodJobHandler@3bf4b018[class cn.cat.trigger.job.UpdateActivitySkuStockJob#exec]
24-11-20.19:39:00.647 [main            ] INFO  XxlJobExecutor         - >>>>>>>>>>> xxl-job register jobhandler success, name:updateAwardStockHandler, jobHandler:com.xxl.job.core.handler.impl.MethodJobHandler@d8cece4[class cn.cat.trigger.job.UpdateAwardStockJob#exec]
24-11-20.19:39:01.059 [Thread-8        ] INFO  EmbedServer            - >>>>>>>>>>> xxl-job remoting server start success, nettype = class com.xxl.job.core.server.EmbedServer, port = 9111
24-11-20.19:39:01.103 [main            ] INFO  CachingConnectionFactory - Attempting to connect to: [192.168.136.129:5672]
24-11-20.19:39:01.364 [main            ] INFO  CachingConnectionFactory - Created new connection: rabbitConnectionFactory#50a095cb:0/SimpleConnection@659565ed [delegate=amqp://cat@192.168.136.129:5672/, localPort= 59886]
24-11-20.19:39:01.570 [main            ] INFO  RaffleOrderTest        - Started RaffleOrderTest in 13.988 seconds (JVM running for 15.826)
24-11-20.19:39:02.336 [main            ] INFO  HikariDataSource       - Retail_HikariCP - Starting...
24-11-20.19:39:02.690 [main            ] INFO  HikariDataSource       - Retail_HikariCP - Start completed.
24-11-20.19:39:02.834 [main            ] INFO  RaffleOrderTest        - 装配活动：true
24-11-20.19:39:02.860 [main            ] INFO  ActivityBaseActionChain - 活动责任链-基础信息【有效期、状态、库存(sku)】校验开始。sku:9011 activityId:100301
24-11-20.19:39:02.862 [main            ] WARN  RaffleOrderTest        - 活动未开启（非open状态）
24-11-20.19:39:02.882 [main            ] INFO  ActivityBaseActionChain - 活动责任链-基础信息【有效期、状态、库存(sku)】校验开始。sku:9011 activityId:100301
24-11-20.19:39:02.883 [main            ] WARN  RaffleOrderTest        - 活动未开启（非open状态）
24-11-20.19:39:02.895 [main            ] INFO  ActivityBaseActionChain - 活动责任链-基础信息【有效期、状态、库存(sku)】校验开始。sku:9011 activityId:100301
24-11-20.19:39:02.896 [main            ] WARN  RaffleOrderTest        - 活动未开启（非open状态）
24-11-20.19:39:02.909 [main            ] INFO  ActivityBaseActionChain - 活动责任链-基础信息【有效期、状态、库存(sku)】校验开始。sku:9011 activityId:100301
24-11-20.19:39:02.910 [main            ] WARN  RaffleOrderTest        - 活动未开启（非open状态）
24-11-20.19:39:02.923 [main            ] INFO  ActivityBaseActionChain - 活动责任链-基础信息【有效期、状态、库存(sku)】校验开始。sku:9011 activityId:100301
24-11-20.19:39:02.923 [main            ] WARN  RaffleOrderTest        - 活动未开启（非open状态）
24-11-20.19:39:02.955 [org.springframework.amqp.rabbit.RabbitListenerEndpointContainer#0-2] INFO  SimpleMessageListenerContainer - Waiting for workers to finish.
24-11-20.19:39:03.541 [org.springframework.amqp.rabbit.RabbitListenerEndpointContainer#0-2] INFO  SimpleMessageListenerContainer - Successfully waited for workers to finish.
24-11-20.19:39:03.586 [SpringApplicationShutdownHook] INFO  SimpleMessageListenerContainer - Shutdown ignored - container is already stopped
24-11-20.19:39:03.588 [Thread-8        ] INFO  EmbedServer            - >>>>>>>>>>> xxl-job remoting server stop.
24-11-20.19:39:03.602 [xxl-job, executor ExecutorRegistryThread] INFO  ExecutorRegistryThread - >>>>>>>>>>> xxl-job registry-remove success, registryParam:RegistryParam{registryGroup='EXECUTOR', registryKey='update-stock-service', registryValue='http://192.168.136.1:9111/'}, registryResult:ReturnT [code=200, msg=null, content=null]
24-11-20.19:39:03.603 [xxl-job, executor ExecutorRegistryThread] INFO  ExecutorRegistryThread - >>>>>>>>>>> xxl-job, executor registry thread destroy.
24-11-20.19:39:03.603 [SpringApplicationShutdownHook] INFO  EmbedServer            - >>>>>>>>>>> xxl-job remoting server destroy success.
24-11-20.19:39:03.603 [xxl-job, executor JobLogFileCleanThread] INFO  JobLogFileCleanThread  - >>>>>>>>>>> xxl-job, executor JobLogFileCleanThread thread destroy.
24-11-20.19:39:03.603 [xxl-job, executor TriggerCallbackThread] INFO  TriggerCallbackThread  - >>>>>>>>>>> xxl-job, executor callback thread destroy.
24-11-20.19:39:03.604 [Thread-7        ] INFO  TriggerCallbackThread  - >>>>>>>>>>> xxl-job, executor retry callback thread destroy.
24-11-20.19:40:24.404 [main            ] INFO  RaffleOrderTest        - Starting RaffleOrderTest using Java 1.8.0_281 on catlap with PID 11116 (started by Cat in D:\IdeaWorkSpace\GagaPlus\big-market\big-market-app)
24-11-20.19:40:24.405 [main            ] INFO  RaffleOrderTest        - The following 1 profile is active: "dev"
24-11-20.19:40:25.529 [main            ] INFO  RepositoryConfigurationDelegate - Multiple Spring Data modules found, entering strict repository configuration mode
24-11-20.19:40:25.533 [main            ] INFO  RepositoryConfigurationDelegate - Bootstrapping Spring Data Redis repositories in DEFAULT mode.
24-11-20.19:40:25.570 [main            ] INFO  RepositoryConfigurationDelegate - Finished Spring Data repository scanning in 24 ms. Found 0 Redis repository interfaces.
24-11-20.19:40:27.603 [main            ] INFO  Version                - Redisson 3.23.4
24-11-20.19:40:28.254 [redisson-netty-2-4] INFO  MasterPubSubConnectionPool - 1 connections initialized for 192.168.136.129/192.168.136.129:6379
24-11-20.19:40:28.283 [redisson-netty-2-13] INFO  MasterConnectionPool   - 5 connections initialized for 192.168.136.129/192.168.136.129:6379
24-11-20.19:40:30.482 [main            ] INFO  XxlJobAutoConfig       - >>>>>>>>>>> xxl-job config init.
24-11-20.19:40:34.686 [main            ] INFO  EndpointLinksResolver  - Exposing 1 endpoint(s) beneath base path '/actuator'
24-11-20.19:40:34.750 [main            ] INFO  XxlJobExecutor         - >>>>>>>>>>> xxl-job register jobhandler success, name:updateSkuStockHandler, jobHandler:com.xxl.job.core.handler.impl.MethodJobHandler@2662e3ff[class cn.cat.trigger.job.UpdateActivitySkuStockJob#exec]
24-11-20.19:40:34.750 [main            ] INFO  XxlJobExecutor         - >>>>>>>>>>> xxl-job register jobhandler success, name:updateAwardStockHandler, jobHandler:com.xxl.job.core.handler.impl.MethodJobHandler@487ee2a[class cn.cat.trigger.job.UpdateAwardStockJob#exec]
24-11-20.19:40:35.014 [Thread-8        ] INFO  EmbedServer            - >>>>>>>>>>> xxl-job remoting server start success, nettype = class com.xxl.job.core.server.EmbedServer, port = 9111
24-11-20.19:40:35.022 [main            ] INFO  CachingConnectionFactory - Attempting to connect to: [192.168.136.129:5672]
24-11-20.19:40:35.192 [main            ] INFO  CachingConnectionFactory - Created new connection: rabbitConnectionFactory#3a42145:0/SimpleConnection@565983f3 [delegate=amqp://cat@192.168.136.129:5672/, localPort= 60215]
24-11-20.19:40:35.293 [main            ] INFO  RaffleOrderTest        - Started RaffleOrderTest in 11.541 seconds (JVM running for 12.872)
24-11-20.19:40:35.823 [main            ] INFO  HikariDataSource       - Retail_HikariCP - Starting...
24-11-20.19:40:36.207 [main            ] INFO  HikariDataSource       - Retail_HikariCP - Start completed.
24-11-20.19:40:36.379 [main            ] INFO  RaffleOrderTest        - 装配活动：true
24-11-20.19:40:36.455 [main            ] INFO  ActivityBaseActionChain - 活动责任链-基础信息【有效期、状态、库存(sku)】校验开始。sku:9011 activityId:100301
24-11-20.19:40:36.455 [main            ] INFO  ActivitySkuStockActionChain - 活动责任链-商品库存处理【有效期、状态、库存(sku)】开始。sku:9011 activityId:100301
24-11-20.19:40:36.461 [main            ] INFO  ActivitySkuStockActionChain - 活动责任链-商品库存处理【有效期、状态、库存(sku)】成功。sku:9011 activityId:100301
24-11-20.19:40:36.526 [main            ] INFO  HikariDataSource       - Retail_HikariCP - Starting...
24-11-20.19:40:36.579 [main            ] INFO  HikariDataSource       - Retail_HikariCP - Start completed.
24-11-20.19:40:36.615 [main            ] INFO  RaffleOrderTest        - 测试结果：368988328477
24-11-20.19:40:36.629 [main            ] INFO  ActivityBaseActionChain - 活动责任链-基础信息【有效期、状态、库存(sku)】校验开始。sku:9011 activityId:100301
24-11-20.19:40:36.629 [main            ] INFO  ActivitySkuStockActionChain - 活动责任链-商品库存处理【有效期、状态、库存(sku)】开始。sku:9011 activityId:100301
24-11-20.19:40:36.637 [main            ] INFO  ActivitySkuStockActionChain - 活动责任链-商品库存处理【有效期、状态、库存(sku)】成功。sku:9011 activityId:100301
24-11-20.19:40:36.669 [main            ] INFO  RaffleOrderTest        - 测试结果：088932561939
24-11-20.19:40:36.683 [main            ] INFO  ActivityBaseActionChain - 活动责任链-基础信息【有效期、状态、库存(sku)】校验开始。sku:9011 activityId:100301
24-11-20.19:40:36.684 [main            ] INFO  ActivitySkuStockActionChain - 活动责任链-商品库存处理【有效期、状态、库存(sku)】开始。sku:9011 activityId:100301
24-11-20.19:40:36.691 [main            ] INFO  ActivitySkuStockActionChain - 活动责任链-商品库存处理【有效期、状态、库存(sku)】成功。sku:9011 activityId:100301
24-11-20.19:40:36.714 [main            ] INFO  RaffleOrderTest        - 测试结果：550472777192
24-11-20.19:40:36.728 [main            ] INFO  ActivityBaseActionChain - 活动责任链-基础信息【有效期、状态、库存(sku)】校验开始。sku:9011 activityId:100301
24-11-20.19:40:36.728 [main            ] INFO  ActivitySkuStockActionChain - 活动责任链-商品库存处理【有效期、状态、库存(sku)】开始。sku:9011 activityId:100301
24-11-20.19:40:36.733 [main            ] INFO  ActivitySkuStockActionChain - 活动责任链-商品库存处理【有效期、状态、库存(sku)】成功。sku:9011 activityId:100301
24-11-20.19:40:36.762 [main            ] INFO  RaffleOrderTest        - 测试结果：088228080253
24-11-20.19:40:36.777 [main            ] INFO  ActivityBaseActionChain - 活动责任链-基础信息【有效期、状态、库存(sku)】校验开始。sku:9011 activityId:100301
24-11-20.19:40:36.777 [main            ] INFO  ActivitySkuStockActionChain - 活动责任链-商品库存处理【有效期、状态、库存(sku)】开始。sku:9011 activityId:100301
24-11-20.19:40:36.783 [main            ] INFO  ActivitySkuStockActionChain - 活动责任链-商品库存处理【有效期、状态、库存(sku)】成功。sku:9011 activityId:100301
24-11-20.19:40:36.809 [main            ] INFO  RaffleOrderTest        - 测试结果：581915899336
24-11-20.19:40:36.841 [org.springframework.amqp.rabbit.RabbitListenerEndpointContainer#0-2] INFO  SimpleMessageListenerContainer - Waiting for workers to finish.
24-11-20.19:40:37.289 [org.springframework.amqp.rabbit.RabbitListenerEndpointContainer#0-2] INFO  SimpleMessageListenerContainer - Successfully waited for workers to finish.
24-11-20.19:40:37.331 [SpringApplicationShutdownHook] INFO  SimpleMessageListenerContainer - Shutdown ignored - container is already stopped
24-11-20.19:40:37.333 [Thread-8        ] INFO  EmbedServer            - >>>>>>>>>>> xxl-job remoting server stop.
24-11-20.19:40:37.345 [xxl-job, executor ExecutorRegistryThread] INFO  ExecutorRegistryThread - >>>>>>>>>>> xxl-job registry-remove success, registryParam:RegistryParam{registryGroup='EXECUTOR', registryKey='update-stock-service', registryValue='http://192.168.136.1:9111/'}, registryResult:ReturnT [code=200, msg=null, content=null]
24-11-20.19:40:37.345 [xxl-job, executor ExecutorRegistryThread] INFO  ExecutorRegistryThread - >>>>>>>>>>> xxl-job, executor registry thread destroy.
24-11-20.19:40:37.346 [SpringApplicationShutdownHook] INFO  EmbedServer            - >>>>>>>>>>> xxl-job remoting server destroy success.
24-11-20.19:40:37.346 [xxl-job, executor JobLogFileCleanThread] INFO  JobLogFileCleanThread  - >>>>>>>>>>> xxl-job, executor JobLogFileCleanThread thread destroy.
24-11-20.19:40:37.346 [xxl-job, executor TriggerCallbackThread] INFO  TriggerCallbackThread  - >>>>>>>>>>> xxl-job, executor callback thread destroy.
24-11-20.19:40:37.347 [Thread-7        ] INFO  TriggerCallbackThread  - >>>>>>>>>>> xxl-job, executor retry callback thread destroy.
24-11-20.19:57:38.465 [main            ] INFO  RaffleOrderTest        - Starting RaffleOrderTest using Java 1.8.0_281 on catlap with PID 3304 (started by Cat in D:\IdeaWorkSpace\GagaPlus\big-market\big-market-app)
24-11-20.19:57:38.466 [main            ] INFO  RaffleOrderTest        - The following 1 profile is active: "dev"
24-11-20.19:57:39.652 [main            ] INFO  RepositoryConfigurationDelegate - Multiple Spring Data modules found, entering strict repository configuration mode
24-11-20.19:57:39.656 [main            ] INFO  RepositoryConfigurationDelegate - Bootstrapping Spring Data Redis repositories in DEFAULT mode.
24-11-20.19:57:39.706 [main            ] INFO  RepositoryConfigurationDelegate - Finished Spring Data repository scanning in 31 ms. Found 0 Redis repository interfaces.
24-11-20.19:57:42.343 [main            ] INFO  Version                - Redisson 3.23.4
24-11-20.19:57:42.822 [redisson-netty-2-5] INFO  MasterPubSubConnectionPool - 1 connections initialized for 192.168.136.129/192.168.136.129:6379
24-11-20.19:57:42.855 [redisson-netty-2-13] INFO  MasterConnectionPool   - 5 connections initialized for 192.168.136.129/192.168.136.129:6379
24-11-20.19:57:45.277 [main            ] INFO  XxlJobAutoConfig       - >>>>>>>>>>> xxl-job config init.
24-11-20.19:57:49.025 [main            ] INFO  EndpointLinksResolver  - Exposing 1 endpoint(s) beneath base path '/actuator'
24-11-20.19:57:49.126 [main            ] INFO  XxlJobExecutor         - >>>>>>>>>>> xxl-job register jobhandler success, name:updateSkuStockHandler, jobHandler:com.xxl.job.core.handler.impl.MethodJobHandler@514c6ca0[class cn.cat.trigger.job.UpdateActivitySkuStockJob#exec]
24-11-20.19:57:49.126 [main            ] INFO  XxlJobExecutor         - >>>>>>>>>>> xxl-job register jobhandler success, name:updateAwardStockHandler, jobHandler:com.xxl.job.core.handler.impl.MethodJobHandler@6cb2b947[class cn.cat.trigger.job.UpdateAwardStockJob#exec]
24-11-20.19:57:49.443 [Thread-8        ] INFO  EmbedServer            - >>>>>>>>>>> xxl-job remoting server start success, nettype = class com.xxl.job.core.server.EmbedServer, port = 9111
24-11-20.19:57:49.448 [main            ] INFO  CachingConnectionFactory - Attempting to connect to: [192.168.136.129:5672]
24-11-20.19:57:49.637 [main            ] INFO  CachingConnectionFactory - Created new connection: rabbitConnectionFactory#af007d6:0/SimpleConnection@280e4390 [delegate=amqp://cat@192.168.136.129:5672/, localPort= 61513]
24-11-20.19:57:49.847 [main            ] INFO  RaffleOrderTest        - Started RaffleOrderTest in 11.976 seconds (JVM running for 13.111)
24-11-20.19:57:50.285 [main            ] INFO  HikariDataSource       - Retail_HikariCP - Starting...
24-11-20.19:57:50.553 [main            ] INFO  HikariDataSource       - Retail_HikariCP - Start completed.
24-11-20.19:57:50.656 [main            ] INFO  RaffleOrderTest        - 装配活动：true
24-11-20.19:57:50.745 [main            ] INFO  ActivityBaseActionChain - 活动责任链-基础信息【有效期、状态、库存(sku)】校验开始。sku:9011 activityId:100301
24-11-20.19:57:50.745 [main            ] INFO  ActivitySkuStockActionChain - 活动责任链-商品库存处理【有效期、状态、库存(sku)】开始。sku:9011 activityId:100301
24-11-20.19:57:50.751 [main            ] INFO  ActivitySkuStockActionChain - 活动责任链-商品库存处理【有效期、状态、库存(sku)】成功。sku:9011 activityId:100301
24-11-20.19:57:59.346 [main            ] INFO  HikariDataSource       - Retail_HikariCP - Starting...
24-11-20.19:57:59.395 [main            ] INFO  HikariDataSource       - Retail_HikariCP - Start completed.
24-11-20.19:57:59.422 [main            ] INFO  RaffleOrderTest        - 测试结果：768647738748
24-11-20.19:57:59.429 [main            ] INFO  ActivityBaseActionChain - 活动责任链-基础信息【有效期、状态、库存(sku)】校验开始。sku:9011 activityId:100301
24-11-20.19:57:59.429 [main            ] INFO  ActivitySkuStockActionChain - 活动责任链-商品库存处理【有效期、状态、库存(sku)】开始。sku:9011 activityId:100301
24-11-20.19:57:59.433 [main            ] INFO  ActivitySkuStockActionChain - 活动责任链-商品库存处理【有效期、状态、库存(sku)】成功。sku:9011 activityId:100301
24-11-20.19:58:00.489 [main            ] INFO  RaffleOrderTest        - 测试结果：742444615409
24-11-20.19:58:00.511 [main            ] INFO  ActivityBaseActionChain - 活动责任链-基础信息【有效期、状态、库存(sku)】校验开始。sku:9011 activityId:100301
24-11-20.19:58:00.511 [main            ] INFO  ActivitySkuStockActionChain - 活动责任链-商品库存处理【有效期、状态、库存(sku)】开始。sku:9011 activityId:100301
24-11-20.19:58:00.522 [main            ] INFO  ActivitySkuStockActionChain - 活动责任链-商品库存处理【有效期、状态、库存(sku)】成功。sku:9011 activityId:100301
24-11-20.19:58:01.224 [main            ] INFO  RaffleOrderTest        - 测试结果：985521185249
24-11-20.19:58:01.249 [main            ] INFO  ActivityBaseActionChain - 活动责任链-基础信息【有效期、状态、库存(sku)】校验开始。sku:9011 activityId:100301
24-11-20.19:58:01.249 [main            ] INFO  ActivitySkuStockActionChain - 活动责任链-商品库存处理【有效期、状态、库存(sku)】开始。sku:9011 activityId:100301
24-11-20.19:58:01.254 [main            ] INFO  ActivitySkuStockActionChain - 活动责任链-商品库存处理【有效期、状态、库存(sku)】成功。sku:9011 activityId:100301
24-11-20.19:58:01.819 [main            ] INFO  RaffleOrderTest        - 测试结果：156800800676
24-11-20.19:58:01.832 [main            ] INFO  ActivityBaseActionChain - 活动责任链-基础信息【有效期、状态、库存(sku)】校验开始。sku:9011 activityId:100301
24-11-20.19:58:01.832 [main            ] INFO  ActivitySkuStockActionChain - 活动责任链-商品库存处理【有效期、状态、库存(sku)】开始。sku:9011 activityId:100301
24-11-20.19:58:01.841 [main            ] INFO  ActivitySkuStockActionChain - 活动责任链-商品库存处理【有效期、状态、库存(sku)】成功。sku:9011 activityId:100301
24-11-20.19:58:02.434 [main            ] INFO  RaffleOrderTest        - 测试结果：407888854846
24-11-20.19:58:02.456 [org.springframework.amqp.rabbit.RabbitListenerEndpointContainer#0-2] INFO  SimpleMessageListenerContainer - Waiting for workers to finish.
24-11-20.19:58:02.806 [org.springframework.amqp.rabbit.RabbitListenerEndpointContainer#0-2] INFO  SimpleMessageListenerContainer - Successfully waited for workers to finish.
24-11-20.19:58:02.828 [SpringApplicationShutdownHook] INFO  SimpleMessageListenerContainer - Shutdown ignored - container is already stopped
24-11-20.19:58:02.829 [Thread-8        ] INFO  EmbedServer            - >>>>>>>>>>> xxl-job remoting server stop.
24-11-20.19:58:02.846 [xxl-job, executor ExecutorRegistryThread] INFO  ExecutorRegistryThread - >>>>>>>>>>> xxl-job registry-remove success, registryParam:RegistryParam{registryGroup='EXECUTOR', registryKey='update-stock-service', registryValue='http://192.168.136.1:9111/'}, registryResult:ReturnT [code=200, msg=null, content=null]
24-11-20.19:58:02.846 [xxl-job, executor ExecutorRegistryThread] INFO  ExecutorRegistryThread - >>>>>>>>>>> xxl-job, executor registry thread destroy.
24-11-20.19:58:02.847 [SpringApplicationShutdownHook] INFO  EmbedServer            - >>>>>>>>>>> xxl-job remoting server destroy success.
24-11-20.19:58:02.847 [xxl-job, executor JobLogFileCleanThread] INFO  JobLogFileCleanThread  - >>>>>>>>>>> xxl-job, executor JobLogFileCleanThread thread destroy.
24-11-20.19:58:02.847 [xxl-job, executor TriggerCallbackThread] INFO  TriggerCallbackThread  - >>>>>>>>>>> xxl-job, executor callback thread destroy.
24-11-20.19:58:02.847 [Thread-7        ] INFO  TriggerCallbackThread  - >>>>>>>>>>> xxl-job, executor retry callback thread destroy.
24-11-20.20:02:54.235 [main            ] INFO  RaffleOrderTest        - Starting RaffleOrderTest using Java 1.8.0_281 on catlap with PID 4448 (started by Cat in D:\IdeaWorkSpace\GagaPlus\big-market\big-market-app)
24-11-20.20:02:54.236 [main            ] INFO  RaffleOrderTest        - The following 1 profile is active: "dev"
24-11-20.20:02:55.629 [main            ] INFO  RepositoryConfigurationDelegate - Multiple Spring Data modules found, entering strict repository configuration mode
24-11-20.20:02:55.633 [main            ] INFO  RepositoryConfigurationDelegate - Bootstrapping Spring Data Redis repositories in DEFAULT mode.
24-11-20.20:02:55.676 [main            ] INFO  RepositoryConfigurationDelegate - Finished Spring Data repository scanning in 26 ms. Found 0 Redis repository interfaces.
24-11-20.20:02:58.372 [main            ] INFO  Version                - Redisson 3.23.4
24-11-20.20:02:58.962 [redisson-netty-2-4] INFO  MasterPubSubConnectionPool - 1 connections initialized for 192.168.136.129/192.168.136.129:6379
24-11-20.20:02:58.994 [redisson-netty-2-13] INFO  MasterConnectionPool   - 5 connections initialized for 192.168.136.129/192.168.136.129:6379
24-11-20.20:03:01.051 [main            ] INFO  XxlJobAutoConfig       - >>>>>>>>>>> xxl-job config init.
24-11-20.20:03:05.105 [main            ] INFO  EndpointLinksResolver  - Exposing 1 endpoint(s) beneath base path '/actuator'
24-11-20.20:03:05.235 [main            ] INFO  XxlJobExecutor         - >>>>>>>>>>> xxl-job register jobhandler success, name:updateSkuStockHandler, jobHandler:com.xxl.job.core.handler.impl.MethodJobHandler@1f547af8[class cn.cat.trigger.job.UpdateActivitySkuStockJob#exec]
24-11-20.20:03:05.235 [main            ] INFO  XxlJobExecutor         - >>>>>>>>>>> xxl-job register jobhandler success, name:updateAwardStockHandler, jobHandler:com.xxl.job.core.handler.impl.MethodJobHandler@4caf875c[class cn.cat.trigger.job.UpdateAwardStockJob#exec]
24-11-20.20:03:05.584 [main            ] INFO  CachingConnectionFactory - Attempting to connect to: [192.168.136.129:5672]
24-11-20.20:03:05.596 [Thread-8        ] INFO  EmbedServer            - >>>>>>>>>>> xxl-job remoting server start success, nettype = class com.xxl.job.core.server.EmbedServer, port = 9111
24-11-20.20:03:05.824 [main            ] INFO  CachingConnectionFactory - Created new connection: rabbitConnectionFactory#315b5913:0/SimpleConnection@31531d0d [delegate=amqp://cat@192.168.136.129:5672/, localPort= 62195]
24-11-20.20:03:05.993 [main            ] INFO  RaffleOrderTest        - Started RaffleOrderTest in 12.608 seconds (JVM running for 13.791)
24-11-20.20:03:06.589 [main            ] INFO  HikariDataSource       - Retail_HikariCP - Starting...
24-11-20.20:03:07.017 [main            ] INFO  HikariDataSource       - Retail_HikariCP - Start completed.
24-11-20.20:03:07.147 [main            ] INFO  RaffleOrderTest        - 装配活动：true
24-11-20.20:03:07.218 [main            ] INFO  ActivityBaseActionChain - 活动责任链-基础信息【有效期、状态、库存(sku)】校验开始。sku:9011 activityId:100301
24-11-20.20:03:07.218 [main            ] INFO  ActivitySkuStockActionChain - 活动责任链-商品库存处理【有效期、状态、库存(sku)】开始。sku:9011 activityId:100301
24-11-20.20:03:07.223 [main            ] INFO  ActivitySkuStockActionChain - 活动责任链-商品库存处理【有效期、状态、库存(sku)】成功。sku:9011 activityId:100301
24-11-20.20:03:07.285 [main            ] INFO  HikariDataSource       - Retail_HikariCP - Starting...
24-11-20.20:03:07.332 [main            ] INFO  HikariDataSource       - Retail_HikariCP - Start completed.
24-11-20.20:03:07.365 [main            ] INFO  RaffleOrderTest        - 测试结果：897636390994
24-11-20.20:03:07.384 [main            ] INFO  ActivityBaseActionChain - 活动责任链-基础信息【有效期、状态、库存(sku)】校验开始。sku:9011 activityId:100301
24-11-20.20:03:07.385 [main            ] INFO  ActivitySkuStockActionChain - 活动责任链-商品库存处理【有效期、状态、库存(sku)】开始。sku:9011 activityId:100301
24-11-20.20:03:07.391 [main            ] INFO  ActivitySkuStockActionChain - 活动责任链-商品库存处理【有效期、状态、库存(sku)】成功。sku:9011 activityId:100301
24-11-20.20:03:07.419 [main            ] INFO  RaffleOrderTest        - 测试结果：402537559116
24-11-20.20:03:07.430 [main            ] INFO  ActivityBaseActionChain - 活动责任链-基础信息【有效期、状态、库存(sku)】校验开始。sku:9011 activityId:100301
24-11-20.20:03:07.430 [main            ] INFO  ActivitySkuStockActionChain - 活动责任链-商品库存处理【有效期、状态、库存(sku)】开始。sku:9011 activityId:100301
24-11-20.20:03:07.440 [main            ] INFO  ActivitySkuStockActionChain - 活动责任链-商品库存处理【有效期、状态、库存(sku)】成功。sku:9011 activityId:100301
24-11-20.20:03:07.476 [main            ] INFO  RaffleOrderTest        - 测试结果：331013646510
24-11-20.20:03:07.485 [main            ] INFO  ActivityBaseActionChain - 活动责任链-基础信息【有效期、状态、库存(sku)】校验开始。sku:9011 activityId:100301
24-11-20.20:03:07.486 [main            ] INFO  ActivitySkuStockActionChain - 活动责任链-商品库存处理【有效期、状态、库存(sku)】开始。sku:9011 activityId:100301
24-11-20.20:03:07.491 [main            ] INFO  ActivitySkuStockActionChain - 活动责任链-商品库存处理【有效期、状态、库存(sku)】成功。sku:9011 activityId:100301
24-11-20.20:03:07.516 [main            ] INFO  RaffleOrderTest        - 测试结果：694470387065
24-11-20.20:03:07.528 [main            ] INFO  ActivityBaseActionChain - 活动责任链-基础信息【有效期、状态、库存(sku)】校验开始。sku:9011 activityId:100301
24-11-20.20:03:07.528 [main            ] INFO  ActivitySkuStockActionChain - 活动责任链-商品库存处理【有效期、状态、库存(sku)】开始。sku:9011 activityId:100301
24-11-20.20:03:07.534 [main            ] INFO  ActivitySkuStockActionChain - 活动责任链-商品库存处理【有效期、状态、库存(sku)】成功。sku:9011 activityId:100301
24-11-20.20:03:07.568 [main            ] INFO  RaffleOrderTest        - 测试结果：191553477328
24-11-20.20:03:19.590 [xxl-job, EmbedServer bizThreadPool-1160195297] INFO  XxlJobExecutor         - >>>>>>>>>>> xxl-job regist JobThread success, jobId:6, handler:com.xxl.job.core.handler.impl.MethodJobHandler@1f547af8[class cn.cat.trigger.job.UpdateActivitySkuStockJob#exec]
24-11-20.20:03:19.594 [xxl-job, JobThread-6-1732104199590] INFO  UpdateActivitySkuStockJob - 定时任务，更新活动sku库存【延迟队列获取，降低对数据库的更新频次，不要产生竞争】
24-11-20.20:03:19.599 [xxl-job, JobThread-6-1732104199590] INFO  UpdateActivitySkuStockJob - 定时任务，更新活动sku库存 sku:9011 activityId:100301
24-11-20.20:03:24.540 [xxl-job, JobThread-6-1732104199590] INFO  UpdateActivitySkuStockJob - 定时任务，更新活动sku库存【延迟队列获取，降低对数据库的更新频次，不要产生竞争】
24-11-20.20:03:24.545 [xxl-job, JobThread-6-1732104199590] INFO  UpdateActivitySkuStockJob - 定时任务，更新活动sku库存 sku:9011 activityId:100301
24-11-20.20:03:29.545 [xxl-job, JobThread-6-1732104199590] INFO  UpdateActivitySkuStockJob - 定时任务，更新活动sku库存【延迟队列获取，降低对数据库的更新频次，不要产生竞争】
24-11-20.20:03:29.550 [xxl-job, JobThread-6-1732104199590] INFO  UpdateActivitySkuStockJob - 定时任务，更新活动sku库存 sku:9011 activityId:100301
24-11-20.20:03:34.547 [xxl-job, JobThread-6-1732104199590] INFO  UpdateActivitySkuStockJob - 定时任务，更新活动sku库存【延迟队列获取，降低对数据库的更新频次，不要产生竞争】
24-11-20.20:03:34.553 [xxl-job, JobThread-6-1732104199590] INFO  UpdateActivitySkuStockJob - 定时任务，更新活动sku库存 sku:9011 activityId:100301
24-11-20.20:03:39.539 [xxl-job, JobThread-6-1732104199590] INFO  UpdateActivitySkuStockJob - 定时任务，更新活动sku库存【延迟队列获取，降低对数据库的更新频次，不要产生竞争】
24-11-20.20:03:39.545 [xxl-job, JobThread-6-1732104199590] INFO  UpdateActivitySkuStockJob - 定时任务，更新活动sku库存 sku:9011 activityId:100301
24-11-20.20:03:44.551 [xxl-job, JobThread-6-1732104199590] INFO  UpdateActivitySkuStockJob - 定时任务，更新活动sku库存【延迟队列获取，降低对数据库的更新频次，不要产生竞争】
24-11-20.20:03:49.578 [xxl-job, JobThread-6-1732104199590] INFO  UpdateActivitySkuStockJob - 定时任务，更新活动sku库存【延迟队列获取，降低对数据库的更新频次，不要产生竞争】
24-11-20.20:03:54.544 [xxl-job, JobThread-6-1732104199590] INFO  UpdateActivitySkuStockJob - 定时任务，更新活动sku库存【延迟队列获取，降低对数据库的更新频次，不要产生竞争】
24-11-20.20:03:56.295 [org.springframework.amqp.rabbit.RabbitListenerEndpointContainer#0-2] INFO  SimpleMessageListenerContainer - Waiting for workers to finish.
24-11-20.20:03:57.254 [org.springframework.amqp.rabbit.RabbitListenerEndpointContainer#0-2] INFO  SimpleMessageListenerContainer - Successfully waited for workers to finish.
24-11-20.20:03:57.279 [SpringApplicationShutdownHook] INFO  SimpleMessageListenerContainer - Shutdown ignored - container is already stopped
24-11-20.20:03:57.283 [Thread-8        ] INFO  EmbedServer            - >>>>>>>>>>> xxl-job remoting server stop.
24-11-20.20:03:57.291 [xxl-job, executor ExecutorRegistryThread] INFO  ExecutorRegistryThread - >>>>>>>>>>> xxl-job registry-remove success, registryParam:RegistryParam{registryGroup='EXECUTOR', registryKey='update-stock-service', registryValue='http://192.168.136.1:9111/'}, registryResult:ReturnT [code=200, msg=null, content=null]
24-11-20.20:03:57.291 [xxl-job, executor ExecutorRegistryThread] INFO  ExecutorRegistryThread - >>>>>>>>>>> xxl-job, executor registry thread destroy.
24-11-20.20:03:57.291 [SpringApplicationShutdownHook] INFO  EmbedServer            - >>>>>>>>>>> xxl-job remoting server destroy success.
24-11-20.20:03:57.292 [xxl-job, JobThread-6-1732104199590] INFO  JobThread              - >>>>>>>>>>> xxl-job JobThread stoped, hashCode:Thread[xxl-job, JobThread-6-1732104199590,10,main]
24-11-20.20:03:57.293 [xxl-job, executor JobLogFileCleanThread] INFO  JobLogFileCleanThread  - >>>>>>>>>>> xxl-job, executor JobLogFileCleanThread thread destroy.
24-11-20.20:03:57.293 [xxl-job, executor TriggerCallbackThread] INFO  TriggerCallbackThread  - >>>>>>>>>>> xxl-job, executor callback thread destroy.
24-11-20.20:03:57.293 [Thread-7        ] INFO  TriggerCallbackThread  - >>>>>>>>>>> xxl-job, executor retry callback thread destroy.
