24-10-29.20:36:06.697 [main            ] INFO  StrategyArmoryDispatchTest - Starting StrategyArmoryDispatchTest using Java 1.8.0_281 on catlap with PID 9964 (started by Cat in D:\IdeaWorkSpace\GagaPlus\big-market\big-market-app)
24-10-29.20:36:06.697 [main            ] INFO  StrategyArmoryDispatchTest - The following 1 profile is active: "dev"
24-10-29.20:36:07.734 [main            ] INFO  RepositoryConfigurationDelegate - Multiple Spring Data modules found, entering strict repository configuration mode
24-10-29.20:36:07.738 [main            ] INFO  RepositoryConfigurationDelegate - Bootstrapping Spring Data Redis repositories in DEFAULT mode.
24-10-29.20:36:07.763 [main            ] INFO  RepositoryConfigurationDelegate - Finished Spring Data repository scanning in 10 ms. Found 0 Redis repository interfaces.
24-10-29.20:36:09.147 [main            ] INFO  Version                - Redisson 3.23.4
24-10-29.20:36:09.606 [redisson-netty-2-4] INFO  MasterPubSubConnectionPool - 1 connections initialized for 192.168.136.129/192.168.136.129:6379
24-10-29.20:36:09.660 [redisson-netty-2-13] INFO  MasterConnectionPool   - 5 connections initialized for 192.168.136.129/192.168.136.129:6379
24-10-29.20:36:11.063 [main            ] INFO  EndpointLinksResolver  - Exposing 1 endpoint(s) beneath base path '/actuator'
24-10-29.20:36:11.123 [main            ] INFO  StrategyArmoryDispatchTest - Started StrategyArmoryDispatchTest in 4.838 seconds (JVM running for 5.749)
24-10-29.20:36:11.569 [main            ] INFO  HikariDataSource       - HikariPool-1 - Starting...
24-10-29.20:36:12.357 [main            ] INFO  HikariDataSource       - HikariPool-1 - Start completed.
24-10-29.20:36:12.482 [SpringApplicationShutdownHook] INFO  HikariDataSource       - HikariPool-1 - Shutdown initiated...
24-10-29.20:36:12.512 [SpringApplicationShutdownHook] INFO  HikariDataSource       - HikariPool-1 - Shutdown completed.
24-10-29.20:37:58.175 [main            ] INFO  StrategyArmoryDispatchTest - Starting StrategyArmoryDispatchTest using Java 1.8.0_281 on catlap with PID 8380 (started by Cat in D:\IdeaWorkSpace\GagaPlus\big-market\big-market-app)
24-10-29.20:37:58.175 [main            ] INFO  StrategyArmoryDispatchTest - The following 1 profile is active: "dev"
24-10-29.20:37:58.772 [main            ] INFO  RepositoryConfigurationDelegate - Multiple Spring Data modules found, entering strict repository configuration mode
24-10-29.20:37:58.775 [main            ] INFO  RepositoryConfigurationDelegate - Bootstrapping Spring Data Redis repositories in DEFAULT mode.
24-10-29.20:37:58.794 [main            ] INFO  RepositoryConfigurationDelegate - Finished Spring Data repository scanning in 7 ms. Found 0 Redis repository interfaces.
24-10-29.20:38:00.037 [main            ] INFO  Version                - Redisson 3.23.4
24-10-29.20:38:00.427 [redisson-netty-2-4] INFO  MasterPubSubConnectionPool - 1 connections initialized for 192.168.136.129/192.168.136.129:6379
24-10-29.20:38:00.456 [redisson-netty-2-13] INFO  MasterConnectionPool   - 5 connections initialized for 192.168.136.129/192.168.136.129:6379
24-10-29.20:38:02.025 [main            ] INFO  EndpointLinksResolver  - Exposing 1 endpoint(s) beneath base path '/actuator'
24-10-29.20:38:02.075 [main            ] INFO  StrategyArmoryDispatchTest - Started StrategyArmoryDispatchTest in 4.216 seconds (JVM running for 5.202)
24-10-29.20:38:02.524 [redisson-netty-2-2] ERROR CommandDecoder         - Unable to decode data. channel: [id: 0x2259db9c, L:/192.168.136.1:63468 - R:192.168.136.129/192.168.136.129:6379], reply: ReplayingDecoderByteBuf(ridx=642, widx=642), command: (GET), promise: java.util.concurrent.CompletableFuture@1818a98f[Not completed, 1 dependents], params: [big_market_strategy_award_key_100002]
com.fasterxml.jackson.databind.exc.InvalidDefinitionException: Cannot construct instance of `cn.cat.domain.strategy.model.entity.StrategyAwardEntity` (no Creators, like default constructor, exist): cannot deserialize from Object value (no delegate- or property-based Creator)
 at [Source: (io.netty.buffer.ByteBufInputStream); line: 1, column: 93] (through reference chain: java.util.ArrayList[0])
	at com.fasterxml.jackson.databind.exc.InvalidDefinitionException.from(InvalidDefinitionException.java:67)
	at com.fasterxml.jackson.databind.DeserializationContext.reportBadDefinition(DeserializationContext.java:1904)
	at com.fasterxml.jackson.databind.DatabindContext.reportBadDefinition(DatabindContext.java:400)
	at com.fasterxml.jackson.databind.DeserializationContext.handleMissingInstantiator(DeserializationContext.java:1349)
	at com.fasterxml.jackson.databind.deser.BeanDeserializerBase.deserializeFromObjectUsingNonDefault(BeanDeserializerBase.java:1415)
	at com.fasterxml.jackson.databind.deser.BeanDeserializer.deserializeFromObject(BeanDeserializer.java:352)
	at com.fasterxml.jackson.databind.deser.BeanDeserializer._deserializeOther(BeanDeserializer.java:220)
	at com.fasterxml.jackson.databind.deser.BeanDeserializer.deserialize(BeanDeserializer.java:187)
	at com.fasterxml.jackson.databind.jsontype.impl.AsPropertyTypeDeserializer._deserializeTypedForId(AsPropertyTypeDeserializer.java:144)
	at com.fasterxml.jackson.databind.jsontype.impl.AsPropertyTypeDeserializer.deserializeTypedFromObject(AsPropertyTypeDeserializer.java:110)
	at com.fasterxml.jackson.databind.jsontype.impl.AsPropertyTypeDeserializer.deserializeTypedFromAny(AsPropertyTypeDeserializer.java:213)
	at com.fasterxml.jackson.databind.deser.std.UntypedObjectDeserializer$Vanilla.deserializeWithType(UntypedObjectDeserializer.java:781)
	at com.fasterxml.jackson.databind.deser.std.CollectionDeserializer._deserializeFromArray(CollectionDeserializer.java:357)
	at com.fasterxml.jackson.databind.deser.std.CollectionDeserializer.deserialize(CollectionDeserializer.java:244)
	at com.fasterxml.jackson.databind.deser.std.CollectionDeserializer.deserialize(CollectionDeserializer.java:28)
	at com.fasterxml.jackson.databind.jsontype.impl.AsArrayTypeDeserializer._deserialize(AsArrayTypeDeserializer.java:120)
	at com.fasterxml.jackson.databind.jsontype.impl.AsArrayTypeDeserializer.deserializeTypedFromArray(AsArrayTypeDeserializer.java:53)
	at com.fasterxml.jackson.databind.jsontype.impl.AsPropertyTypeDeserializer.deserializeTypedFromAny(AsPropertyTypeDeserializer.java:211)
	at com.fasterxml.jackson.databind.deser.std.UntypedObjectDeserializer$Vanilla.deserializeWithType(UntypedObjectDeserializer.java:781)
	at com.fasterxml.jackson.databind.deser.impl.TypeWrappedDeserializer.deserialize(TypeWrappedDeserializer.java:74)
	at com.fasterxml.jackson.databind.deser.DefaultDeserializationContext.readRootValue(DefaultDeserializationContext.java:323)
	at com.fasterxml.jackson.databind.ObjectMapper._readMapAndClose(ObjectMapper.java:4674)
	at com.fasterxml.jackson.databind.ObjectMapper.readValue(ObjectMapper.java:3666)
	at org.redisson.codec.JsonJacksonCodec$2.decode(JsonJacksonCodec.java:99)
	at org.redisson.client.handler.CommandDecoder.decode(CommandDecoder.java:394)
	at org.redisson.client.handler.CommandDecoder.decodeCommand(CommandDecoder.java:205)
	at org.redisson.client.handler.CommandDecoder.decode(CommandDecoder.java:144)
	at org.redisson.client.handler.CommandDecoder.decode(CommandDecoder.java:120)
	at io.netty.handler.codec.ByteToMessageDecoder.decodeRemovalReentryProtection(ByteToMessageDecoder.java:529)
	at io.netty.handler.codec.ReplayingDecoder.callDecode(ReplayingDecoder.java:366)
	at io.netty.handler.codec.ByteToMessageDecoder.channelRead(ByteToMessageDecoder.java:290)
	at io.netty.channel.AbstractChannelHandlerContext.invokeChannelRead(AbstractChannelHandlerContext.java:444)
	at io.netty.channel.AbstractChannelHandlerContext.invokeChannelRead(AbstractChannelHandlerContext.java:420)
	at io.netty.channel.AbstractChannelHandlerContext.fireChannelRead(AbstractChannelHandlerContext.java:412)
	at io.netty.channel.DefaultChannelPipeline$HeadContext.channelRead(DefaultChannelPipeline.java:1410)
	at io.netty.channel.AbstractChannelHandlerContext.invokeChannelRead(AbstractChannelHandlerContext.java:440)
	at io.netty.channel.AbstractChannelHandlerContext.invokeChannelRead(AbstractChannelHandlerContext.java:420)
	at io.netty.channel.DefaultChannelPipeline.fireChannelRead(DefaultChannelPipeline.java:919)
	at io.netty.channel.nio.AbstractNioByteChannel$NioByteUnsafe.read(AbstractNioByteChannel.java:166)
	at io.netty.channel.nio.NioEventLoop.processSelectedKey(NioEventLoop.java:788)
	at io.netty.channel.nio.NioEventLoop.processSelectedKeysOptimized(NioEventLoop.java:724)
	at io.netty.channel.nio.NioEventLoop.processSelectedKeys(NioEventLoop.java:650)
	at io.netty.channel.nio.NioEventLoop.run(NioEventLoop.java:562)
	at io.netty.util.concurrent.SingleThreadEventExecutor$4.run(SingleThreadEventExecutor.java:997)
	at io.netty.util.internal.ThreadExecutorMap$2.run(ThreadExecutorMap.java:74)
	at io.netty.util.concurrent.FastThreadLocalRunnable.run(FastThreadLocalRunnable.java:30)
	at java.lang.Thread.run(Thread.java:748)
24-10-29.20:38:02.532 [redisson-netty-2-2] ERROR ErrorsLoggingHandler   - Exception occured. Channel: [id: 0x2259db9c, L:/192.168.136.1:63468 - R:192.168.136.129/192.168.136.129:6379]
io.netty.handler.codec.DecoderException: com.fasterxml.jackson.databind.exc.InvalidDefinitionException: Cannot construct instance of `cn.cat.domain.strategy.model.entity.StrategyAwardEntity` (no Creators, like default constructor, exist): cannot deserialize from Object value (no delegate- or property-based Creator)
 at [Source: (io.netty.buffer.ByteBufInputStream); line: 1, column: 93] (through reference chain: java.util.ArrayList[0])
	at io.netty.handler.codec.ReplayingDecoder.callDecode(ReplayingDecoder.java:421)
	at io.netty.handler.codec.ByteToMessageDecoder.channelRead(ByteToMessageDecoder.java:290)
	at io.netty.channel.AbstractChannelHandlerContext.invokeChannelRead(AbstractChannelHandlerContext.java:444)
	at io.netty.channel.AbstractChannelHandlerContext.invokeChannelRead(AbstractChannelHandlerContext.java:420)
	at io.netty.channel.AbstractChannelHandlerContext.fireChannelRead(AbstractChannelHandlerContext.java:412)
	at io.netty.channel.DefaultChannelPipeline$HeadContext.channelRead(DefaultChannelPipeline.java:1410)
	at io.netty.channel.AbstractChannelHandlerContext.invokeChannelRead(AbstractChannelHandlerContext.java:440)
	at io.netty.channel.AbstractChannelHandlerContext.invokeChannelRead(AbstractChannelHandlerContext.java:420)
	at io.netty.channel.DefaultChannelPipeline.fireChannelRead(DefaultChannelPipeline.java:919)
	at io.netty.channel.nio.AbstractNioByteChannel$NioByteUnsafe.read(AbstractNioByteChannel.java:166)
	at io.netty.channel.nio.NioEventLoop.processSelectedKey(NioEventLoop.java:788)
	at io.netty.channel.nio.NioEventLoop.processSelectedKeysOptimized(NioEventLoop.java:724)
	at io.netty.channel.nio.NioEventLoop.processSelectedKeys(NioEventLoop.java:650)
	at io.netty.channel.nio.NioEventLoop.run(NioEventLoop.java:562)
	at io.netty.util.concurrent.SingleThreadEventExecutor$4.run(SingleThreadEventExecutor.java:997)
	at io.netty.util.internal.ThreadExecutorMap$2.run(ThreadExecutorMap.java:74)
	at io.netty.util.concurrent.FastThreadLocalRunnable.run(FastThreadLocalRunnable.java:30)
	at java.lang.Thread.run(Thread.java:748)
Caused by: com.fasterxml.jackson.databind.exc.InvalidDefinitionException: Cannot construct instance of `cn.cat.domain.strategy.model.entity.StrategyAwardEntity` (no Creators, like default constructor, exist): cannot deserialize from Object value (no delegate- or property-based Creator)
 at [Source: (io.netty.buffer.ByteBufInputStream); line: 1, column: 93] (through reference chain: java.util.ArrayList[0])
	at com.fasterxml.jackson.databind.exc.InvalidDefinitionException.from(InvalidDefinitionException.java:67)
	at com.fasterxml.jackson.databind.DeserializationContext.reportBadDefinition(DeserializationContext.java:1904)
	at com.fasterxml.jackson.databind.DatabindContext.reportBadDefinition(DatabindContext.java:400)
	at com.fasterxml.jackson.databind.DeserializationContext.handleMissingInstantiator(DeserializationContext.java:1349)
	at com.fasterxml.jackson.databind.deser.BeanDeserializerBase.deserializeFromObjectUsingNonDefault(BeanDeserializerBase.java:1415)
	at com.fasterxml.jackson.databind.deser.BeanDeserializer.deserializeFromObject(BeanDeserializer.java:352)
	at com.fasterxml.jackson.databind.deser.BeanDeserializer._deserializeOther(BeanDeserializer.java:220)
	at com.fasterxml.jackson.databind.deser.BeanDeserializer.deserialize(BeanDeserializer.java:187)
	at com.fasterxml.jackson.databind.jsontype.impl.AsPropertyTypeDeserializer._deserializeTypedForId(AsPropertyTypeDeserializer.java:144)
	at com.fasterxml.jackson.databind.jsontype.impl.AsPropertyTypeDeserializer.deserializeTypedFromObject(AsPropertyTypeDeserializer.java:110)
	at com.fasterxml.jackson.databind.jsontype.impl.AsPropertyTypeDeserializer.deserializeTypedFromAny(AsPropertyTypeDeserializer.java:213)
	at com.fasterxml.jackson.databind.deser.std.UntypedObjectDeserializer$Vanilla.deserializeWithType(UntypedObjectDeserializer.java:781)
	at com.fasterxml.jackson.databind.deser.std.CollectionDeserializer._deserializeFromArray(CollectionDeserializer.java:357)
	at com.fasterxml.jackson.databind.deser.std.CollectionDeserializer.deserialize(CollectionDeserializer.java:244)
	at com.fasterxml.jackson.databind.deser.std.CollectionDeserializer.deserialize(CollectionDeserializer.java:28)
	at com.fasterxml.jackson.databind.jsontype.impl.AsArrayTypeDeserializer._deserialize(AsArrayTypeDeserializer.java:120)
	at com.fasterxml.jackson.databind.jsontype.impl.AsArrayTypeDeserializer.deserializeTypedFromArray(AsArrayTypeDeserializer.java:53)
	at com.fasterxml.jackson.databind.jsontype.impl.AsPropertyTypeDeserializer.deserializeTypedFromAny(AsPropertyTypeDeserializer.java:211)
	at com.fasterxml.jackson.databind.deser.std.UntypedObjectDeserializer$Vanilla.deserializeWithType(UntypedObjectDeserializer.java:781)
	at com.fasterxml.jackson.databind.deser.impl.TypeWrappedDeserializer.deserialize(TypeWrappedDeserializer.java:74)
	at com.fasterxml.jackson.databind.deser.DefaultDeserializationContext.readRootValue(DefaultDeserializationContext.java:323)
	at com.fasterxml.jackson.databind.ObjectMapper._readMapAndClose(ObjectMapper.java:4674)
	at com.fasterxml.jackson.databind.ObjectMapper.readValue(ObjectMapper.java:3666)
	at org.redisson.codec.JsonJacksonCodec$2.decode(JsonJacksonCodec.java:99)
	at org.redisson.client.handler.CommandDecoder.decode(CommandDecoder.java:394)
	at org.redisson.client.handler.CommandDecoder.decodeCommand(CommandDecoder.java:205)
	at org.redisson.client.handler.CommandDecoder.decode(CommandDecoder.java:144)
	at org.redisson.client.handler.CommandDecoder.decode(CommandDecoder.java:120)
	at io.netty.handler.codec.ByteToMessageDecoder.decodeRemovalReentryProtection(ByteToMessageDecoder.java:529)
	at io.netty.handler.codec.ReplayingDecoder.callDecode(ReplayingDecoder.java:366)
	... 17 common frames omitted
24-10-29.20:40:34.987 [main            ] INFO  StrategyArmoryDispatchTest - Starting StrategyArmoryDispatchTest using Java 1.8.0_281 on catlap with PID 1116 (started by Cat in D:\IdeaWorkSpace\GagaPlus\big-market\big-market-app)
24-10-29.20:40:34.988 [main            ] INFO  StrategyArmoryDispatchTest - The following 1 profile is active: "dev"
24-10-29.20:40:35.522 [main            ] INFO  RepositoryConfigurationDelegate - Multiple Spring Data modules found, entering strict repository configuration mode
24-10-29.20:40:35.525 [main            ] INFO  RepositoryConfigurationDelegate - Bootstrapping Spring Data Redis repositories in DEFAULT mode.
24-10-29.20:40:35.540 [main            ] INFO  RepositoryConfigurationDelegate - Finished Spring Data repository scanning in 6 ms. Found 0 Redis repository interfaces.
24-10-29.20:40:36.602 [main            ] INFO  Version                - Redisson 3.23.4
24-10-29.20:40:36.938 [redisson-netty-2-5] INFO  MasterPubSubConnectionPool - 1 connections initialized for 192.168.136.129/192.168.136.129:6379
24-10-29.20:40:36.962 [redisson-netty-2-13] INFO  MasterConnectionPool   - 5 connections initialized for 192.168.136.129/192.168.136.129:6379
24-10-29.20:40:38.198 [main            ] INFO  EndpointLinksResolver  - Exposing 1 endpoint(s) beneath base path '/actuator'
24-10-29.20:40:38.261 [main            ] INFO  StrategyArmoryDispatchTest - Started StrategyArmoryDispatchTest in 3.589 seconds (JVM running for 4.153)
24-10-29.20:40:38.600 [main            ] INFO  HikariDataSource       - HikariPool-1 - Starting...
24-10-29.20:40:39.169 [main            ] INFO  HikariDataSource       - HikariPool-1 - Start completed.
24-10-29.20:40:39.421 [main            ] INFO  StrategyArmoryDispatchTest - 策略组装成功
24-10-29.20:40:39.453 [SpringApplicationShutdownHook] INFO  HikariDataSource       - HikariPool-1 - Shutdown initiated...
24-10-29.20:40:39.487 [SpringApplicationShutdownHook] INFO  HikariDataSource       - HikariPool-1 - Shutdown completed.
24-10-29.20:41:28.961 [main            ] INFO  StrategyArmoryDispatchTest - Starting StrategyArmoryDispatchTest using Java 1.8.0_281 on catlap with PID 20416 (started by Cat in D:\IdeaWorkSpace\GagaPlus\big-market\big-market-app)
24-10-29.20:41:28.962 [main            ] INFO  StrategyArmoryDispatchTest - The following 1 profile is active: "dev"
24-10-29.20:41:29.501 [main            ] INFO  RepositoryConfigurationDelegate - Multiple Spring Data modules found, entering strict repository configuration mode
24-10-29.20:41:29.503 [main            ] INFO  RepositoryConfigurationDelegate - Bootstrapping Spring Data Redis repositories in DEFAULT mode.
24-10-29.20:41:29.523 [main            ] INFO  RepositoryConfigurationDelegate - Finished Spring Data repository scanning in 10 ms. Found 0 Redis repository interfaces.
24-10-29.20:41:30.626 [main            ] INFO  Version                - Redisson 3.23.4
24-10-29.20:41:30.996 [redisson-netty-2-4] INFO  MasterPubSubConnectionPool - 1 connections initialized for 192.168.136.129/192.168.136.129:6379
24-10-29.20:41:31.015 [redisson-netty-2-13] INFO  MasterConnectionPool   - 5 connections initialized for 192.168.136.129/192.168.136.129:6379
24-10-29.20:41:32.344 [main            ] INFO  EndpointLinksResolver  - Exposing 1 endpoint(s) beneath base path '/actuator'
24-10-29.20:41:32.396 [main            ] INFO  StrategyArmoryDispatchTest - Started StrategyArmoryDispatchTest in 3.755 seconds (JVM running for 4.328)
24-10-29.20:41:42.814 [main            ] INFO  StrategyArmoryDispatchTest - Starting StrategyArmoryDispatchTest using Java 1.8.0_281 on catlap with PID 7336 (started by Cat in D:\IdeaWorkSpace\GagaPlus\big-market\big-market-app)
24-10-29.20:41:42.814 [main            ] INFO  StrategyArmoryDispatchTest - The following 1 profile is active: "dev"
24-10-29.20:41:43.362 [main            ] INFO  RepositoryConfigurationDelegate - Multiple Spring Data modules found, entering strict repository configuration mode
24-10-29.20:41:43.364 [main            ] INFO  RepositoryConfigurationDelegate - Bootstrapping Spring Data Redis repositories in DEFAULT mode.
24-10-29.20:41:43.380 [main            ] INFO  RepositoryConfigurationDelegate - Finished Spring Data repository scanning in 7 ms. Found 0 Redis repository interfaces.
24-10-29.20:41:44.427 [main            ] INFO  Version                - Redisson 3.23.4
24-10-29.20:41:44.766 [redisson-netty-2-5] INFO  MasterPubSubConnectionPool - 1 connections initialized for 192.168.136.129/192.168.136.129:6379
24-10-29.20:41:44.806 [redisson-netty-2-13] INFO  MasterConnectionPool   - 5 connections initialized for 192.168.136.129/192.168.136.129:6379
24-10-29.20:41:46.061 [main            ] INFO  EndpointLinksResolver  - Exposing 1 endpoint(s) beneath base path '/actuator'
24-10-29.20:41:46.119 [main            ] INFO  StrategyArmoryDispatchTest - Started StrategyArmoryDispatchTest in 3.596 seconds (JVM running for 4.144)
24-10-29.20:41:46.413 [main            ] INFO  StrategyArmoryDispatchTest - 抽奖结果：102，奖品ID
24-10-29.20:41:46.418 [main            ] INFO  StrategyArmoryDispatchTest - 抽奖结果：103，奖品ID
24-10-29.20:41:46.424 [main            ] INFO  StrategyArmoryDispatchTest - 抽奖结果：106，奖品ID
24-10-29.20:41:46.438 [main            ] INFO  StrategyArmoryDispatchTest - 抽奖结果：103，奖品ID
24-10-29.20:41:46.443 [main            ] INFO  StrategyArmoryDispatchTest - 抽奖结果：104，奖品ID
24-10-29.20:41:46.466 [main            ] INFO  StrategyArmoryDispatchTest - 抽奖结果：102，奖品ID
24-10-29.20:41:46.471 [main            ] INFO  StrategyArmoryDispatchTest - 抽奖结果：103，奖品ID
24-10-29.20:41:46.474 [main            ] INFO  StrategyArmoryDispatchTest - 抽奖结果：103，奖品ID
24-10-29.20:41:46.477 [main            ] INFO  StrategyArmoryDispatchTest - 抽奖结果：105，奖品ID
24-10-29.20:41:46.482 [main            ] INFO  StrategyArmoryDispatchTest - 抽奖结果：103，奖品ID
24-10-29.20:41:46.487 [main            ] INFO  StrategyArmoryDispatchTest - 抽奖结果：102，奖品ID
24-10-29.20:41:46.492 [main            ] INFO  StrategyArmoryDispatchTest - 抽奖结果：103，奖品ID
24-10-29.20:41:46.508 [main            ] INFO  StrategyArmoryDispatchTest - 抽奖结果：107，奖品ID
24-10-29.20:41:46.516 [main            ] INFO  StrategyArmoryDispatchTest - 抽奖结果：103，奖品ID
24-10-29.20:41:46.523 [main            ] INFO  StrategyArmoryDispatchTest - 抽奖结果：106，奖品ID
24-10-29.20:41:46.528 [main            ] INFO  StrategyArmoryDispatchTest - 抽奖结果：102，奖品ID
24-10-29.20:41:46.533 [main            ] INFO  StrategyArmoryDispatchTest - 抽奖结果：102，奖品ID
24-10-29.20:41:46.537 [main            ] INFO  StrategyArmoryDispatchTest - 抽奖结果：105，奖品ID
24-10-29.20:41:46.542 [main            ] INFO  StrategyArmoryDispatchTest - 抽奖结果：103，奖品ID
24-10-29.20:41:46.546 [main            ] INFO  StrategyArmoryDispatchTest - 抽奖结果：102，奖品ID
24-10-29.20:41:46.552 [main            ] INFO  StrategyArmoryDispatchTest - 抽奖结果：103，奖品ID
24-10-29.20:41:46.557 [main            ] INFO  StrategyArmoryDispatchTest - 抽奖结果：103，奖品ID
24-10-29.20:41:46.568 [main            ] INFO  StrategyArmoryDispatchTest - 抽奖结果：101，奖品ID
24-10-29.20:41:46.573 [main            ] INFO  StrategyArmoryDispatchTest - 抽奖结果：103，奖品ID
24-10-29.20:41:46.577 [main            ] INFO  StrategyArmoryDispatchTest - 抽奖结果：105，奖品ID
24-10-29.20:41:46.581 [main            ] INFO  StrategyArmoryDispatchTest - 抽奖结果：101，奖品ID
24-10-29.20:41:46.584 [main            ] INFO  StrategyArmoryDispatchTest - 抽奖结果：101，奖品ID
24-10-29.20:41:46.587 [main            ] INFO  StrategyArmoryDispatchTest - 抽奖结果：107，奖品ID
24-10-29.20:41:46.589 [main            ] INFO  StrategyArmoryDispatchTest - 抽奖结果：101，奖品ID
24-10-29.20:41:46.592 [main            ] INFO  StrategyArmoryDispatchTest - 抽奖结果：103，奖品ID
24-10-29.20:41:46.595 [main            ] INFO  StrategyArmoryDispatchTest - 抽奖结果：106，奖品ID
24-10-29.20:41:46.597 [main            ] INFO  StrategyArmoryDispatchTest - 抽奖结果：104，奖品ID
24-10-29.20:41:46.616 [main            ] INFO  StrategyArmoryDispatchTest - 抽奖结果：104，奖品ID
24-10-29.20:41:46.619 [main            ] INFO  StrategyArmoryDispatchTest - 抽奖结果：105，奖品ID
24-10-29.20:41:46.622 [main            ] INFO  StrategyArmoryDispatchTest - 抽奖结果：102，奖品ID
24-10-29.20:41:46.624 [main            ] INFO  StrategyArmoryDispatchTest - 抽奖结果：103，奖品ID
24-10-29.20:41:46.629 [main            ] INFO  StrategyArmoryDispatchTest - 抽奖结果：102，奖品ID
24-10-29.20:41:46.631 [main            ] INFO  StrategyArmoryDispatchTest - 抽奖结果：101，奖品ID
24-10-29.20:41:46.633 [main            ] INFO  StrategyArmoryDispatchTest - 抽奖结果：103，奖品ID
24-10-29.20:41:46.667 [main            ] INFO  StrategyArmoryDispatchTest - 抽奖结果：101，奖品ID
24-10-29.20:41:46.672 [main            ] INFO  StrategyArmoryDispatchTest - 抽奖结果：105，奖品ID
24-10-29.20:41:46.676 [main            ] INFO  StrategyArmoryDispatchTest - 抽奖结果：101，奖品ID
24-10-29.20:41:46.681 [main            ] INFO  StrategyArmoryDispatchTest - 抽奖结果：101，奖品ID
24-10-29.20:41:46.683 [main            ] INFO  StrategyArmoryDispatchTest - 抽奖结果：103，奖品ID
24-10-29.20:41:46.687 [main            ] INFO  StrategyArmoryDispatchTest - 抽奖结果：104，奖品ID
24-10-29.20:41:46.700 [main            ] INFO  StrategyArmoryDispatchTest - 抽奖结果：102，奖品ID
24-10-29.20:41:46.705 [main            ] INFO  StrategyArmoryDispatchTest - 抽奖结果：105，奖品ID
24-10-29.20:41:46.713 [main            ] INFO  StrategyArmoryDispatchTest - 抽奖结果：101，奖品ID
24-10-29.20:41:46.717 [main            ] INFO  StrategyArmoryDispatchTest - 抽奖结果：101，奖品ID
24-10-29.20:41:46.720 [main            ] INFO  StrategyArmoryDispatchTest - 抽奖结果：101，奖品ID
24-10-29.20:41:46.724 [main            ] INFO  StrategyArmoryDispatchTest - 抽奖结果：104，奖品ID
24-10-29.20:41:46.728 [main            ] INFO  StrategyArmoryDispatchTest - 抽奖结果：102，奖品ID
24-10-29.20:41:46.733 [main            ] INFO  StrategyArmoryDispatchTest - 抽奖结果：104，奖品ID
24-10-29.20:41:46.754 [main            ] INFO  StrategyArmoryDispatchTest - 抽奖结果：103，奖品ID
24-10-29.20:41:46.761 [main            ] INFO  StrategyArmoryDispatchTest - 抽奖结果：105，奖品ID
24-10-29.20:41:46.768 [main            ] INFO  StrategyArmoryDispatchTest - 抽奖结果：106，奖品ID
24-10-29.20:41:46.773 [main            ] INFO  StrategyArmoryDispatchTest - 抽奖结果：107，奖品ID
24-10-29.20:41:46.779 [main            ] INFO  StrategyArmoryDispatchTest - 抽奖结果：102，奖品ID
24-10-29.20:41:46.783 [main            ] INFO  StrategyArmoryDispatchTest - 抽奖结果：105，奖品ID
24-10-29.20:41:46.794 [main            ] INFO  StrategyArmoryDispatchTest - 抽奖结果：101，奖品ID
24-10-29.20:41:46.800 [main            ] INFO  StrategyArmoryDispatchTest - 抽奖结果：101，奖品ID
24-10-29.20:41:46.803 [main            ] INFO  StrategyArmoryDispatchTest - 抽奖结果：101，奖品ID
24-10-29.20:41:46.818 [main            ] INFO  StrategyArmoryDispatchTest - 抽奖结果：102，奖品ID
24-10-29.20:41:46.821 [main            ] INFO  StrategyArmoryDispatchTest - 抽奖结果：101，奖品ID
24-10-29.20:41:46.826 [main            ] INFO  StrategyArmoryDispatchTest - 抽奖结果：101，奖品ID
24-10-29.20:41:46.830 [main            ] INFO  StrategyArmoryDispatchTest - 抽奖结果：101，奖品ID
24-10-29.20:41:46.837 [main            ] INFO  StrategyArmoryDispatchTest - 抽奖结果：104，奖品ID
24-10-29.20:41:46.841 [main            ] INFO  StrategyArmoryDispatchTest - 抽奖结果：105，奖品ID
24-10-29.20:41:46.844 [main            ] INFO  StrategyArmoryDispatchTest - 抽奖结果：104，奖品ID
24-10-29.20:41:46.847 [main            ] INFO  StrategyArmoryDispatchTest - 抽奖结果：103，奖品ID
24-10-29.20:41:46.850 [main            ] INFO  StrategyArmoryDispatchTest - 抽奖结果：107，奖品ID
24-10-29.20:41:46.854 [main            ] INFO  StrategyArmoryDispatchTest - 抽奖结果：102，奖品ID
24-10-29.20:41:46.858 [main            ] INFO  StrategyArmoryDispatchTest - 抽奖结果：103，奖品ID
24-10-29.20:41:46.864 [main            ] INFO  StrategyArmoryDispatchTest - 抽奖结果：101，奖品ID
24-10-29.20:41:46.870 [main            ] INFO  StrategyArmoryDispatchTest - 抽奖结果：105，奖品ID
24-10-29.20:41:46.877 [main            ] INFO  StrategyArmoryDispatchTest - 抽奖结果：101，奖品ID
24-10-29.20:41:46.880 [main            ] INFO  StrategyArmoryDispatchTest - 抽奖结果：103，奖品ID
24-10-29.20:41:46.884 [main            ] INFO  StrategyArmoryDispatchTest - 抽奖结果：104，奖品ID
24-10-29.20:41:46.890 [main            ] INFO  StrategyArmoryDispatchTest - 抽奖结果：101，奖品ID
24-10-29.20:41:46.894 [main            ] INFO  StrategyArmoryDispatchTest - 抽奖结果：104，奖品ID
24-10-29.20:41:46.899 [main            ] INFO  StrategyArmoryDispatchTest - 抽奖结果：105，奖品ID
24-10-29.20:41:46.904 [main            ] INFO  StrategyArmoryDispatchTest - 抽奖结果：103，奖品ID
24-10-29.20:41:46.909 [main            ] INFO  StrategyArmoryDispatchTest - 抽奖结果：101，奖品ID
24-10-29.20:41:46.914 [main            ] INFO  StrategyArmoryDispatchTest - 抽奖结果：103，奖品ID
24-10-29.20:41:46.918 [main            ] INFO  StrategyArmoryDispatchTest - 抽奖结果：101，奖品ID
24-10-29.20:41:46.922 [main            ] INFO  StrategyArmoryDispatchTest - 抽奖结果：103，奖品ID
24-10-29.20:41:46.927 [main            ] INFO  StrategyArmoryDispatchTest - 抽奖结果：102，奖品ID
24-10-29.20:41:46.931 [main            ] INFO  StrategyArmoryDispatchTest - 抽奖结果：101，奖品ID
24-10-29.20:41:46.934 [main            ] INFO  StrategyArmoryDispatchTest - 抽奖结果：101，奖品ID
24-10-29.20:41:46.938 [main            ] INFO  StrategyArmoryDispatchTest - 抽奖结果：101，奖品ID
24-10-29.20:41:46.942 [main            ] INFO  StrategyArmoryDispatchTest - 抽奖结果：101，奖品ID
24-10-29.20:41:46.947 [main            ] INFO  StrategyArmoryDispatchTest - 抽奖结果：102，奖品ID
24-10-29.20:41:46.951 [main            ] INFO  StrategyArmoryDispatchTest - 抽奖结果：103，奖品ID
24-10-29.20:41:46.954 [main            ] INFO  StrategyArmoryDispatchTest - 抽奖结果：103，奖品ID
24-10-29.20:41:46.958 [main            ] INFO  StrategyArmoryDispatchTest - 抽奖结果：101，奖品ID
24-10-29.20:41:46.963 [main            ] INFO  StrategyArmoryDispatchTest - 抽奖结果：104，奖品ID
24-10-29.20:41:46.968 [main            ] INFO  StrategyArmoryDispatchTest - 抽奖结果：103，奖品ID
24-10-29.20:41:46.973 [main            ] INFO  StrategyArmoryDispatchTest - 抽奖结果：102，奖品ID
24-10-29.20:41:46.978 [main            ] INFO  StrategyArmoryDispatchTest - 抽奖结果：102，奖品ID
24-10-29.20:41:46.982 [main            ] INFO  StrategyArmoryDispatchTest - 抽奖结果：108，奖品ID
24-10-29.23:23:53.453 [main            ] INFO  StrategyArmoryDispatchTest - Starting StrategyArmoryDispatchTest using Java 1.8.0_281 on catlap with PID 3228 (started by Cat in D:\IdeaWorkSpace\GagaPlus\big-market\big-market-app)
24-10-29.23:23:53.454 [main            ] INFO  StrategyArmoryDispatchTest - The following 1 profile is active: "dev"
24-10-29.23:23:54.299 [main            ] INFO  RepositoryConfigurationDelegate - Multiple Spring Data modules found, entering strict repository configuration mode
24-10-29.23:23:54.302 [main            ] INFO  RepositoryConfigurationDelegate - Bootstrapping Spring Data Redis repositories in DEFAULT mode.
24-10-29.23:23:54.327 [main            ] INFO  RepositoryConfigurationDelegate - Finished Spring Data repository scanning in 8 ms. Found 0 Redis repository interfaces.
24-10-29.23:23:55.696 [main            ] INFO  Version                - Redisson 3.23.4
24-10-29.23:23:56.093 [redisson-netty-2-4] INFO  MasterPubSubConnectionPool - 1 connections initialized for 192.168.136.129/192.168.136.129:6379
24-10-29.23:23:56.116 [redisson-netty-2-13] INFO  MasterConnectionPool   - 5 connections initialized for 192.168.136.129/192.168.136.129:6379
24-10-29.23:23:57.518 [main            ] INFO  EndpointLinksResolver  - Exposing 1 endpoint(s) beneath base path '/actuator'
24-10-29.23:23:57.566 [main            ] INFO  StrategyArmoryDispatchTest - Started StrategyArmoryDispatchTest in 4.525 seconds (JVM running for 5.502)
24-10-29.23:23:57.998 [redisson-netty-2-2] ERROR CommandDecoder         - Unable to decode data. channel: [id: 0xe8ccfd80, L:/192.168.136.1:54690 - R:192.168.136.129/192.168.136.129:6379], reply: ReplayingDecoderByteBuf(ridx=1905, widx=1905), command: (GET), promise: java.util.concurrent.CompletableFuture@1bf75246[Not completed, 1 dependents], params: [big_market_strategy_award_key_100001]
com.fasterxml.jackson.databind.exc.InvalidDefinitionException: Cannot construct instance of `cn.cat.domain.strategy.model.entity.StrategyAwardEntity` (no Creators, like default constructor, exist): cannot deserialize from Object value (no delegate- or property-based Creator)
 at [Source: (io.netty.buffer.ByteBufInputStream); line: 1, column: 93] (through reference chain: java.util.ArrayList[0])
	at com.fasterxml.jackson.databind.exc.InvalidDefinitionException.from(InvalidDefinitionException.java:67)
	at com.fasterxml.jackson.databind.DeserializationContext.reportBadDefinition(DeserializationContext.java:1904)
	at com.fasterxml.jackson.databind.DatabindContext.reportBadDefinition(DatabindContext.java:400)
	at com.fasterxml.jackson.databind.DeserializationContext.handleMissingInstantiator(DeserializationContext.java:1349)
	at com.fasterxml.jackson.databind.deser.BeanDeserializerBase.deserializeFromObjectUsingNonDefault(BeanDeserializerBase.java:1415)
	at com.fasterxml.jackson.databind.deser.BeanDeserializer.deserializeFromObject(BeanDeserializer.java:352)
	at com.fasterxml.jackson.databind.deser.BeanDeserializer._deserializeOther(BeanDeserializer.java:220)
	at com.fasterxml.jackson.databind.deser.BeanDeserializer.deserialize(BeanDeserializer.java:187)
	at com.fasterxml.jackson.databind.jsontype.impl.AsPropertyTypeDeserializer._deserializeTypedForId(AsPropertyTypeDeserializer.java:144)
	at com.fasterxml.jackson.databind.jsontype.impl.AsPropertyTypeDeserializer.deserializeTypedFromObject(AsPropertyTypeDeserializer.java:110)
	at com.fasterxml.jackson.databind.jsontype.impl.AsPropertyTypeDeserializer.deserializeTypedFromAny(AsPropertyTypeDeserializer.java:213)
	at com.fasterxml.jackson.databind.deser.std.UntypedObjectDeserializer$Vanilla.deserializeWithType(UntypedObjectDeserializer.java:781)
	at com.fasterxml.jackson.databind.deser.std.CollectionDeserializer._deserializeFromArray(CollectionDeserializer.java:357)
	at com.fasterxml.jackson.databind.deser.std.CollectionDeserializer.deserialize(CollectionDeserializer.java:244)
	at com.fasterxml.jackson.databind.deser.std.CollectionDeserializer.deserialize(CollectionDeserializer.java:28)
	at com.fasterxml.jackson.databind.jsontype.impl.AsArrayTypeDeserializer._deserialize(AsArrayTypeDeserializer.java:120)
	at com.fasterxml.jackson.databind.jsontype.impl.AsArrayTypeDeserializer.deserializeTypedFromArray(AsArrayTypeDeserializer.java:53)
	at com.fasterxml.jackson.databind.jsontype.impl.AsPropertyTypeDeserializer.deserializeTypedFromAny(AsPropertyTypeDeserializer.java:211)
	at com.fasterxml.jackson.databind.deser.std.UntypedObjectDeserializer$Vanilla.deserializeWithType(UntypedObjectDeserializer.java:781)
	at com.fasterxml.jackson.databind.deser.impl.TypeWrappedDeserializer.deserialize(TypeWrappedDeserializer.java:74)
	at com.fasterxml.jackson.databind.deser.DefaultDeserializationContext.readRootValue(DefaultDeserializationContext.java:323)
	at com.fasterxml.jackson.databind.ObjectMapper._readMapAndClose(ObjectMapper.java:4674)
	at com.fasterxml.jackson.databind.ObjectMapper.readValue(ObjectMapper.java:3666)
	at org.redisson.codec.JsonJacksonCodec$2.decode(JsonJacksonCodec.java:99)
	at org.redisson.client.handler.CommandDecoder.decode(CommandDecoder.java:394)
	at org.redisson.client.handler.CommandDecoder.decodeCommand(CommandDecoder.java:205)
	at org.redisson.client.handler.CommandDecoder.decode(CommandDecoder.java:144)
	at org.redisson.client.handler.CommandDecoder.decode(CommandDecoder.java:120)
	at io.netty.handler.codec.ByteToMessageDecoder.decodeRemovalReentryProtection(ByteToMessageDecoder.java:529)
	at io.netty.handler.codec.ReplayingDecoder.callDecode(ReplayingDecoder.java:366)
	at io.netty.handler.codec.ByteToMessageDecoder.channelRead(ByteToMessageDecoder.java:290)
	at io.netty.channel.AbstractChannelHandlerContext.invokeChannelRead(AbstractChannelHandlerContext.java:444)
	at io.netty.channel.AbstractChannelHandlerContext.invokeChannelRead(AbstractChannelHandlerContext.java:420)
	at io.netty.channel.AbstractChannelHandlerContext.fireChannelRead(AbstractChannelHandlerContext.java:412)
	at io.netty.channel.DefaultChannelPipeline$HeadContext.channelRead(DefaultChannelPipeline.java:1410)
	at io.netty.channel.AbstractChannelHandlerContext.invokeChannelRead(AbstractChannelHandlerContext.java:440)
	at io.netty.channel.AbstractChannelHandlerContext.invokeChannelRead(AbstractChannelHandlerContext.java:420)
	at io.netty.channel.DefaultChannelPipeline.fireChannelRead(DefaultChannelPipeline.java:919)
	at io.netty.channel.nio.AbstractNioByteChannel$NioByteUnsafe.read(AbstractNioByteChannel.java:166)
	at io.netty.channel.nio.NioEventLoop.processSelectedKey(NioEventLoop.java:788)
	at io.netty.channel.nio.NioEventLoop.processSelectedKeysOptimized(NioEventLoop.java:724)
	at io.netty.channel.nio.NioEventLoop.processSelectedKeys(NioEventLoop.java:650)
	at io.netty.channel.nio.NioEventLoop.run(NioEventLoop.java:562)
	at io.netty.util.concurrent.SingleThreadEventExecutor$4.run(SingleThreadEventExecutor.java:997)
	at io.netty.util.internal.ThreadExecutorMap$2.run(ThreadExecutorMap.java:74)
	at io.netty.util.concurrent.FastThreadLocalRunnable.run(FastThreadLocalRunnable.java:30)
	at java.lang.Thread.run(Thread.java:748)
24-10-29.23:23:58.004 [redisson-netty-2-2] ERROR ErrorsLoggingHandler   - Exception occured. Channel: [id: 0xe8ccfd80, L:/192.168.136.1:54690 - R:192.168.136.129/192.168.136.129:6379]
io.netty.handler.codec.DecoderException: com.fasterxml.jackson.databind.exc.InvalidDefinitionException: Cannot construct instance of `cn.cat.domain.strategy.model.entity.StrategyAwardEntity` (no Creators, like default constructor, exist): cannot deserialize from Object value (no delegate- or property-based Creator)
 at [Source: (io.netty.buffer.ByteBufInputStream); line: 1, column: 93] (through reference chain: java.util.ArrayList[0])
	at io.netty.handler.codec.ReplayingDecoder.callDecode(ReplayingDecoder.java:421)
	at io.netty.handler.codec.ByteToMessageDecoder.channelRead(ByteToMessageDecoder.java:290)
	at io.netty.channel.AbstractChannelHandlerContext.invokeChannelRead(AbstractChannelHandlerContext.java:444)
	at io.netty.channel.AbstractChannelHandlerContext.invokeChannelRead(AbstractChannelHandlerContext.java:420)
	at io.netty.channel.AbstractChannelHandlerContext.fireChannelRead(AbstractChannelHandlerContext.java:412)
	at io.netty.channel.DefaultChannelPipeline$HeadContext.channelRead(DefaultChannelPipeline.java:1410)
	at io.netty.channel.AbstractChannelHandlerContext.invokeChannelRead(AbstractChannelHandlerContext.java:440)
	at io.netty.channel.AbstractChannelHandlerContext.invokeChannelRead(AbstractChannelHandlerContext.java:420)
	at io.netty.channel.DefaultChannelPipeline.fireChannelRead(DefaultChannelPipeline.java:919)
	at io.netty.channel.nio.AbstractNioByteChannel$NioByteUnsafe.read(AbstractNioByteChannel.java:166)
	at io.netty.channel.nio.NioEventLoop.processSelectedKey(NioEventLoop.java:788)
	at io.netty.channel.nio.NioEventLoop.processSelectedKeysOptimized(NioEventLoop.java:724)
	at io.netty.channel.nio.NioEventLoop.processSelectedKeys(NioEventLoop.java:650)
	at io.netty.channel.nio.NioEventLoop.run(NioEventLoop.java:562)
	at io.netty.util.concurrent.SingleThreadEventExecutor$4.run(SingleThreadEventExecutor.java:997)
	at io.netty.util.internal.ThreadExecutorMap$2.run(ThreadExecutorMap.java:74)
	at io.netty.util.concurrent.FastThreadLocalRunnable.run(FastThreadLocalRunnable.java:30)
	at java.lang.Thread.run(Thread.java:748)
Caused by: com.fasterxml.jackson.databind.exc.InvalidDefinitionException: Cannot construct instance of `cn.cat.domain.strategy.model.entity.StrategyAwardEntity` (no Creators, like default constructor, exist): cannot deserialize from Object value (no delegate- or property-based Creator)
 at [Source: (io.netty.buffer.ByteBufInputStream); line: 1, column: 93] (through reference chain: java.util.ArrayList[0])
	at com.fasterxml.jackson.databind.exc.InvalidDefinitionException.from(InvalidDefinitionException.java:67)
	at com.fasterxml.jackson.databind.DeserializationContext.reportBadDefinition(DeserializationContext.java:1904)
	at com.fasterxml.jackson.databind.DatabindContext.reportBadDefinition(DatabindContext.java:400)
	at com.fasterxml.jackson.databind.DeserializationContext.handleMissingInstantiator(DeserializationContext.java:1349)
	at com.fasterxml.jackson.databind.deser.BeanDeserializerBase.deserializeFromObjectUsingNonDefault(BeanDeserializerBase.java:1415)
	at com.fasterxml.jackson.databind.deser.BeanDeserializer.deserializeFromObject(BeanDeserializer.java:352)
	at com.fasterxml.jackson.databind.deser.BeanDeserializer._deserializeOther(BeanDeserializer.java:220)
	at com.fasterxml.jackson.databind.deser.BeanDeserializer.deserialize(BeanDeserializer.java:187)
	at com.fasterxml.jackson.databind.jsontype.impl.AsPropertyTypeDeserializer._deserializeTypedForId(AsPropertyTypeDeserializer.java:144)
	at com.fasterxml.jackson.databind.jsontype.impl.AsPropertyTypeDeserializer.deserializeTypedFromObject(AsPropertyTypeDeserializer.java:110)
	at com.fasterxml.jackson.databind.jsontype.impl.AsPropertyTypeDeserializer.deserializeTypedFromAny(AsPropertyTypeDeserializer.java:213)
	at com.fasterxml.jackson.databind.deser.std.UntypedObjectDeserializer$Vanilla.deserializeWithType(UntypedObjectDeserializer.java:781)
	at com.fasterxml.jackson.databind.deser.std.CollectionDeserializer._deserializeFromArray(CollectionDeserializer.java:357)
	at com.fasterxml.jackson.databind.deser.std.CollectionDeserializer.deserialize(CollectionDeserializer.java:244)
	at com.fasterxml.jackson.databind.deser.std.CollectionDeserializer.deserialize(CollectionDeserializer.java:28)
	at com.fasterxml.jackson.databind.jsontype.impl.AsArrayTypeDeserializer._deserialize(AsArrayTypeDeserializer.java:120)
	at com.fasterxml.jackson.databind.jsontype.impl.AsArrayTypeDeserializer.deserializeTypedFromArray(AsArrayTypeDeserializer.java:53)
	at com.fasterxml.jackson.databind.jsontype.impl.AsPropertyTypeDeserializer.deserializeTypedFromAny(AsPropertyTypeDeserializer.java:211)
	at com.fasterxml.jackson.databind.deser.std.UntypedObjectDeserializer$Vanilla.deserializeWithType(UntypedObjectDeserializer.java:781)
	at com.fasterxml.jackson.databind.deser.impl.TypeWrappedDeserializer.deserialize(TypeWrappedDeserializer.java:74)
	at com.fasterxml.jackson.databind.deser.DefaultDeserializationContext.readRootValue(DefaultDeserializationContext.java:323)
	at com.fasterxml.jackson.databind.ObjectMapper._readMapAndClose(ObjectMapper.java:4674)
	at com.fasterxml.jackson.databind.ObjectMapper.readValue(ObjectMapper.java:3666)
	at org.redisson.codec.JsonJacksonCodec$2.decode(JsonJacksonCodec.java:99)
	at org.redisson.client.handler.CommandDecoder.decode(CommandDecoder.java:394)
	at org.redisson.client.handler.CommandDecoder.decodeCommand(CommandDecoder.java:205)
	at org.redisson.client.handler.CommandDecoder.decode(CommandDecoder.java:144)
	at org.redisson.client.handler.CommandDecoder.decode(CommandDecoder.java:120)
	at io.netty.handler.codec.ByteToMessageDecoder.decodeRemovalReentryProtection(ByteToMessageDecoder.java:529)
	at io.netty.handler.codec.ReplayingDecoder.callDecode(ReplayingDecoder.java:366)
	... 17 common frames omitted
24-10-29.23:30:11.573 [main            ] INFO  StrategyArmoryDispatchTest - Starting StrategyArmoryDispatchTest using Java 1.8.0_281 on catlap with PID 20680 (started by Cat in D:\IdeaWorkSpace\GagaPlus\big-market\big-market-app)
24-10-29.23:30:11.574 [main            ] INFO  StrategyArmoryDispatchTest - The following 1 profile is active: "dev"
24-10-29.23:30:12.097 [main            ] INFO  RepositoryConfigurationDelegate - Multiple Spring Data modules found, entering strict repository configuration mode
24-10-29.23:30:12.099 [main            ] INFO  RepositoryConfigurationDelegate - Bootstrapping Spring Data Redis repositories in DEFAULT mode.
24-10-29.23:30:12.123 [main            ] INFO  RepositoryConfigurationDelegate - Finished Spring Data repository scanning in 7 ms. Found 0 Redis repository interfaces.
24-10-29.23:30:13.170 [main            ] INFO  Version                - Redisson 3.23.4
24-10-29.23:30:13.666 [redisson-netty-2-4] INFO  MasterPubSubConnectionPool - 1 connections initialized for 192.168.136.129/192.168.136.129:6379
24-10-29.23:30:13.701 [redisson-netty-2-13] INFO  MasterConnectionPool   - 5 connections initialized for 192.168.136.129/192.168.136.129:6379
24-10-29.23:30:14.974 [main            ] INFO  EndpointLinksResolver  - Exposing 1 endpoint(s) beneath base path '/actuator'
24-10-29.23:30:15.024 [main            ] INFO  StrategyArmoryDispatchTest - Started StrategyArmoryDispatchTest in 3.74 seconds (JVM running for 4.284)
24-10-29.23:30:15.336 [main            ] INFO  StrategyArmoryDispatchTest - 抽奖结果：101，奖品ID
24-10-29.23:30:15.341 [main            ] INFO  StrategyArmoryDispatchTest - 抽奖结果：103，奖品ID
24-10-29.23:30:15.350 [main            ] INFO  StrategyArmoryDispatchTest - 抽奖结果：108，奖品ID
24-10-29.23:30:15.368 [main            ] INFO  StrategyArmoryDispatchTest - 抽奖结果：101，奖品ID
24-10-29.23:30:15.373 [main            ] INFO  StrategyArmoryDispatchTest - 抽奖结果：102，奖品ID
24-10-29.23:30:15.376 [main            ] INFO  StrategyArmoryDispatchTest - 抽奖结果：101，奖品ID
24-10-29.23:30:15.381 [main            ] INFO  StrategyArmoryDispatchTest - 抽奖结果：103，奖品ID
24-10-29.23:30:15.387 [main            ] INFO  StrategyArmoryDispatchTest - 抽奖结果：101，奖品ID
24-10-29.23:30:15.391 [main            ] INFO  StrategyArmoryDispatchTest - 抽奖结果：101，奖品ID
24-10-29.23:30:15.394 [main            ] INFO  StrategyArmoryDispatchTest - 抽奖结果：101，奖品ID
24-10-29.23:30:15.396 [main            ] INFO  StrategyArmoryDispatchTest - 抽奖结果：104，奖品ID
24-10-29.23:30:15.398 [main            ] INFO  StrategyArmoryDispatchTest - 抽奖结果：104，奖品ID
24-10-29.23:30:15.401 [main            ] INFO  StrategyArmoryDispatchTest - 抽奖结果：104，奖品ID
24-10-29.23:30:15.404 [main            ] INFO  StrategyArmoryDispatchTest - 抽奖结果：101，奖品ID
24-10-29.23:30:15.406 [main            ] INFO  StrategyArmoryDispatchTest - 抽奖结果：101，奖品ID
24-10-29.23:30:15.409 [main            ] INFO  StrategyArmoryDispatchTest - 抽奖结果：104，奖品ID
24-10-29.23:30:15.412 [main            ] INFO  StrategyArmoryDispatchTest - 抽奖结果：103，奖品ID
24-10-29.23:30:15.415 [main            ] INFO  StrategyArmoryDispatchTest - 抽奖结果：101，奖品ID
24-10-29.23:30:15.418 [main            ] INFO  StrategyArmoryDispatchTest - 抽奖结果：101，奖品ID
24-10-29.23:30:15.420 [main            ] INFO  StrategyArmoryDispatchTest - 抽奖结果：101，奖品ID
24-10-29.23:31:04.824 [main            ] INFO  StrategyArmoryDispatchTest - Starting StrategyArmoryDispatchTest using Java 1.8.0_281 on catlap with PID 21764 (started by Cat in D:\IdeaWorkSpace\GagaPlus\big-market\big-market-app)
24-10-29.23:31:04.825 [main            ] INFO  StrategyArmoryDispatchTest - The following 1 profile is active: "dev"
24-10-29.23:31:05.359 [main            ] INFO  RepositoryConfigurationDelegate - Multiple Spring Data modules found, entering strict repository configuration mode
24-10-29.23:31:05.362 [main            ] INFO  RepositoryConfigurationDelegate - Bootstrapping Spring Data Redis repositories in DEFAULT mode.
24-10-29.23:31:05.379 [main            ] INFO  RepositoryConfigurationDelegate - Finished Spring Data repository scanning in 7 ms. Found 0 Redis repository interfaces.
24-10-29.23:31:06.408 [main            ] INFO  Version                - Redisson 3.23.4
24-10-29.23:31:06.744 [redisson-netty-2-4] INFO  MasterPubSubConnectionPool - 1 connections initialized for 192.168.136.129/192.168.136.129:6379
24-10-29.23:31:06.766 [redisson-netty-2-13] INFO  MasterConnectionPool   - 5 connections initialized for 192.168.136.129/192.168.136.129:6379
24-10-29.23:31:07.884 [main            ] INFO  EndpointLinksResolver  - Exposing 1 endpoint(s) beneath base path '/actuator'
24-10-29.23:31:07.936 [main            ] INFO  StrategyArmoryDispatchTest - Started StrategyArmoryDispatchTest in 3.405 seconds (JVM running for 3.941)
24-10-29.23:37:01.207 [main            ] INFO  StrategyArmoryDispatchTest - Starting StrategyArmoryDispatchTest using Java 1.8.0_281 on catlap with PID 5748 (started by Cat in D:\IdeaWorkSpace\GagaPlus\big-market\big-market-app)
24-10-29.23:37:01.208 [main            ] INFO  StrategyArmoryDispatchTest - The following 1 profile is active: "dev"
24-10-29.23:37:01.755 [main            ] INFO  RepositoryConfigurationDelegate - Multiple Spring Data modules found, entering strict repository configuration mode
24-10-29.23:37:01.757 [main            ] INFO  RepositoryConfigurationDelegate - Bootstrapping Spring Data Redis repositories in DEFAULT mode.
24-10-29.23:37:01.783 [main            ] INFO  RepositoryConfigurationDelegate - Finished Spring Data repository scanning in 8 ms. Found 0 Redis repository interfaces.
24-10-29.23:37:02.826 [main            ] INFO  Version                - Redisson 3.23.4
24-10-29.23:37:03.173 [redisson-netty-2-4] INFO  MasterPubSubConnectionPool - 1 connections initialized for 192.168.136.129/192.168.136.129:6379
24-10-29.23:37:03.202 [redisson-netty-2-13] INFO  MasterConnectionPool   - 5 connections initialized for 192.168.136.129/192.168.136.129:6379
24-10-29.23:37:04.432 [main            ] INFO  EndpointLinksResolver  - Exposing 1 endpoint(s) beneath base path '/actuator'
24-10-29.23:37:04.494 [main            ] INFO  StrategyArmoryDispatchTest - Started StrategyArmoryDispatchTest in 3.58 seconds (JVM running for 4.137)
24-10-29.23:37:04.951 [main            ] INFO  HikariDataSource       - HikariPool-1 - Starting...
24-10-29.23:37:05.728 [main            ] INFO  HikariDataSource       - HikariPool-1 - Start completed.
24-10-29.23:37:05.860 [main            ] INFO  StrategyArmoryDispatchTest - 策略组装成功
24-10-29.23:37:05.876 [main            ] INFO  StrategyArmoryDispatchTest - 抽奖结果：102，奖品ID
24-10-29.23:37:05.886 [main            ] INFO  StrategyArmoryDispatchTest - 抽奖结果：101，奖品ID
24-10-29.23:37:05.903 [main            ] INFO  StrategyArmoryDispatchTest - 抽奖结果：107，奖品ID
24-10-29.23:37:05.912 [main            ] INFO  StrategyArmoryDispatchTest - 抽奖结果：101，奖品ID
24-10-29.23:37:05.918 [main            ] INFO  StrategyArmoryDispatchTest - 抽奖结果：105，奖品ID
24-10-29.23:37:05.923 [main            ] INFO  StrategyArmoryDispatchTest - 抽奖结果：104，奖品ID
24-10-29.23:37:05.927 [main            ] INFO  StrategyArmoryDispatchTest - 抽奖结果：106，奖品ID
24-10-29.23:37:05.932 [main            ] INFO  StrategyArmoryDispatchTest - 抽奖结果：101，奖品ID
24-10-29.23:37:05.939 [main            ] INFO  StrategyArmoryDispatchTest - 抽奖结果：101，奖品ID
24-10-29.23:37:05.945 [main            ] INFO  StrategyArmoryDispatchTest - 抽奖结果：106，奖品ID
24-10-29.23:37:05.950 [main            ] INFO  StrategyArmoryDispatchTest - 抽奖结果：103，奖品ID
24-10-29.23:37:05.955 [main            ] INFO  StrategyArmoryDispatchTest - 抽奖结果：102，奖品ID
24-10-29.23:37:05.960 [main            ] INFO  StrategyArmoryDispatchTest - 抽奖结果：103，奖品ID
24-10-29.23:37:05.963 [main            ] INFO  StrategyArmoryDispatchTest - 抽奖结果：101，奖品ID
24-10-29.23:37:05.967 [main            ] INFO  StrategyArmoryDispatchTest - 抽奖结果：105，奖品ID
24-10-29.23:37:05.971 [main            ] INFO  StrategyArmoryDispatchTest - 抽奖结果：101，奖品ID
24-10-29.23:37:05.974 [main            ] INFO  StrategyArmoryDispatchTest - 抽奖结果：103，奖品ID
24-10-29.23:37:05.978 [main            ] INFO  StrategyArmoryDispatchTest - 抽奖结果：101，奖品ID
24-10-29.23:37:05.982 [main            ] INFO  StrategyArmoryDispatchTest - 抽奖结果：101，奖品ID
24-10-29.23:37:05.986 [main            ] INFO  StrategyArmoryDispatchTest - 抽奖结果：103，奖品ID
24-10-29.23:37:06.018 [SpringApplicationShutdownHook] INFO  HikariDataSource       - HikariPool-1 - Shutdown initiated...
24-10-29.23:37:06.039 [SpringApplicationShutdownHook] INFO  HikariDataSource       - HikariPool-1 - Shutdown completed.
24-10-29.23:37:14.934 [main            ] INFO  StrategyArmoryDispatchTest - Starting StrategyArmoryDispatchTest using Java 1.8.0_281 on catlap with PID 18232 (started by Cat in D:\IdeaWorkSpace\GagaPlus\big-market\big-market-app)
24-10-29.23:37:14.935 [main            ] INFO  StrategyArmoryDispatchTest - The following 1 profile is active: "dev"
24-10-29.23:37:15.460 [main            ] INFO  RepositoryConfigurationDelegate - Multiple Spring Data modules found, entering strict repository configuration mode
24-10-29.23:37:15.463 [main            ] INFO  RepositoryConfigurationDelegate - Bootstrapping Spring Data Redis repositories in DEFAULT mode.
24-10-29.23:37:15.479 [main            ] INFO  RepositoryConfigurationDelegate - Finished Spring Data repository scanning in 7 ms. Found 0 Redis repository interfaces.
24-10-29.23:37:16.499 [main            ] INFO  Version                - Redisson 3.23.4
24-10-29.23:37:16.821 [redisson-netty-2-4] INFO  MasterPubSubConnectionPool - 1 connections initialized for 192.168.136.129/192.168.136.129:6379
24-10-29.23:37:16.846 [redisson-netty-2-13] INFO  MasterConnectionPool   - 5 connections initialized for 192.168.136.129/192.168.136.129:6379
24-10-29.23:37:18.082 [main            ] INFO  EndpointLinksResolver  - Exposing 1 endpoint(s) beneath base path '/actuator'
24-10-29.23:37:18.129 [main            ] INFO  StrategyArmoryDispatchTest - Started StrategyArmoryDispatchTest in 3.495 seconds (JVM running for 4.054)
24-10-29.23:37:18.576 [main            ] INFO  HikariDataSource       - HikariPool-1 - Starting...
24-10-29.23:37:19.027 [main            ] INFO  HikariDataSource       - HikariPool-1 - Start completed.
24-10-29.23:37:19.134 [main            ] INFO  StrategyArmoryDispatchTest - 策略组装成功
24-10-29.23:37:19.142 [main            ] INFO  StrategyArmoryDispatchTest - 抽奖结果：103，奖品ID
24-10-29.23:37:19.148 [main            ] INFO  StrategyArmoryDispatchTest - 抽奖结果：102，奖品ID
24-10-29.23:37:19.158 [main            ] INFO  StrategyArmoryDispatchTest - 抽奖结果：104，奖品ID
24-10-29.23:37:19.164 [main            ] INFO  StrategyArmoryDispatchTest - 抽奖结果：104，奖品ID
24-10-29.23:37:19.169 [main            ] INFO  StrategyArmoryDispatchTest - 抽奖结果：104，奖品ID
24-10-29.23:37:19.175 [main            ] INFO  StrategyArmoryDispatchTest - 抽奖结果：105，奖品ID
24-10-29.23:37:19.180 [main            ] INFO  StrategyArmoryDispatchTest - 抽奖结果：105，奖品ID
24-10-29.23:37:19.184 [main            ] INFO  StrategyArmoryDispatchTest - 抽奖结果：104，奖品ID
24-10-29.23:37:19.189 [main            ] INFO  StrategyArmoryDispatchTest - 抽奖结果：105，奖品ID
24-10-29.23:37:19.195 [main            ] INFO  StrategyArmoryDispatchTest - 抽奖结果：103，奖品ID
24-10-29.23:37:19.201 [main            ] INFO  StrategyArmoryDispatchTest - 抽奖结果：102，奖品ID
24-10-29.23:37:19.207 [main            ] INFO  StrategyArmoryDispatchTest - 抽奖结果：103，奖品ID
24-10-29.23:37:19.212 [main            ] INFO  StrategyArmoryDispatchTest - 抽奖结果：105，奖品ID
24-10-29.23:37:19.221 [main            ] INFO  StrategyArmoryDispatchTest - 抽奖结果：103，奖品ID
24-10-29.23:37:19.228 [main            ] INFO  StrategyArmoryDispatchTest - 抽奖结果：105，奖品ID
24-10-29.23:37:19.236 [main            ] INFO  StrategyArmoryDispatchTest - 抽奖结果：102，奖品ID
24-10-29.23:37:19.240 [main            ] INFO  StrategyArmoryDispatchTest - 抽奖结果：102，奖品ID
24-10-29.23:37:19.246 [main            ] INFO  StrategyArmoryDispatchTest - 抽奖结果：102，奖品ID
24-10-29.23:37:19.250 [main            ] INFO  StrategyArmoryDispatchTest - 抽奖结果：102，奖品ID
24-10-29.23:37:19.256 [main            ] INFO  StrategyArmoryDispatchTest - 抽奖结果：104，奖品ID
24-10-29.23:37:19.292 [SpringApplicationShutdownHook] INFO  HikariDataSource       - HikariPool-1 - Shutdown initiated...
24-10-29.23:37:19.301 [SpringApplicationShutdownHook] INFO  HikariDataSource       - HikariPool-1 - Shutdown completed.
