24-11-19.15:27:10.216 [main            ] INFO  RaffleOrderTest        - Starting RaffleOrderTest using Java 1.8.0_281 on catlap with PID 19852 (started by Cat in D:\IdeaWorkSpace\GagaPlus\big-market\big-market-app)
24-11-19.15:27:10.218 [main            ] INFO  RaffleOrderTest        - The following 1 profile is active: "dev"
24-11-19.15:27:11.915 [main            ] INFO  RepositoryConfigurationDelegate - Multiple Spring Data modules found, entering strict repository configuration mode
24-11-19.15:27:11.919 [main            ] INFO  RepositoryConfigurationDelegate - Bootstrapping Spring Data Redis repositories in DEFAULT mode.
24-11-19.15:27:11.972 [main            ] INFO  RepositoryConfigurationDelegate - Finished Spring Data repository scanning in 28 ms. Found 0 Redis repository interfaces.
24-11-19.15:27:15.666 [main            ] INFO  Version                - Redisson 3.23.4
24-11-19.15:27:17.065 [redisson-netty-2-4] INFO  MasterPubSubConnectionPool - 1 connections initialized for 192.168.136.129/192.168.136.129:6379
24-11-19.15:27:17.084 [redisson-netty-2-13] INFO  MasterConnectionPool   - 5 connections initialized for 192.168.136.129/192.168.136.129:6379
24-11-19.15:27:17.404 [main            ] INFO  XxlJobAutoConfig       - >>>>>>>>>>> xxl-job config init.
24-11-19.15:27:22.685 [main            ] INFO  EndpointLinksResolver  - Exposing 1 endpoint(s) beneath base path '/actuator'
24-11-19.15:27:22.767 [main            ] INFO  XxlJobExecutor         - >>>>>>>>>>> xxl-job register jobhandler success, name:updateStockHandler, jobHandler:com.xxl.job.core.handler.impl.MethodJobHandler@4c13ca07[class cn.cat.trigger.job.UpdateAwardStockJob#exec]
24-11-19.15:27:23.081 [main            ] INFO  RaffleOrderTest        - Started RaffleOrderTest in 13.546 seconds (JVM running for 15.605)
24-11-19.15:27:23.189 [Thread-8        ] INFO  EmbedServer            - >>>>>>>>>>> xxl-job remoting server start success, nettype = class com.xxl.job.core.server.EmbedServer, port = 9111
24-11-19.15:27:23.776 [main            ] INFO  HikariDataSource       - Retail_HikariCP - Starting...
24-11-19.15:27:25.051 [main            ] INFO  HikariDataSource       - Retail_HikariCP - Start completed.
24-11-19.15:27:25.305 [Thread-8        ] INFO  EmbedServer            - >>>>>>>>>>> xxl-job remoting server stop.
24-11-19.15:27:25.325 [xxl-job, executor ExecutorRegistryThread] INFO  ExecutorRegistryThread - >>>>>>>>>>> xxl-job registry-remove success, registryParam:RegistryParam{registryGroup='EXECUTOR', registryKey='update-stock-service', registryValue='http://192.168.136.1:9111/'}, registryResult:ReturnT [code=200, msg=null, content=null]
24-11-19.15:27:25.325 [xxl-job, executor ExecutorRegistryThread] INFO  ExecutorRegistryThread - >>>>>>>>>>> xxl-job, executor registry thread destroy.
24-11-19.15:27:25.325 [SpringApplicationShutdownHook] INFO  EmbedServer            - >>>>>>>>>>> xxl-job remoting server destroy success.
24-11-19.15:27:25.325 [xxl-job, executor JobLogFileCleanThread] INFO  JobLogFileCleanThread  - >>>>>>>>>>> xxl-job, executor JobLogFileCleanThread thread destroy.
24-11-19.15:27:25.326 [xxl-job, executor TriggerCallbackThread] INFO  TriggerCallbackThread  - >>>>>>>>>>> xxl-job, executor callback thread destroy.
24-11-19.15:27:25.326 [Thread-7        ] INFO  TriggerCallbackThread  - >>>>>>>>>>> xxl-job, executor retry callback thread destroy.
24-11-19.15:30:15.379 [main            ] INFO  RaffleOrderTest        - Starting RaffleOrderTest using Java 1.8.0_281 on catlap with PID 6700 (started by Cat in D:\IdeaWorkSpace\GagaPlus\big-market\big-market-app)
24-11-19.15:30:15.381 [main            ] INFO  RaffleOrderTest        - The following 1 profile is active: "dev"
24-11-19.15:30:16.649 [main            ] INFO  RepositoryConfigurationDelegate - Multiple Spring Data modules found, entering strict repository configuration mode
24-11-19.15:30:16.653 [main            ] INFO  RepositoryConfigurationDelegate - Bootstrapping Spring Data Redis repositories in DEFAULT mode.
24-11-19.15:30:16.694 [main            ] INFO  RepositoryConfigurationDelegate - Finished Spring Data repository scanning in 25 ms. Found 0 Redis repository interfaces.
24-11-19.15:30:18.983 [main            ] INFO  Version                - Redisson 3.23.4
24-11-19.15:30:19.402 [redisson-netty-2-4] INFO  MasterPubSubConnectionPool - 1 connections initialized for 192.168.136.129/192.168.136.129:6379
24-11-19.15:30:19.463 [redisson-netty-2-13] INFO  MasterConnectionPool   - 5 connections initialized for 192.168.136.129/192.168.136.129:6379
24-11-19.15:30:19.922 [main            ] INFO  XxlJobAutoConfig       - >>>>>>>>>>> xxl-job config init.
24-11-19.15:30:23.922 [main            ] INFO  EndpointLinksResolver  - Exposing 1 endpoint(s) beneath base path '/actuator'
24-11-19.15:30:24.052 [main            ] INFO  XxlJobExecutor         - >>>>>>>>>>> xxl-job register jobhandler success, name:updateStockHandler, jobHandler:com.xxl.job.core.handler.impl.MethodJobHandler@4c13ca07[class cn.cat.trigger.job.UpdateAwardStockJob#exec]
24-11-19.15:30:24.346 [main            ] INFO  RaffleOrderTest        - Started RaffleOrderTest in 9.775 seconds (JVM running for 10.598)
24-11-19.15:30:24.428 [Thread-8        ] INFO  EmbedServer            - >>>>>>>>>>> xxl-job remoting server start success, nettype = class com.xxl.job.core.server.EmbedServer, port = 9111
24-11-19.15:30:24.903 [main            ] INFO  HikariDataSource       - Retail_HikariCP - Starting...
24-11-19.15:30:25.809 [main            ] INFO  HikariDataSource       - Retail_HikariCP - Start completed.
24-11-19.15:30:25.912 [main            ] INFO  HikariDataSource       - Retail_HikariCP - Starting...
24-11-19.15:30:25.965 [main            ] INFO  HikariDataSource       - Retail_HikariCP - Start completed.
24-11-19.15:30:26.001 [main            ] INFO  RaffleOrderTest        - 测试结果：486753579534
24-11-19.15:30:26.064 [Thread-8        ] INFO  EmbedServer            - >>>>>>>>>>> xxl-job remoting server stop.
24-11-19.15:30:26.082 [xxl-job, executor ExecutorRegistryThread] INFO  ExecutorRegistryThread - >>>>>>>>>>> xxl-job registry-remove success, registryParam:RegistryParam{registryGroup='EXECUTOR', registryKey='update-stock-service', registryValue='http://192.168.136.1:9111/'}, registryResult:ReturnT [code=200, msg=null, content=null]
24-11-19.15:30:26.082 [xxl-job, executor ExecutorRegistryThread] INFO  ExecutorRegistryThread - >>>>>>>>>>> xxl-job, executor registry thread destroy.
24-11-19.15:30:26.082 [SpringApplicationShutdownHook] INFO  EmbedServer            - >>>>>>>>>>> xxl-job remoting server destroy success.
24-11-19.15:30:26.083 [xxl-job, executor JobLogFileCleanThread] INFO  JobLogFileCleanThread  - >>>>>>>>>>> xxl-job, executor JobLogFileCleanThread thread destroy.
24-11-19.15:30:26.083 [xxl-job, executor TriggerCallbackThread] INFO  TriggerCallbackThread  - >>>>>>>>>>> xxl-job, executor callback thread destroy.
24-11-19.15:30:26.084 [Thread-7        ] INFO  TriggerCallbackThread  - >>>>>>>>>>> xxl-job, executor retry callback thread destroy.
24-11-19.15:31:23.545 [main            ] INFO  RaffleOrderTest        - Starting RaffleOrderTest using Java 1.8.0_281 on catlap with PID 11016 (started by Cat in D:\IdeaWorkSpace\GagaPlus\big-market\big-market-app)
24-11-19.15:31:23.546 [main            ] INFO  RaffleOrderTest        - The following 1 profile is active: "dev"
24-11-19.15:31:24.441 [main            ] INFO  RepositoryConfigurationDelegate - Multiple Spring Data modules found, entering strict repository configuration mode
24-11-19.15:31:24.443 [main            ] INFO  RepositoryConfigurationDelegate - Bootstrapping Spring Data Redis repositories in DEFAULT mode.
24-11-19.15:31:24.469 [main            ] INFO  RepositoryConfigurationDelegate - Finished Spring Data repository scanning in 16 ms. Found 0 Redis repository interfaces.
24-11-19.15:31:26.018 [main            ] INFO  Version                - Redisson 3.23.4
24-11-19.15:31:26.444 [redisson-netty-2-4] INFO  MasterPubSubConnectionPool - 1 connections initialized for 192.168.136.129/192.168.136.129:6379
24-11-19.15:31:26.461 [redisson-netty-2-13] INFO  MasterConnectionPool   - 5 connections initialized for 192.168.136.129/192.168.136.129:6379
24-11-19.15:31:26.929 [main            ] INFO  XxlJobAutoConfig       - >>>>>>>>>>> xxl-job config init.
24-11-19.15:31:31.419 [main            ] INFO  EndpointLinksResolver  - Exposing 1 endpoint(s) beneath base path '/actuator'
24-11-19.15:31:31.544 [main            ] INFO  XxlJobExecutor         - >>>>>>>>>>> xxl-job register jobhandler success, name:updateStockHandler, jobHandler:com.xxl.job.core.handler.impl.MethodJobHandler@4c13ca07[class cn.cat.trigger.job.UpdateAwardStockJob#exec]
24-11-19.15:31:31.777 [main            ] INFO  RaffleOrderTest        - Started RaffleOrderTest in 8.754 seconds (JVM running for 9.539)
24-11-19.15:31:31.861 [Thread-8        ] INFO  EmbedServer            - >>>>>>>>>>> xxl-job remoting server start success, nettype = class com.xxl.job.core.server.EmbedServer, port = 9111
24-11-19.15:31:32.241 [main            ] INFO  HikariDataSource       - Retail_HikariCP - Starting...
24-11-19.15:31:33.082 [main            ] INFO  HikariDataSource       - Retail_HikariCP - Start completed.
24-11-19.15:31:33.192 [main            ] INFO  HikariDataSource       - Retail_HikariCP - Starting...
24-11-19.15:31:33.237 [main            ] INFO  HikariDataSource       - Retail_HikariCP - Start completed.
24-11-19.15:31:33.333 [main            ] ERROR ActivityRepository     - 写入订单记录，唯一索引冲突 userId: cat activityId: 100301 sku: 9011
org.springframework.dao.DuplicateKeyException: 
### Error updating database.  Cause: java.sql.SQLIntegrityConstraintViolationException: Duplicate entry '700091009112' for key 'raffle_activity_order_003.uq_out_business_no'
### The error may exist in file [D:\IdeaWorkSpace\GagaPlus\big-market\big-market-app\target\classes\mybatis\mapper\raffle_activity_order_mapper.xml]
### The error may involve cn.cat.infrastructure.persistent.dao.IRaffleActivityOrderDao.insert-Inline
### The error occurred while setting parameters
### SQL: insert into raffle_activity_order_003         (user_id, sku, activity_id, activity_name, strategy_id, order_id, order_time, state, out_business_no,          total_count, day_count, month_count,          create_time, update_time)         values (?, ?, ?, ?, ?, ?, ?, ?,                 ?, ?, ?, ?,                 now(), now())
### Cause: java.sql.SQLIntegrityConstraintViolationException: Duplicate entry '700091009112' for key 'raffle_activity_order_003.uq_out_business_no'
; Duplicate entry '700091009112' for key 'raffle_activity_order_003.uq_out_business_no'; nested exception is java.sql.SQLIntegrityConstraintViolationException: Duplicate entry '700091009112' for key 'raffle_activity_order_003.uq_out_business_no'
	at org.springframework.jdbc.support.SQLErrorCodeSQLExceptionTranslator.doTranslate(SQLErrorCodeSQLExceptionTranslator.java:247)
	at org.springframework.jdbc.support.AbstractFallbackSQLExceptionTranslator.translate(AbstractFallbackSQLExceptionTranslator.java:70)
	at org.mybatis.spring.MyBatisExceptionTranslator.translateExceptionIfPossible(MyBatisExceptionTranslator.java:91)
	at org.mybatis.spring.SqlSessionTemplate$SqlSessionInterceptor.invoke(SqlSessionTemplate.java:441)
	at com.sun.proxy.$Proxy102.insert(Unknown Source)
	at org.mybatis.spring.SqlSessionTemplate.insert(SqlSessionTemplate.java:272)
	at org.apache.ibatis.binding.MapperMethod.execute(MapperMethod.java:62)
	at org.apache.ibatis.binding.MapperProxy$PlainMethodInvoker.invoke(MapperProxy.java:152)
	at org.apache.ibatis.binding.MapperProxy.invoke(MapperProxy.java:85)
	at com.sun.proxy.$Proxy117.insert(Unknown Source)
	at sun.reflect.NativeMethodAccessorImpl.invoke0(Native Method)
	at sun.reflect.NativeMethodAccessorImpl.invoke(NativeMethodAccessorImpl.java:62)
	at sun.reflect.DelegatingMethodAccessorImpl.invoke(DelegatingMethodAccessorImpl.java:43)
	at java.lang.reflect.Method.invoke(Method.java:498)
	at org.springframework.aop.support.AopUtils.invokeJoinpointUsingReflection(AopUtils.java:344)
	at org.springframework.aop.framework.ReflectiveMethodInvocation.invokeJoinpoint(ReflectiveMethodInvocation.java:198)
	at org.springframework.aop.framework.ReflectiveMethodInvocation.proceed(ReflectiveMethodInvocation.java:163)
	at org.springframework.aop.interceptor.ExposeInvocationInterceptor.invoke(ExposeInvocationInterceptor.java:97)
	at org.springframework.aop.framework.ReflectiveMethodInvocation.proceed(ReflectiveMethodInvocation.java:186)
	at org.springframework.aop.framework.JdkDynamicAopProxy.invoke(JdkDynamicAopProxy.java:220)
	at com.sun.proxy.$Proxy118.insert(Unknown Source)
	at cn.cat.infrastructure.persistent.repository.ActivityRepository.lambda$doSaveOrder$0(ActivityRepository.java:117)
	at org.springframework.transaction.support.TransactionTemplate.execute(TransactionTemplate.java:140)
	at cn.cat.infrastructure.persistent.repository.ActivityRepository.doSaveOrder(ActivityRepository.java:114)
	at cn.cat.infrastructure.persistent.repository.ActivityRepository$$FastClassBySpringCGLIB$$d8d8aeb6.invoke(<generated>)
	at org.springframework.cglib.proxy.MethodProxy.invoke(MethodProxy.java:218)
	at org.springframework.aop.framework.CglibAopProxy$CglibMethodInvocation.invokeJoinpoint(CglibAopProxy.java:793)
	at org.springframework.aop.framework.ReflectiveMethodInvocation.proceed(ReflectiveMethodInvocation.java:163)
	at org.springframework.aop.framework.CglibAopProxy$CglibMethodInvocation.proceed(CglibAopProxy.java:763)
	at org.springframework.dao.support.PersistenceExceptionTranslationInterceptor.invoke(PersistenceExceptionTranslationInterceptor.java:137)
	at org.springframework.aop.framework.ReflectiveMethodInvocation.proceed(ReflectiveMethodInvocation.java:186)
	at org.springframework.aop.framework.CglibAopProxy$CglibMethodInvocation.proceed(CglibAopProxy.java:763)
	at org.springframework.aop.framework.CglibAopProxy$DynamicAdvisedInterceptor.intercept(CglibAopProxy.java:708)
	at cn.cat.infrastructure.persistent.repository.ActivityRepository$$EnhancerBySpringCGLIB$$d2da76fc.doSaveOrder(<generated>)
	at cn.cat.domain.activity.service.RaffleActivityService.doSaveOrder(RaffleActivityService.java:51)
	at cn.cat.domain.activity.service.AbstractRaffleActivity.createSkuRechargeOrder(AbstractRaffleActivity.java:63)
	at cn.cat.test.domain.activity.RaffleOrderTest.test_createSkuRechargeOrder(RaffleOrderTest.java:31)
	at sun.reflect.NativeMethodAccessorImpl.invoke0(Native Method)
	at sun.reflect.NativeMethodAccessorImpl.invoke(NativeMethodAccessorImpl.java:62)
	at sun.reflect.DelegatingMethodAccessorImpl.invoke(DelegatingMethodAccessorImpl.java:43)
	at java.lang.reflect.Method.invoke(Method.java:498)
	at org.junit.runners.model.FrameworkMethod$1.runReflectiveCall(FrameworkMethod.java:59)
	at org.junit.internal.runners.model.ReflectiveCallable.run(ReflectiveCallable.java:12)
	at org.junit.runners.model.FrameworkMethod.invokeExplosively(FrameworkMethod.java:56)
	at org.junit.internal.runners.statements.InvokeMethod.evaluate(InvokeMethod.java:17)
	at org.springframework.test.context.junit4.statements.RunBeforeTestExecutionCallbacks.evaluate(RunBeforeTestExecutionCallbacks.java:74)
	at org.springframework.test.context.junit4.statements.RunAfterTestExecutionCallbacks.evaluate(RunAfterTestExecutionCallbacks.java:84)
	at org.springframework.test.context.junit4.statements.RunBeforeTestMethodCallbacks.evaluate(RunBeforeTestMethodCallbacks.java:75)
	at org.springframework.test.context.junit4.statements.RunAfterTestMethodCallbacks.evaluate(RunAfterTestMethodCallbacks.java:86)
	at org.springframework.test.context.junit4.statements.SpringRepeat.evaluate(SpringRepeat.java:84)
	at org.junit.runners.ParentRunner.runLeaf(ParentRunner.java:366)
	at org.springframework.test.context.junit4.SpringJUnit4ClassRunner.runChild(SpringJUnit4ClassRunner.java:251)
	at org.springframework.test.context.junit4.SpringJUnit4ClassRunner.runChild(SpringJUnit4ClassRunner.java:97)
	at org.junit.runners.ParentRunner$4.run(ParentRunner.java:331)
	at org.junit.runners.ParentRunner$1.schedule(ParentRunner.java:79)
	at org.junit.runners.ParentRunner.runChildren(ParentRunner.java:329)
	at org.junit.runners.ParentRunner.access$100(ParentRunner.java:66)
	at org.junit.runners.ParentRunner$2.evaluate(ParentRunner.java:293)
	at org.springframework.test.context.junit4.statements.RunBeforeTestClassCallbacks.evaluate(RunBeforeTestClassCallbacks.java:61)
	at org.springframework.test.context.junit4.statements.RunAfterTestClassCallbacks.evaluate(RunAfterTestClassCallbacks.java:70)
	at org.junit.runners.ParentRunner$3.evaluate(ParentRunner.java:306)
	at org.junit.runners.ParentRunner.run(ParentRunner.java:413)
	at org.springframework.test.context.junit4.SpringJUnit4ClassRunner.run(SpringJUnit4ClassRunner.java:190)
	at org.junit.runner.JUnitCore.run(JUnitCore.java:137)
	at com.intellij.junit4.JUnit4IdeaTestRunner.startRunnerWithArgs(JUnit4IdeaTestRunner.java:69)
	at com.intellij.rt.junit.IdeaTestRunner$Repeater$1.execute(IdeaTestRunner.java:38)
	at com.intellij.rt.execution.junit.TestsRepeater.repeat(TestsRepeater.java:11)
	at com.intellij.rt.junit.IdeaTestRunner$Repeater.startRunnerWithArgs(IdeaTestRunner.java:35)
	at com.intellij.rt.junit.JUnitStarter.prepareStreamsAndStart(JUnitStarter.java:232)
	at com.intellij.rt.junit.JUnitStarter.main(JUnitStarter.java:55)
Caused by: java.sql.SQLIntegrityConstraintViolationException: Duplicate entry '700091009112' for key 'raffle_activity_order_003.uq_out_business_no'
	at com.mysql.cj.jdbc.exceptions.SQLError.createSQLException(SQLError.java:117)
	at com.mysql.cj.jdbc.exceptions.SQLError.createSQLException(SQLError.java:97)
	at com.mysql.cj.jdbc.exceptions.SQLExceptionsMapping.translateException(SQLExceptionsMapping.java:122)
	at com.mysql.cj.jdbc.ClientPreparedStatement.executeInternal(ClientPreparedStatement.java:953)
	at com.mysql.cj.jdbc.ClientPreparedStatement.execute(ClientPreparedStatement.java:370)
	at com.zaxxer.hikari.pool.ProxyPreparedStatement.execute(ProxyPreparedStatement.java:44)
	at com.zaxxer.hikari.pool.HikariProxyPreparedStatement.execute(HikariProxyPreparedStatement.java)
	at org.apache.ibatis.executor.statement.PreparedStatementHandler.update(PreparedStatementHandler.java:47)
	at org.apache.ibatis.executor.statement.RoutingStatementHandler.update(RoutingStatementHandler.java:74)
	at sun.reflect.NativeMethodAccessorImpl.invoke0(Native Method)
	at sun.reflect.NativeMethodAccessorImpl.invoke(NativeMethodAccessorImpl.java:62)
	at sun.reflect.DelegatingMethodAccessorImpl.invoke(DelegatingMethodAccessorImpl.java:43)
	at java.lang.reflect.Method.invoke(Method.java:498)
	at org.apache.ibatis.plugin.Plugin.invoke(Plugin.java:63)
	at com.sun.proxy.$Proxy176.update(Unknown Source)
	at org.apache.ibatis.executor.SimpleExecutor.doUpdate(SimpleExecutor.java:50)
	at org.apache.ibatis.executor.BaseExecutor.update(BaseExecutor.java:117)
	at org.apache.ibatis.executor.CachingExecutor.update(CachingExecutor.java:76)
	at org.apache.ibatis.session.defaults.DefaultSqlSession.update(DefaultSqlSession.java:197)
	at org.apache.ibatis.session.defaults.DefaultSqlSession.insert(DefaultSqlSession.java:184)
	at sun.reflect.NativeMethodAccessorImpl.invoke0(Native Method)
	at sun.reflect.NativeMethodAccessorImpl.invoke(NativeMethodAccessorImpl.java:62)
	at sun.reflect.DelegatingMethodAccessorImpl.invoke(DelegatingMethodAccessorImpl.java:43)
	at java.lang.reflect.Method.invoke(Method.java:498)
	at org.mybatis.spring.SqlSessionTemplate$SqlSessionInterceptor.invoke(SqlSessionTemplate.java:427)
	... 66 common frames omitted
24-11-19.15:31:33.426 [Thread-8        ] INFO  EmbedServer            - >>>>>>>>>>> xxl-job remoting server stop.
24-11-19.15:31:33.452 [xxl-job, executor ExecutorRegistryThread] INFO  ExecutorRegistryThread - >>>>>>>>>>> xxl-job registry-remove success, registryParam:RegistryParam{registryGroup='EXECUTOR', registryKey='update-stock-service', registryValue='http://192.168.136.1:9111/'}, registryResult:ReturnT [code=200, msg=null, content=null]
24-11-19.15:31:33.452 [xxl-job, executor ExecutorRegistryThread] INFO  ExecutorRegistryThread - >>>>>>>>>>> xxl-job, executor registry thread destroy.
24-11-19.15:31:33.452 [SpringApplicationShutdownHook] INFO  EmbedServer            - >>>>>>>>>>> xxl-job remoting server destroy success.
24-11-19.15:31:33.453 [xxl-job, executor JobLogFileCleanThread] INFO  JobLogFileCleanThread  - >>>>>>>>>>> xxl-job, executor JobLogFileCleanThread thread destroy.
24-11-19.15:31:33.454 [xxl-job, executor TriggerCallbackThread] INFO  TriggerCallbackThread  - >>>>>>>>>>> xxl-job, executor callback thread destroy.
24-11-19.15:31:33.454 [Thread-7        ] INFO  TriggerCallbackThread  - >>>>>>>>>>> xxl-job, executor retry callback thread destroy.
