24-11-02.15:27:34.053 [main            ] INFO  RaffleStrategyTest     - Starting RaffleStrategyTest using Java 1.8.0_281 on catlap with PID 20788 (started by Cat in D:\IdeaWorkSpace\GagaPlus\big-market\big-market-app)
24-11-02.15:27:34.055 [main            ] INFO  RaffleStrategyTest     - The following 1 profile is active: "dev"
24-11-02.15:27:35.365 [main            ] INFO  RepositoryConfigurationDelegate - Multiple Spring Data modules found, entering strict repository configuration mode
24-11-02.15:27:35.369 [main            ] INFO  RepositoryConfigurationDelegate - Bootstrapping Spring Data Redis repositories in DEFAULT mode.
24-11-02.15:27:35.400 [main            ] INFO  RepositoryConfigurationDelegate - Finished Spring Data repository scanning in 13 ms. Found 0 Redis repository interfaces.
24-11-02.15:27:37.323 [main            ] INFO  Version                - Redisson 3.23.4
24-11-02.15:27:37.841 [redisson-netty-2-4] INFO  MasterPubSubConnectionPool - 1 connections initialized for 192.168.136.129/192.168.136.129:6379
24-11-02.15:27:37.863 [redisson-netty-2-13] INFO  MasterConnectionPool   - 5 connections initialized for 192.168.136.129/192.168.136.129:6379
24-11-02.15:27:40.950 [main            ] INFO  EndpointLinksResolver  - Exposing 1 endpoint(s) beneath base path '/actuator'
24-11-02.15:27:41.114 [main            ] INFO  RaffleStrategyTest     - Started RaffleStrategyTest in 7.699 seconds (JVM running for 9.652)
24-11-02.15:27:41.979 [main            ] INFO  RuleBlackListLogicFilter - 规则过滤-黑名单 userId:xiaofuge strategyId:100001 ruleModel:rule_blacklist
24-11-02.15:27:42.029 [main            ] INFO  HikariDataSource       - HikariPool-1 - Starting...
24-11-02.15:27:42.981 [main            ] INFO  HikariDataSource       - HikariPool-1 - Start completed.
24-11-02.15:27:43.025 [main            ] INFO  RuleWeightListLogicFilter - 规则过滤-权重范围 userId:xiaofuge strategyId:100001 ruleModel:rule_weight
24-11-02.15:27:43.029 [main            ] INFO  RuleWeightListLogicFilter - 用户xiaofuge的积分值6500在特殊权重范围内，采取6000的抽奖策略
24-11-02.15:27:43.029 [main            ] INFO  DefaultRaffleStrategy  - 抽奖前规则过滤 userId: xiaofuge ruleModel: rule_weight code: 0001 info: 接管；后续的流程，受规则引擎执行结果影响
24-11-02.15:27:43.246 [main            ] INFO  RaffleStrategyTest     - 测试结果：{"awardId":105}
24-11-02.15:27:43.249 [main            ] INFO  RuleBlackListLogicFilter - 规则过滤-黑名单 userId:xiaofuge strategyId:100001 ruleModel:rule_blacklist
24-11-02.15:27:43.254 [main            ] INFO  RuleWeightListLogicFilter - 规则过滤-权重范围 userId:xiaofuge strategyId:100001 ruleModel:rule_weight
24-11-02.15:27:43.259 [main            ] INFO  RuleWeightListLogicFilter - 用户xiaofuge的积分值6500在特殊权重范围内，采取6000的抽奖策略
24-11-02.15:27:43.259 [main            ] INFO  DefaultRaffleStrategy  - 抽奖前规则过滤 userId: xiaofuge ruleModel: rule_weight code: 0001 info: 接管；后续的流程，受规则引擎执行结果影响
24-11-02.15:27:43.264 [main            ] INFO  RaffleStrategyTest     - 测试结果：{"awardId":107}
24-11-02.15:27:43.267 [main            ] INFO  RuleBlackListLogicFilter - 规则过滤-黑名单 userId:xiaofuge strategyId:100001 ruleModel:rule_blacklist
24-11-02.15:27:43.273 [main            ] INFO  RuleWeightListLogicFilter - 规则过滤-权重范围 userId:xiaofuge strategyId:100001 ruleModel:rule_weight
24-11-02.15:27:43.277 [main            ] INFO  RuleWeightListLogicFilter - 用户xiaofuge的积分值6500在特殊权重范围内，采取6000的抽奖策略
24-11-02.15:27:43.277 [main            ] INFO  DefaultRaffleStrategy  - 抽奖前规则过滤 userId: xiaofuge ruleModel: rule_weight code: 0001 info: 接管；后续的流程，受规则引擎执行结果影响
24-11-02.15:27:43.283 [main            ] INFO  RaffleStrategyTest     - 测试结果：{"awardId":102}
24-11-02.15:27:43.285 [main            ] INFO  RuleBlackListLogicFilter - 规则过滤-黑名单 userId:xiaofuge strategyId:100001 ruleModel:rule_blacklist
24-11-02.15:27:43.291 [main            ] INFO  RuleWeightListLogicFilter - 规则过滤-权重范围 userId:xiaofuge strategyId:100001 ruleModel:rule_weight
24-11-02.15:27:43.295 [main            ] INFO  RuleWeightListLogicFilter - 用户xiaofuge的积分值6500在特殊权重范围内，采取6000的抽奖策略
24-11-02.15:27:43.296 [main            ] INFO  DefaultRaffleStrategy  - 抽奖前规则过滤 userId: xiaofuge ruleModel: rule_weight code: 0001 info: 接管；后续的流程，受规则引擎执行结果影响
24-11-02.15:27:43.304 [main            ] INFO  RaffleStrategyTest     - 测试结果：{"awardId":102}
24-11-02.15:27:43.307 [main            ] INFO  RuleBlackListLogicFilter - 规则过滤-黑名单 userId:xiaofuge strategyId:100001 ruleModel:rule_blacklist
24-11-02.15:27:43.311 [main            ] INFO  RuleWeightListLogicFilter - 规则过滤-权重范围 userId:xiaofuge strategyId:100001 ruleModel:rule_weight
24-11-02.15:27:43.315 [main            ] INFO  RuleWeightListLogicFilter - 用户xiaofuge的积分值6500在特殊权重范围内，采取6000的抽奖策略
24-11-02.15:27:43.316 [main            ] INFO  DefaultRaffleStrategy  - 抽奖前规则过滤 userId: xiaofuge ruleModel: rule_weight code: 0001 info: 接管；后续的流程，受规则引擎执行结果影响
24-11-02.15:27:43.323 [main            ] INFO  RaffleStrategyTest     - 测试结果：{"awardId":104}
24-11-02.15:27:43.327 [main            ] INFO  RuleBlackListLogicFilter - 规则过滤-黑名单 userId:xiaofuge strategyId:100001 ruleModel:rule_blacklist
24-11-02.15:27:43.332 [main            ] INFO  RuleWeightListLogicFilter - 规则过滤-权重范围 userId:xiaofuge strategyId:100001 ruleModel:rule_weight
24-11-02.15:27:43.338 [main            ] INFO  RuleWeightListLogicFilter - 用户xiaofuge的积分值6500在特殊权重范围内，采取6000的抽奖策略
24-11-02.15:27:43.338 [main            ] INFO  DefaultRaffleStrategy  - 抽奖前规则过滤 userId: xiaofuge ruleModel: rule_weight code: 0001 info: 接管；后续的流程，受规则引擎执行结果影响
24-11-02.15:27:43.344 [main            ] INFO  RaffleStrategyTest     - 测试结果：{"awardId":103}
24-11-02.15:27:43.350 [main            ] INFO  RuleBlackListLogicFilter - 规则过滤-黑名单 userId:xiaofuge strategyId:100001 ruleModel:rule_blacklist
24-11-02.15:27:43.355 [main            ] INFO  RuleWeightListLogicFilter - 规则过滤-权重范围 userId:xiaofuge strategyId:100001 ruleModel:rule_weight
24-11-02.15:27:43.360 [main            ] INFO  RuleWeightListLogicFilter - 用户xiaofuge的积分值6500在特殊权重范围内，采取6000的抽奖策略
24-11-02.15:27:43.360 [main            ] INFO  DefaultRaffleStrategy  - 抽奖前规则过滤 userId: xiaofuge ruleModel: rule_weight code: 0001 info: 接管；后续的流程，受规则引擎执行结果影响
24-11-02.15:27:43.366 [main            ] INFO  RaffleStrategyTest     - 测试结果：{"awardId":103}
24-11-02.15:27:43.369 [main            ] INFO  RuleBlackListLogicFilter - 规则过滤-黑名单 userId:xiaofuge strategyId:100001 ruleModel:rule_blacklist
24-11-02.15:27:43.375 [main            ] INFO  RuleWeightListLogicFilter - 规则过滤-权重范围 userId:xiaofuge strategyId:100001 ruleModel:rule_weight
24-11-02.15:27:43.382 [main            ] INFO  RuleWeightListLogicFilter - 用户xiaofuge的积分值6500在特殊权重范围内，采取6000的抽奖策略
24-11-02.15:27:43.382 [main            ] INFO  DefaultRaffleStrategy  - 抽奖前规则过滤 userId: xiaofuge ruleModel: rule_weight code: 0001 info: 接管；后续的流程，受规则引擎执行结果影响
24-11-02.15:27:43.388 [main            ] INFO  RaffleStrategyTest     - 测试结果：{"awardId":103}
24-11-02.15:27:43.392 [main            ] INFO  RuleBlackListLogicFilter - 规则过滤-黑名单 userId:xiaofuge strategyId:100001 ruleModel:rule_blacklist
24-11-02.15:27:43.397 [main            ] INFO  RuleWeightListLogicFilter - 规则过滤-权重范围 userId:xiaofuge strategyId:100001 ruleModel:rule_weight
24-11-02.15:27:43.403 [main            ] INFO  RuleWeightListLogicFilter - 用户xiaofuge的积分值6500在特殊权重范围内，采取6000的抽奖策略
24-11-02.15:27:43.403 [main            ] INFO  DefaultRaffleStrategy  - 抽奖前规则过滤 userId: xiaofuge ruleModel: rule_weight code: 0001 info: 接管；后续的流程，受规则引擎执行结果影响
24-11-02.15:27:43.409 [main            ] INFO  RaffleStrategyTest     - 测试结果：{"awardId":106}
24-11-02.15:27:43.411 [main            ] INFO  RuleBlackListLogicFilter - 规则过滤-黑名单 userId:xiaofuge strategyId:100001 ruleModel:rule_blacklist
24-11-02.15:27:43.417 [main            ] INFO  RuleWeightListLogicFilter - 规则过滤-权重范围 userId:xiaofuge strategyId:100001 ruleModel:rule_weight
24-11-02.15:27:43.423 [main            ] INFO  RuleWeightListLogicFilter - 用户xiaofuge的积分值6500在特殊权重范围内，采取6000的抽奖策略
24-11-02.15:27:43.424 [main            ] INFO  DefaultRaffleStrategy  - 抽奖前规则过滤 userId: xiaofuge ruleModel: rule_weight code: 0001 info: 接管；后续的流程，受规则引擎执行结果影响
24-11-02.15:27:43.433 [main            ] INFO  RaffleStrategyTest     - 测试结果：{"awardId":103}
24-11-02.15:27:43.501 [SpringApplicationShutdownHook] INFO  HikariDataSource       - HikariPool-1 - Shutdown initiated...
24-11-02.15:27:43.512 [SpringApplicationShutdownHook] INFO  HikariDataSource       - HikariPool-1 - Shutdown completed.
24-11-02.15:28:49.455 [main            ] INFO  RaffleStrategyTest     - Starting RaffleStrategyTest using Java 1.8.0_281 on catlap with PID 19976 (started by Cat in D:\IdeaWorkSpace\GagaPlus\big-market\big-market-app)
24-11-02.15:28:49.457 [main            ] INFO  RaffleStrategyTest     - The following 1 profile is active: "dev"
24-11-02.15:28:50.206 [main            ] INFO  RepositoryConfigurationDelegate - Multiple Spring Data modules found, entering strict repository configuration mode
24-11-02.15:28:50.209 [main            ] INFO  RepositoryConfigurationDelegate - Bootstrapping Spring Data Redis repositories in DEFAULT mode.
24-11-02.15:28:50.238 [main            ] INFO  RepositoryConfigurationDelegate - Finished Spring Data repository scanning in 15 ms. Found 0 Redis repository interfaces.
24-11-02.15:28:51.859 [main            ] INFO  Version                - Redisson 3.23.4
24-11-02.15:28:52.288 [redisson-netty-2-4] INFO  MasterPubSubConnectionPool - 1 connections initialized for 192.168.136.129/192.168.136.129:6379
24-11-02.15:28:52.342 [redisson-netty-2-13] INFO  MasterConnectionPool   - 5 connections initialized for 192.168.136.129/192.168.136.129:6379
24-11-02.15:28:55.238 [main            ] INFO  EndpointLinksResolver  - Exposing 1 endpoint(s) beneath base path '/actuator'
24-11-02.15:28:55.395 [main            ] INFO  RaffleStrategyTest     - Started RaffleStrategyTest in 6.352 seconds (JVM running for 7.054)
24-11-02.15:28:56.197 [main            ] INFO  RuleBlackListLogicFilter - 规则过滤-黑名单 userId:user003 strategyId:100001 ruleModel:rule_blacklist
24-11-02.15:28:56.246 [main            ] INFO  HikariDataSource       - HikariPool-1 - Starting...
24-11-02.15:28:57.022 [main            ] INFO  HikariDataSource       - HikariPool-1 - Start completed.
24-11-02.15:28:57.061 [main            ] INFO  RuleBlackListLogicFilter - 用户被黑名单过滤 userId:user003 strategyId:100001 ruleModel:rule_blacklist
24-11-02.15:28:57.217 [main            ] INFO  RaffleStrategyTest     - 请求参数：{"strategyId":100001,"userId":"user003"}
24-11-02.15:28:57.222 [main            ] INFO  RaffleStrategyTest     - 测试结果：{"awardId":100}
24-11-02.15:28:57.273 [SpringApplicationShutdownHook] INFO  HikariDataSource       - HikariPool-1 - Shutdown initiated...
24-11-02.15:28:57.292 [SpringApplicationShutdownHook] INFO  HikariDataSource       - HikariPool-1 - Shutdown completed.
24-11-02.15:29:05.222 [main            ] INFO  RaffleStrategyTest     - Starting RaffleStrategyTest using Java 1.8.0_281 on catlap with PID 18392 (started by Cat in D:\IdeaWorkSpace\GagaPlus\big-market\big-market-app)
24-11-02.15:29:05.223 [main            ] INFO  RaffleStrategyTest     - The following 1 profile is active: "dev"
24-11-02.15:29:06.234 [main            ] INFO  RepositoryConfigurationDelegate - Multiple Spring Data modules found, entering strict repository configuration mode
24-11-02.15:29:06.238 [main            ] INFO  RepositoryConfigurationDelegate - Bootstrapping Spring Data Redis repositories in DEFAULT mode.
24-11-02.15:29:06.274 [main            ] INFO  RepositoryConfigurationDelegate - Finished Spring Data repository scanning in 19 ms. Found 0 Redis repository interfaces.
24-11-02.15:29:08.101 [main            ] INFO  Version                - Redisson 3.23.4
24-11-02.15:29:08.577 [redisson-netty-2-4] INFO  MasterPubSubConnectionPool - 1 connections initialized for 192.168.136.129/192.168.136.129:6379
24-11-02.15:29:08.608 [redisson-netty-2-13] INFO  MasterConnectionPool   - 5 connections initialized for 192.168.136.129/192.168.136.129:6379
24-11-02.15:29:11.448 [main            ] INFO  EndpointLinksResolver  - Exposing 1 endpoint(s) beneath base path '/actuator'
24-11-02.15:29:11.561 [main            ] INFO  RaffleStrategyTest     - Started RaffleStrategyTest in 6.76 seconds (JVM running for 7.497)
24-11-02.15:29:12.237 [main            ] INFO  RuleBlackListLogicFilter - 规则过滤-黑名单 userId:xiaofuge strategyId:100001 ruleModel:rule_blacklist
24-11-02.15:29:12.291 [main            ] INFO  HikariDataSource       - HikariPool-1 - Starting...
24-11-02.15:29:13.217 [main            ] INFO  HikariDataSource       - HikariPool-1 - Start completed.
24-11-02.15:29:13.256 [main            ] INFO  RuleWeightListLogicFilter - 规则过滤-权重范围 userId:xiaofuge strategyId:100001 ruleModel:rule_weight
24-11-02.15:29:13.260 [main            ] INFO  RuleWeightListLogicFilter - 用户xiaofuge的积分值6500在特殊权重范围内，采取6000的抽奖策略
24-11-02.15:29:13.260 [main            ] INFO  DefaultRaffleStrategy  - 抽奖前规则过滤 userId: xiaofuge ruleModel: rule_weight code: 0001 info: 接管；后续的流程，受规则引擎执行结果影响
24-11-02.15:29:13.433 [main            ] INFO  RaffleStrategyTest     - 测试结果：{"awardId":103}
24-11-02.15:29:13.437 [main            ] INFO  RuleBlackListLogicFilter - 规则过滤-黑名单 userId:xiaofuge strategyId:100001 ruleModel:rule_blacklist
24-11-02.15:29:13.443 [main            ] INFO  RuleWeightListLogicFilter - 规则过滤-权重范围 userId:xiaofuge strategyId:100001 ruleModel:rule_weight
24-11-02.15:29:13.448 [main            ] INFO  RuleWeightListLogicFilter - 用户xiaofuge的积分值6500在特殊权重范围内，采取6000的抽奖策略
24-11-02.15:29:13.448 [main            ] INFO  DefaultRaffleStrategy  - 抽奖前规则过滤 userId: xiaofuge ruleModel: rule_weight code: 0001 info: 接管；后续的流程，受规则引擎执行结果影响
24-11-02.15:29:13.453 [main            ] INFO  RaffleStrategyTest     - 测试结果：{"awardId":107}
24-11-02.15:29:13.456 [main            ] INFO  RuleBlackListLogicFilter - 规则过滤-黑名单 userId:xiaofuge strategyId:100001 ruleModel:rule_blacklist
24-11-02.15:29:13.460 [main            ] INFO  RuleWeightListLogicFilter - 规则过滤-权重范围 userId:xiaofuge strategyId:100001 ruleModel:rule_weight
24-11-02.15:29:13.465 [main            ] INFO  RuleWeightListLogicFilter - 用户xiaofuge的积分值6500在特殊权重范围内，采取6000的抽奖策略
24-11-02.15:29:13.465 [main            ] INFO  DefaultRaffleStrategy  - 抽奖前规则过滤 userId: xiaofuge ruleModel: rule_weight code: 0001 info: 接管；后续的流程，受规则引擎执行结果影响
24-11-02.15:29:13.471 [main            ] INFO  RaffleStrategyTest     - 测试结果：{"awardId":103}
24-11-02.15:29:13.474 [main            ] INFO  RuleBlackListLogicFilter - 规则过滤-黑名单 userId:xiaofuge strategyId:100001 ruleModel:rule_blacklist
24-11-02.15:29:13.479 [main            ] INFO  RuleWeightListLogicFilter - 规则过滤-权重范围 userId:xiaofuge strategyId:100001 ruleModel:rule_weight
24-11-02.15:29:13.485 [main            ] INFO  RuleWeightListLogicFilter - 用户xiaofuge的积分值6500在特殊权重范围内，采取6000的抽奖策略
24-11-02.15:29:13.485 [main            ] INFO  DefaultRaffleStrategy  - 抽奖前规则过滤 userId: xiaofuge ruleModel: rule_weight code: 0001 info: 接管；后续的流程，受规则引擎执行结果影响
24-11-02.15:29:13.492 [main            ] INFO  RaffleStrategyTest     - 测试结果：{"awardId":104}
24-11-02.15:29:13.495 [main            ] INFO  RuleBlackListLogicFilter - 规则过滤-黑名单 userId:xiaofuge strategyId:100001 ruleModel:rule_blacklist
24-11-02.15:29:13.500 [main            ] INFO  RuleWeightListLogicFilter - 规则过滤-权重范围 userId:xiaofuge strategyId:100001 ruleModel:rule_weight
24-11-02.15:29:13.504 [main            ] INFO  RuleWeightListLogicFilter - 用户xiaofuge的积分值6500在特殊权重范围内，采取6000的抽奖策略
24-11-02.15:29:13.505 [main            ] INFO  DefaultRaffleStrategy  - 抽奖前规则过滤 userId: xiaofuge ruleModel: rule_weight code: 0001 info: 接管；后续的流程，受规则引擎执行结果影响
24-11-02.15:29:13.511 [main            ] INFO  RaffleStrategyTest     - 测试结果：{"awardId":104}
24-11-02.15:29:13.513 [main            ] INFO  RuleBlackListLogicFilter - 规则过滤-黑名单 userId:xiaofuge strategyId:100001 ruleModel:rule_blacklist
24-11-02.15:29:13.518 [main            ] INFO  RuleWeightListLogicFilter - 规则过滤-权重范围 userId:xiaofuge strategyId:100001 ruleModel:rule_weight
24-11-02.15:29:13.523 [main            ] INFO  RuleWeightListLogicFilter - 用户xiaofuge的积分值6500在特殊权重范围内，采取6000的抽奖策略
24-11-02.15:29:13.523 [main            ] INFO  DefaultRaffleStrategy  - 抽奖前规则过滤 userId: xiaofuge ruleModel: rule_weight code: 0001 info: 接管；后续的流程，受规则引擎执行结果影响
24-11-02.15:29:13.529 [main            ] INFO  RaffleStrategyTest     - 测试结果：{"awardId":104}
24-11-02.15:29:13.533 [main            ] INFO  RuleBlackListLogicFilter - 规则过滤-黑名单 userId:xiaofuge strategyId:100001 ruleModel:rule_blacklist
24-11-02.15:29:13.538 [main            ] INFO  RuleWeightListLogicFilter - 规则过滤-权重范围 userId:xiaofuge strategyId:100001 ruleModel:rule_weight
24-11-02.15:29:13.545 [main            ] INFO  RuleWeightListLogicFilter - 用户xiaofuge的积分值6500在特殊权重范围内，采取6000的抽奖策略
24-11-02.15:29:13.546 [main            ] INFO  DefaultRaffleStrategy  - 抽奖前规则过滤 userId: xiaofuge ruleModel: rule_weight code: 0001 info: 接管；后续的流程，受规则引擎执行结果影响
24-11-02.15:29:13.556 [main            ] INFO  RaffleStrategyTest     - 测试结果：{"awardId":102}
24-11-02.15:29:13.560 [main            ] INFO  RuleBlackListLogicFilter - 规则过滤-黑名单 userId:xiaofuge strategyId:100001 ruleModel:rule_blacklist
24-11-02.15:29:13.566 [main            ] INFO  RuleWeightListLogicFilter - 规则过滤-权重范围 userId:xiaofuge strategyId:100001 ruleModel:rule_weight
24-11-02.15:29:13.572 [main            ] INFO  RuleWeightListLogicFilter - 用户xiaofuge的积分值6500在特殊权重范围内，采取6000的抽奖策略
24-11-02.15:29:13.572 [main            ] INFO  DefaultRaffleStrategy  - 抽奖前规则过滤 userId: xiaofuge ruleModel: rule_weight code: 0001 info: 接管；后续的流程，受规则引擎执行结果影响
24-11-02.15:29:13.578 [main            ] INFO  RaffleStrategyTest     - 测试结果：{"awardId":102}
24-11-02.15:29:13.582 [main            ] INFO  RuleBlackListLogicFilter - 规则过滤-黑名单 userId:xiaofuge strategyId:100001 ruleModel:rule_blacklist
24-11-02.15:29:13.587 [main            ] INFO  RuleWeightListLogicFilter - 规则过滤-权重范围 userId:xiaofuge strategyId:100001 ruleModel:rule_weight
24-11-02.15:29:13.592 [main            ] INFO  RuleWeightListLogicFilter - 用户xiaofuge的积分值6500在特殊权重范围内，采取6000的抽奖策略
24-11-02.15:29:13.592 [main            ] INFO  DefaultRaffleStrategy  - 抽奖前规则过滤 userId: xiaofuge ruleModel: rule_weight code: 0001 info: 接管；后续的流程，受规则引擎执行结果影响
24-11-02.15:29:13.597 [main            ] INFO  RaffleStrategyTest     - 测试结果：{"awardId":103}
24-11-02.15:29:13.601 [main            ] INFO  RuleBlackListLogicFilter - 规则过滤-黑名单 userId:xiaofuge strategyId:100001 ruleModel:rule_blacklist
24-11-02.15:29:13.610 [main            ] INFO  RuleWeightListLogicFilter - 规则过滤-权重范围 userId:xiaofuge strategyId:100001 ruleModel:rule_weight
24-11-02.15:29:13.616 [main            ] INFO  RuleWeightListLogicFilter - 用户xiaofuge的积分值6500在特殊权重范围内，采取6000的抽奖策略
24-11-02.15:29:13.616 [main            ] INFO  DefaultRaffleStrategy  - 抽奖前规则过滤 userId: xiaofuge ruleModel: rule_weight code: 0001 info: 接管；后续的流程，受规则引擎执行结果影响
24-11-02.15:29:13.623 [main            ] INFO  RaffleStrategyTest     - 测试结果：{"awardId":102}
24-11-02.15:29:13.677 [SpringApplicationShutdownHook] INFO  HikariDataSource       - HikariPool-1 - Shutdown initiated...
24-11-02.15:29:13.724 [SpringApplicationShutdownHook] INFO  HikariDataSource       - HikariPool-1 - Shutdown completed.
24-11-02.15:30:54.766 [main            ] INFO  RaffleStrategyTest     - Starting RaffleStrategyTest using Java 1.8.0_281 on catlap with PID 22276 (started by Cat in D:\IdeaWorkSpace\GagaPlus\big-market\big-market-app)
24-11-02.15:30:54.767 [main            ] INFO  RaffleStrategyTest     - The following 1 profile is active: "dev"
24-11-02.15:30:55.620 [main            ] INFO  RepositoryConfigurationDelegate - Multiple Spring Data modules found, entering strict repository configuration mode
24-11-02.15:30:55.623 [main            ] INFO  RepositoryConfigurationDelegate - Bootstrapping Spring Data Redis repositories in DEFAULT mode.
24-11-02.15:30:55.653 [main            ] INFO  RepositoryConfigurationDelegate - Finished Spring Data repository scanning in 16 ms. Found 0 Redis repository interfaces.
24-11-02.15:30:57.512 [main            ] INFO  Version                - Redisson 3.23.4
24-11-02.15:30:58.056 [redisson-netty-2-4] INFO  MasterPubSubConnectionPool - 1 connections initialized for 192.168.136.129/192.168.136.129:6379
24-11-02.15:30:58.091 [redisson-netty-2-13] INFO  MasterConnectionPool   - 5 connections initialized for 192.168.136.129/192.168.136.129:6379
24-11-02.15:31:01.015 [main            ] INFO  EndpointLinksResolver  - Exposing 1 endpoint(s) beneath base path '/actuator'
24-11-02.15:31:01.180 [main            ] INFO  RaffleStrategyTest     - Started RaffleStrategyTest in 6.823 seconds (JVM running for 7.495)
24-11-02.15:31:01.995 [main            ] INFO  RuleBlackListLogicFilter - 规则过滤-黑名单 userId:xiaofuge strategyId:100001 ruleModel:rule_blacklist
24-11-02.15:31:02.056 [main            ] INFO  HikariDataSource       - HikariPool-1 - Starting...
24-11-02.15:31:02.771 [main            ] INFO  HikariDataSource       - HikariPool-1 - Start completed.
24-11-02.15:31:02.816 [main            ] INFO  RuleWeightListLogicFilter - 规则过滤-权重范围 userId:xiaofuge strategyId:100001 ruleModel:rule_weight
24-11-02.15:31:02.820 [main            ] INFO  RuleWeightListLogicFilter - 用户xiaofuge的积分值6500在特殊权重范围内，采取6000的抽奖策略
24-11-02.15:31:02.821 [main            ] INFO  DefaultRaffleStrategy  - 抽奖前规则过滤 userId: xiaofuge ruleModel: rule_weight code: 0001 info: 接管；后续的流程，受规则引擎执行结果影响
24-11-02.15:31:02.996 [main            ] INFO  RaffleStrategyTest     - 测试结果：{"awardId":103}
24-11-02.15:31:03.048 [SpringApplicationShutdownHook] INFO  HikariDataSource       - HikariPool-1 - Shutdown initiated...
24-11-02.15:31:03.068 [SpringApplicationShutdownHook] INFO  HikariDataSource       - HikariPool-1 - Shutdown completed.
24-11-02.15:32:35.764 [main            ] INFO  RaffleStrategyTest     - Starting RaffleStrategyTest using Java 1.8.0_281 on catlap with PID 6404 (started by Cat in D:\IdeaWorkSpace\GagaPlus\big-market\big-market-app)
24-11-02.15:32:35.766 [main            ] INFO  RaffleStrategyTest     - The following 1 profile is active: "dev"
24-11-02.15:32:36.884 [main            ] INFO  RepositoryConfigurationDelegate - Multiple Spring Data modules found, entering strict repository configuration mode
24-11-02.15:32:36.888 [main            ] INFO  RepositoryConfigurationDelegate - Bootstrapping Spring Data Redis repositories in DEFAULT mode.
24-11-02.15:32:36.914 [main            ] INFO  RepositoryConfigurationDelegate - Finished Spring Data repository scanning in 12 ms. Found 0 Redis repository interfaces.
24-11-02.15:32:38.632 [main            ] INFO  Version                - Redisson 3.23.4
24-11-02.15:32:39.064 [redisson-netty-2-4] INFO  MasterPubSubConnectionPool - 1 connections initialized for 192.168.136.129/192.168.136.129:6379
24-11-02.15:32:39.090 [redisson-netty-2-13] INFO  MasterConnectionPool   - 5 connections initialized for 192.168.136.129/192.168.136.129:6379
24-11-02.15:32:41.926 [main            ] INFO  EndpointLinksResolver  - Exposing 1 endpoint(s) beneath base path '/actuator'
24-11-02.15:32:42.087 [main            ] INFO  RaffleStrategyTest     - Started RaffleStrategyTest in 6.965 seconds (JVM running for 7.896)
24-11-02.15:32:42.763 [main            ] INFO  HikariDataSource       - HikariPool-1 - Starting...
24-11-02.15:32:43.603 [main            ] INFO  HikariDataSource       - HikariPool-1 - Start completed.
24-11-02.15:32:43.890 [SpringApplicationShutdownHook] INFO  HikariDataSource       - HikariPool-1 - Shutdown initiated...
24-11-02.15:32:43.916 [SpringApplicationShutdownHook] INFO  HikariDataSource       - HikariPool-1 - Shutdown completed.
24-11-02.15:34:04.512 [main            ] INFO  RaffleStrategyTest     - Starting RaffleStrategyTest using Java 1.8.0_281 on catlap with PID 2008 (started by Cat in D:\IdeaWorkSpace\GagaPlus\big-market\big-market-app)
24-11-02.15:34:04.515 [main            ] INFO  RaffleStrategyTest     - The following 1 profile is active: "dev"
24-11-02.15:34:05.621 [main            ] INFO  RepositoryConfigurationDelegate - Multiple Spring Data modules found, entering strict repository configuration mode
24-11-02.15:34:05.624 [main            ] INFO  RepositoryConfigurationDelegate - Bootstrapping Spring Data Redis repositories in DEFAULT mode.
24-11-02.15:34:05.652 [main            ] INFO  RepositoryConfigurationDelegate - Finished Spring Data repository scanning in 14 ms. Found 0 Redis repository interfaces.
24-11-02.15:34:07.492 [main            ] INFO  Version                - Redisson 3.23.4
24-11-02.15:34:08.074 [redisson-netty-2-4] INFO  MasterPubSubConnectionPool - 1 connections initialized for 192.168.136.129/192.168.136.129:6379
24-11-02.15:34:08.101 [redisson-netty-2-13] INFO  MasterConnectionPool   - 5 connections initialized for 192.168.136.129/192.168.136.129:6379
24-11-02.15:34:10.951 [main            ] INFO  EndpointLinksResolver  - Exposing 1 endpoint(s) beneath base path '/actuator'
24-11-02.15:34:11.058 [main            ] INFO  RaffleStrategyTest     - Started RaffleStrategyTest in 7.186 seconds (JVM running for 7.955)
24-11-02.15:34:12.101 [main            ] INFO  HikariDataSource       - HikariPool-1 - Starting...
24-11-02.15:34:12.882 [main            ] INFO  HikariDataSource       - HikariPool-1 - Start completed.
24-11-02.15:34:13.013 [main            ] INFO  RaffleStrategyTest     - 测试结果：true
24-11-02.15:34:13.178 [SpringApplicationShutdownHook] INFO  HikariDataSource       - HikariPool-1 - Shutdown initiated...
24-11-02.15:34:13.202 [SpringApplicationShutdownHook] INFO  HikariDataSource       - HikariPool-1 - Shutdown completed.
24-11-02.15:39:07.211 [main            ] INFO  RaffleStrategyTest     - Starting RaffleStrategyTest using Java 1.8.0_281 on catlap with PID 21708 (started by Cat in D:\IdeaWorkSpace\GagaPlus\big-market\big-market-app)
24-11-02.15:39:07.212 [main            ] INFO  RaffleStrategyTest     - The following 1 profile is active: "dev"
24-11-02.15:39:08.384 [main            ] INFO  RepositoryConfigurationDelegate - Multiple Spring Data modules found, entering strict repository configuration mode
24-11-02.15:39:08.387 [main            ] INFO  RepositoryConfigurationDelegate - Bootstrapping Spring Data Redis repositories in DEFAULT mode.
24-11-02.15:39:08.416 [main            ] INFO  RepositoryConfigurationDelegate - Finished Spring Data repository scanning in 14 ms. Found 0 Redis repository interfaces.
24-11-02.15:39:10.303 [main            ] INFO  Version                - Redisson 3.23.4
24-11-02.15:39:10.860 [redisson-netty-2-4] INFO  MasterPubSubConnectionPool - 1 connections initialized for 192.168.136.129/192.168.136.129:6379
24-11-02.15:39:10.893 [redisson-netty-2-13] INFO  MasterConnectionPool   - 5 connections initialized for 192.168.136.129/192.168.136.129:6379
24-11-02.15:39:14.308 [main            ] INFO  EndpointLinksResolver  - Exposing 1 endpoint(s) beneath base path '/actuator'
24-11-02.15:39:14.431 [main            ] INFO  RaffleStrategyTest     - Started RaffleStrategyTest in 7.93 seconds (JVM running for 8.632)
24-11-02.15:39:15.521 [main            ] INFO  HikariDataSource       - HikariPool-1 - Starting...
24-11-02.15:39:16.406 [main            ] INFO  HikariDataSource       - HikariPool-1 - Start completed.
24-11-02.15:39:16.523 [main            ] INFO  RaffleStrategyTest     - 测试结果：true
24-11-02.15:39:16.545 [main            ] INFO  RaffleStrategyTest     - 测试结果：true
24-11-02.15:39:16.647 [main            ] INFO  RaffleStrategyTest     - 测试结果：true
24-11-02.15:39:16.703 [main            ] INFO  RuleLockLogicFilter    - 规则过滤-次数锁 userId:xiaofuge strategyId:100003 ruleModel:rule_lock
24-11-02.15:39:16.760 [main            ] INFO  DefaultRaffleStrategy  - 抽奖中规则过滤 userId: xiaofuge ruleModel: rule_lock code: 0001 info: 接管；后续的流程，受规则引擎执行结果影响
24-11-02.15:39:16.760 [main            ] INFO  AbstractRaffleStrategy - 【临时日志】中奖中规则拦截，通过抽奖后规则 rule_luck_award 走兜底奖励。
24-11-02.15:39:17.040 [main            ] INFO  RaffleStrategyTest     - 请求参数：{"strategyId":100003,"userId":"xiaofuge"}
24-11-02.15:39:17.047 [main            ] INFO  RaffleStrategyTest     - 测试结果：{"awardDesc":"中奖中规则拦截，通过抽奖后规则 rule_luck_award 走兜底奖励。"}
24-11-02.15:39:17.114 [SpringApplicationShutdownHook] INFO  HikariDataSource       - HikariPool-1 - Shutdown initiated...
24-11-02.15:39:17.137 [SpringApplicationShutdownHook] INFO  HikariDataSource       - HikariPool-1 - Shutdown completed.
24-11-02.15:39:42.686 [main            ] INFO  RaffleStrategyTest     - Starting RaffleStrategyTest using Java 1.8.0_281 on catlap with PID 21092 (started by Cat in D:\IdeaWorkSpace\GagaPlus\big-market\big-market-app)
24-11-02.15:39:42.687 [main            ] INFO  RaffleStrategyTest     - The following 1 profile is active: "dev"
24-11-02.15:39:43.804 [main            ] INFO  RepositoryConfigurationDelegate - Multiple Spring Data modules found, entering strict repository configuration mode
24-11-02.15:39:43.808 [main            ] INFO  RepositoryConfigurationDelegate - Bootstrapping Spring Data Redis repositories in DEFAULT mode.
24-11-02.15:39:43.841 [main            ] INFO  RepositoryConfigurationDelegate - Finished Spring Data repository scanning in 16 ms. Found 0 Redis repository interfaces.
24-11-02.15:39:45.733 [main            ] INFO  Version                - Redisson 3.23.4
24-11-02.15:39:46.335 [redisson-netty-2-5] INFO  MasterPubSubConnectionPool - 1 connections initialized for 192.168.136.129/192.168.136.129:6379
24-11-02.15:39:46.361 [redisson-netty-2-13] INFO  MasterConnectionPool   - 5 connections initialized for 192.168.136.129/192.168.136.129:6379
24-11-02.15:39:49.623 [main            ] INFO  EndpointLinksResolver  - Exposing 1 endpoint(s) beneath base path '/actuator'
24-11-02.15:39:49.736 [main            ] INFO  RaffleStrategyTest     - Started RaffleStrategyTest in 7.811 seconds (JVM running for 9.074)
24-11-02.15:39:50.661 [main            ] INFO  HikariDataSource       - HikariPool-1 - Starting...
24-11-02.15:39:51.471 [main            ] INFO  HikariDataSource       - HikariPool-1 - Start completed.
24-11-02.15:39:51.599 [main            ] INFO  RaffleStrategyTest     - 测试结果：true
24-11-02.15:39:51.623 [main            ] INFO  RaffleStrategyTest     - 测试结果：true
24-11-02.15:39:51.653 [main            ] INFO  RaffleStrategyTest     - 测试结果：true
24-11-02.15:39:51.700 [main            ] INFO  RuleLockLogicFilter    - 规则过滤-次数锁 userId:xiaofuge strategyId:100003 ruleModel:rule_lock
24-11-02.15:39:51.769 [main            ] INFO  DefaultRaffleStrategy  - 抽奖中规则过滤 userId: xiaofuge ruleModel: rule_lock code: 0000 info: 放行；执行后续的流程，不受规则引擎影响
24-11-02.15:39:52.032 [main            ] INFO  RaffleStrategyTest     - 请求参数：{"strategyId":100003,"userId":"xiaofuge"}
24-11-02.15:39:52.038 [main            ] INFO  RaffleStrategyTest     - 测试结果：{"awardId":107}
24-11-02.15:39:52.104 [SpringApplicationShutdownHook] INFO  HikariDataSource       - HikariPool-1 - Shutdown initiated...
24-11-02.15:39:52.146 [SpringApplicationShutdownHook] INFO  HikariDataSource       - HikariPool-1 - Shutdown completed.
24-11-02.20:36:11.450 [main            ] INFO  LogicChainTest         - Starting LogicChainTest using Java 1.8.0_281 on catlap with PID 7068 (started by Cat in D:\IdeaWorkSpace\GagaPlus\big-market\big-market-app)
24-11-02.20:36:11.452 [main            ] INFO  LogicChainTest         - The following 1 profile is active: "dev"
24-11-02.20:36:12.969 [main            ] INFO  RepositoryConfigurationDelegate - Multiple Spring Data modules found, entering strict repository configuration mode
24-11-02.20:36:12.973 [main            ] INFO  RepositoryConfigurationDelegate - Bootstrapping Spring Data Redis repositories in DEFAULT mode.
24-11-02.20:36:13.014 [main            ] INFO  RepositoryConfigurationDelegate - Finished Spring Data repository scanning in 17 ms. Found 0 Redis repository interfaces.
24-11-02.20:36:15.194 [main            ] INFO  Version                - Redisson 3.23.4
24-11-02.20:36:15.778 [redisson-netty-2-4] INFO  MasterPubSubConnectionPool - 1 connections initialized for 192.168.136.129/192.168.136.129:6379
24-11-02.20:36:15.814 [redisson-netty-2-13] INFO  MasterConnectionPool   - 5 connections initialized for 192.168.136.129/192.168.136.129:6379
24-11-02.20:36:19.380 [main            ] INFO  EndpointLinksResolver  - Exposing 1 endpoint(s) beneath base path '/actuator'
24-11-02.20:36:19.519 [main            ] INFO  LogicChainTest         - Started LogicChainTest in 9.02 seconds (JVM running for 10.662)
24-11-02.20:36:20.491 [main            ] INFO  DefaultLogicChain      - 抽奖责任链-默认处理 userId: user001 strategyId: 100003 ruleModel: default awardId: 108
24-11-02.20:36:20.491 [main            ] INFO  LogicChainTest         - 测试结果：108
24-11-02.20:37:07.037 [main            ] INFO  LogicChainTest         - Starting LogicChainTest using Java 1.8.0_281 on catlap with PID 20548 (started by Cat in D:\IdeaWorkSpace\GagaPlus\big-market\big-market-app)
24-11-02.20:37:07.038 [main            ] INFO  LogicChainTest         - The following 1 profile is active: "dev"
24-11-02.20:37:07.887 [main            ] INFO  RepositoryConfigurationDelegate - Multiple Spring Data modules found, entering strict repository configuration mode
24-11-02.20:37:07.890 [main            ] INFO  RepositoryConfigurationDelegate - Bootstrapping Spring Data Redis repositories in DEFAULT mode.
24-11-02.20:37:07.916 [main            ] INFO  RepositoryConfigurationDelegate - Finished Spring Data repository scanning in 13 ms. Found 0 Redis repository interfaces.
24-11-02.20:37:09.496 [main            ] INFO  Version                - Redisson 3.23.4
24-11-02.20:37:09.969 [redisson-netty-2-4] INFO  MasterPubSubConnectionPool - 1 connections initialized for 192.168.136.129/192.168.136.129:6379
24-11-02.20:37:10.002 [redisson-netty-2-13] INFO  MasterConnectionPool   - 5 connections initialized for 192.168.136.129/192.168.136.129:6379
24-11-02.20:37:13.995 [main            ] INFO  EndpointLinksResolver  - Exposing 1 endpoint(s) beneath base path '/actuator'
24-11-02.20:37:14.111 [main            ] INFO  LogicChainTest         - Started LogicChainTest in 7.574 seconds (JVM running for 8.575)
24-11-02.20:37:28.949 [main            ] INFO  DefaultLogicChain      - 抽奖责任链-默认处理 userId: user001 strategyId: 100003 ruleModel: default awardId: 107
24-11-02.20:37:28.950 [main            ] INFO  LogicChainTest         - 测试结果：107
24-11-02.20:40:11.176 [main            ] INFO  LogicChainTest         - Starting LogicChainTest using Java 1.8.0_281 on catlap with PID 23456 (started by Cat in D:\IdeaWorkSpace\GagaPlus\big-market\big-market-app)
24-11-02.20:40:11.178 [main            ] INFO  LogicChainTest         - The following 1 profile is active: "dev"
24-11-02.20:40:11.952 [main            ] INFO  RepositoryConfigurationDelegate - Multiple Spring Data modules found, entering strict repository configuration mode
24-11-02.20:40:11.956 [main            ] INFO  RepositoryConfigurationDelegate - Bootstrapping Spring Data Redis repositories in DEFAULT mode.
24-11-02.20:40:11.989 [main            ] INFO  RepositoryConfigurationDelegate - Finished Spring Data repository scanning in 17 ms. Found 0 Redis repository interfaces.
24-11-02.20:40:13.666 [main            ] INFO  Version                - Redisson 3.23.4
24-11-02.20:40:14.101 [redisson-netty-2-5] INFO  MasterPubSubConnectionPool - 1 connections initialized for 192.168.136.129/192.168.136.129:6379
24-11-02.20:40:14.142 [redisson-netty-2-13] INFO  MasterConnectionPool   - 5 connections initialized for 192.168.136.129/192.168.136.129:6379
24-11-02.20:40:17.319 [main            ] INFO  EndpointLinksResolver  - Exposing 1 endpoint(s) beneath base path '/actuator'
24-11-02.20:40:17.472 [main            ] INFO  LogicChainTest         - Started LogicChainTest in 6.73 seconds (JVM running for 7.423)
24-11-02.20:40:18.329 [main            ] INFO  RuleWeightLogicChain   - 抽奖责任链-权重开始 userId: user001 strategyId: 100001 ruleModel: rule_weight
24-11-02.20:40:18.392 [main            ] INFO  HikariDataSource       - HikariPool-1 - Starting...
24-11-02.20:40:19.396 [main            ] INFO  HikariDataSource       - HikariPool-1 - Start completed.
24-11-02.20:40:19.442 [main            ] INFO  RuleWeightLogicChain   - 抽奖责任链-权重放行 userId: user001 strategyId: 100001 ruleModel: rule_weight
24-11-02.20:40:19.442 [main            ] INFO  BlackListLogicChain    - 抽奖责任链-黑名单开始 userId: user001 strategyId: 100001 ruleModel: rule_blacklist
24-11-02.20:40:19.447 [main            ] INFO  BlackListLogicChain    - 抽奖责任链-黑名单接管 userId: user001 strategyId: 100001 ruleModel: rule_blacklist awardId: 100
24-11-02.20:40:19.447 [main            ] INFO  LogicChainTest         - 测试结果：100
24-11-02.20:40:19.486 [SpringApplicationShutdownHook] INFO  HikariDataSource       - HikariPool-1 - Shutdown initiated...
24-11-02.20:40:19.490 [SpringApplicationShutdownHook] INFO  HikariDataSource       - HikariPool-1 - Shutdown completed.
24-11-02.20:40:58.453 [main            ] INFO  LogicChainTest         - Starting LogicChainTest using Java 1.8.0_281 on catlap with PID 20828 (started by Cat in D:\IdeaWorkSpace\GagaPlus\big-market\big-market-app)
24-11-02.20:40:58.454 [main            ] INFO  LogicChainTest         - The following 1 profile is active: "dev"
24-11-02.20:40:59.168 [main            ] INFO  RepositoryConfigurationDelegate - Multiple Spring Data modules found, entering strict repository configuration mode
24-11-02.20:40:59.170 [main            ] INFO  RepositoryConfigurationDelegate - Bootstrapping Spring Data Redis repositories in DEFAULT mode.
24-11-02.20:40:59.193 [main            ] INFO  RepositoryConfigurationDelegate - Finished Spring Data repository scanning in 12 ms. Found 0 Redis repository interfaces.
24-11-02.20:41:00.381 [main            ] INFO  Version                - Redisson 3.23.4
24-11-02.20:41:00.730 [redisson-netty-2-4] INFO  MasterPubSubConnectionPool - 1 connections initialized for 192.168.136.129/192.168.136.129:6379
24-11-02.20:41:00.752 [redisson-netty-2-13] INFO  MasterConnectionPool   - 5 connections initialized for 192.168.136.129/192.168.136.129:6379
24-11-02.20:41:03.322 [main            ] INFO  EndpointLinksResolver  - Exposing 1 endpoint(s) beneath base path '/actuator'
24-11-02.20:41:03.430 [main            ] INFO  LogicChainTest         - Started LogicChainTest in 5.39 seconds (JVM running for 6.131)
24-11-02.20:41:04.155 [main            ] INFO  RuleWeightLogicChain   - 抽奖责任链-权重开始 userId: user001 strategyId: 100001 ruleModel: rule_weight
24-11-02.20:41:04.205 [main            ] INFO  HikariDataSource       - HikariPool-1 - Starting...
24-11-02.20:41:04.953 [main            ] INFO  HikariDataSource       - HikariPool-1 - Start completed.
24-11-02.20:41:04.996 [main            ] INFO  RuleWeightLogicChain   - 抽奖责任链-权重放行 userId: user001 strategyId: 100001 ruleModel: rule_weight
24-11-02.20:41:04.996 [main            ] INFO  BlackListLogicChain    - 抽奖责任链-黑名单开始 userId: user001 strategyId: 100001 ruleModel: rule_blacklist
24-11-02.20:41:04.999 [main            ] INFO  BlackListLogicChain    - 抽奖责任链-黑名单接管 userId: user001 strategyId: 100001 ruleModel: rule_blacklist awardId: 100
24-11-02.20:41:04.999 [main            ] INFO  LogicChainTest         - 测试结果：100
24-11-02.20:41:05.032 [SpringApplicationShutdownHook] INFO  HikariDataSource       - HikariPool-1 - Shutdown initiated...
24-11-02.20:41:05.035 [SpringApplicationShutdownHook] INFO  HikariDataSource       - HikariPool-1 - Shutdown completed.
24-11-02.20:41:52.551 [main            ] INFO  LogicChainTest         - Starting LogicChainTest using Java 1.8.0_281 on catlap with PID 16304 (started by Cat in D:\IdeaWorkSpace\GagaPlus\big-market\big-market-app)
24-11-02.20:41:52.552 [main            ] INFO  LogicChainTest         - The following 1 profile is active: "dev"
24-11-02.20:41:53.245 [main            ] INFO  RepositoryConfigurationDelegate - Multiple Spring Data modules found, entering strict repository configuration mode
24-11-02.20:41:53.247 [main            ] INFO  RepositoryConfigurationDelegate - Bootstrapping Spring Data Redis repositories in DEFAULT mode.
24-11-02.20:41:53.268 [main            ] INFO  RepositoryConfigurationDelegate - Finished Spring Data repository scanning in 11 ms. Found 0 Redis repository interfaces.
24-11-02.20:41:54.666 [main            ] INFO  Version                - Redisson 3.23.4
24-11-02.20:41:55.103 [redisson-netty-2-4] INFO  MasterPubSubConnectionPool - 1 connections initialized for 192.168.136.129/192.168.136.129:6379
24-11-02.20:41:55.132 [redisson-netty-2-13] INFO  MasterConnectionPool   - 5 connections initialized for 192.168.136.129/192.168.136.129:6379
24-11-02.20:41:58.105 [main            ] INFO  EndpointLinksResolver  - Exposing 1 endpoint(s) beneath base path '/actuator'
24-11-02.20:41:58.235 [main            ] INFO  LogicChainTest         - Started LogicChainTest in 6.108 seconds (JVM running for 6.802)
24-11-02.20:41:58.982 [main            ] INFO  RuleWeightLogicChain   - 抽奖责任链-权重开始 userId: xiaofuge strategyId: 100001 ruleModel: rule_weight
24-11-02.20:41:59.032 [main            ] INFO  HikariDataSource       - HikariPool-1 - Starting...
24-11-02.20:41:59.778 [main            ] INFO  HikariDataSource       - HikariPool-1 - Start completed.
24-11-02.20:41:59.832 [main            ] INFO  RuleWeightLogicChain   - 抽奖责任链-权重接管 userId: xiaofuge strategyId: 100001 ruleModel: rule_weight awardId: 103
24-11-02.20:41:59.832 [main            ] INFO  LogicChainTest         - 测试结果：103
24-11-02.20:41:59.872 [SpringApplicationShutdownHook] INFO  HikariDataSource       - HikariPool-1 - Shutdown initiated...
24-11-02.20:41:59.893 [SpringApplicationShutdownHook] INFO  HikariDataSource       - HikariPool-1 - Shutdown completed.
24-11-02.20:42:36.067 [main            ] INFO  LogicChainTest         - Starting LogicChainTest using Java 1.8.0_281 on catlap with PID 12884 (started by Cat in D:\IdeaWorkSpace\GagaPlus\big-market\big-market-app)
24-11-02.20:42:36.068 [main            ] INFO  LogicChainTest         - The following 1 profile is active: "dev"
24-11-02.20:42:36.733 [main            ] INFO  RepositoryConfigurationDelegate - Multiple Spring Data modules found, entering strict repository configuration mode
24-11-02.20:42:36.736 [main            ] INFO  RepositoryConfigurationDelegate - Bootstrapping Spring Data Redis repositories in DEFAULT mode.
24-11-02.20:42:36.758 [main            ] INFO  RepositoryConfigurationDelegate - Finished Spring Data repository scanning in 12 ms. Found 0 Redis repository interfaces.
24-11-02.20:42:38.134 [main            ] INFO  Version                - Redisson 3.23.4
24-11-02.20:42:38.670 [redisson-netty-2-4] INFO  MasterPubSubConnectionPool - 1 connections initialized for 192.168.136.129/192.168.136.129:6379
24-11-02.20:42:38.706 [redisson-netty-2-13] INFO  MasterConnectionPool   - 5 connections initialized for 192.168.136.129/192.168.136.129:6379
24-11-02.20:42:41.532 [main            ] INFO  EndpointLinksResolver  - Exposing 1 endpoint(s) beneath base path '/actuator'
24-11-02.20:42:41.679 [main            ] INFO  LogicChainTest         - Started LogicChainTest in 6.01 seconds (JVM running for 6.705)
24-11-02.20:42:42.445 [main            ] INFO  DefaultLogicChain      - 抽奖责任链-默认处理 userId: xiaofuge strategyId: 100003 ruleModel: default awardId: 107
24-11-02.20:42:42.445 [main            ] INFO  LogicChainTest         - 测试结果：107
24-11-02.20:45:53.531 [main            ] INFO  RaffleStrategyTest     - Starting RaffleStrategyTest using Java 1.8.0_281 on catlap with PID 19772 (started by Cat in D:\IdeaWorkSpace\GagaPlus\big-market\big-market-app)
24-11-02.20:45:53.532 [main            ] INFO  RaffleStrategyTest     - The following 1 profile is active: "dev"
24-11-02.20:45:54.662 [main            ] INFO  RepositoryConfigurationDelegate - Multiple Spring Data modules found, entering strict repository configuration mode
24-11-02.20:45:54.667 [main            ] INFO  RepositoryConfigurationDelegate - Bootstrapping Spring Data Redis repositories in DEFAULT mode.
24-11-02.20:45:54.717 [main            ] INFO  RepositoryConfigurationDelegate - Finished Spring Data repository scanning in 29 ms. Found 0 Redis repository interfaces.
24-11-02.20:45:56.659 [main            ] INFO  Version                - Redisson 3.23.4
24-11-02.20:45:57.109 [redisson-netty-2-4] INFO  MasterPubSubConnectionPool - 1 connections initialized for 192.168.136.129/192.168.136.129:6379
24-11-02.20:45:57.160 [redisson-netty-2-13] INFO  MasterConnectionPool   - 5 connections initialized for 192.168.136.129/192.168.136.129:6379
24-11-02.20:46:00.287 [main            ] INFO  EndpointLinksResolver  - Exposing 1 endpoint(s) beneath base path '/actuator'
24-11-02.20:46:00.449 [main            ] INFO  RaffleStrategyTest     - Started RaffleStrategyTest in 7.346 seconds (JVM running for 8.032)
24-11-02.20:46:01.256 [main            ] INFO  RuleWeightLogicChain   - 抽奖责任链-权重开始 userId: xiaofuge strategyId: 100001 ruleModel: rule_weight
24-11-02.20:46:01.303 [main            ] INFO  HikariDataSource       - HikariPool-1 - Starting...
24-11-02.20:46:02.056 [main            ] INFO  HikariDataSource       - HikariPool-1 - Start completed.
24-11-02.20:46:02.109 [main            ] INFO  RuleWeightLogicChain   - 抽奖责任链-权重放行 userId: xiaofuge strategyId: 100001 ruleModel: rule_weight
24-11-02.20:46:02.109 [main            ] INFO  BlackListLogicChain    - 抽奖责任链-黑名单开始 userId: xiaofuge strategyId: 100001 ruleModel: rule_blacklist
24-11-02.20:46:02.113 [main            ] INFO  BlackListLogicChain    - 抽奖责任链-黑名单放行 userId: xiaofuge strategyId: 100001 ruleModel: rule_blacklist
24-11-02.20:46:02.125 [main            ] INFO  DefaultLogicChain      - 抽奖责任链-默认处理 userId: xiaofuge strategyId: 100001 ruleModel: default awardId: 102
24-11-02.20:46:02.360 [main            ] INFO  RaffleStrategyTest     - 测试结果：{"awardId":102}
24-11-02.20:46:02.437 [SpringApplicationShutdownHook] INFO  HikariDataSource       - HikariPool-1 - Shutdown initiated...
24-11-02.20:46:02.468 [SpringApplicationShutdownHook] INFO  HikariDataSource       - HikariPool-1 - Shutdown completed.
